[2022-12-12 17:50:07,168 ] 17 root - INFO - >>>>>>>>>>>>>>>>>>>>>>>>>>>>>>>>>>>>>>>> Data Ingestion <<<<<<<<<<<<<<<<<<<<<<<<<<<<<<<<<<<<<<<<
[2022-12-12 17:50:07,168 ] 26 root - INFO - Exporting collection data as pandas dataframe
[2022-12-12 17:50:07,168 ] 21 root - INFO - Reading data from database: aps and collection: sensor
[2022-12-12 17:50:10,831 ] 23 root - INFO - Found columns: Index(['_id', 'class', 'aa_000', 'ab_000', 'ac_000', 'ad_000', 'ae_000',
       'af_000', 'ag_000', 'ag_001',
       ...
       'ee_002', 'ee_003', 'ee_004', 'ee_005', 'ee_006', 'ee_007', 'ee_008',
       'ee_009', 'ef_000', 'eg_000'],
      dtype='object', length=172)
[2022-12-12 17:50:10,832 ] 25 root - INFO - Dropping column: _id 
[2022-12-12 17:50:11,028 ] 27 root - INFO - Row and columns in df: (36188, 171)
[2022-12-12 17:50:11,028 ] 32 root - INFO - Save data in feature store
[2022-12-12 17:50:11,558 ] 35 root - INFO - Create feature store folder if not available
[2022-12-12 17:50:11,558 ] 39 root - INFO - Save df to feature store folder
[2022-12-12 17:50:13,947 ] 42 root - INFO - split dataset into train and test set
[2022-12-12 17:50:14,479 ] 46 root - INFO - create dataset directory folder if not available
[2022-12-12 17:50:14,479 ] 51 root - INFO - Save df to feature store folder
[2022-12-12 17:50:16,645 ] 65 root - INFO - Data ingestion artifact: DataIngestionArtifact(feature_store_file_path='/config/workspace/artifact/12122022_175007/data_ingestion/feature_store/sensor.csv', train_file_path='/config/workspace/artifact/12122022_175007/data_ingestion/dataset/train.csv', test_file_path='/config/workspace/artifact/12122022_175007/data_ingestion/dataset/test.csv')
[2022-12-12 17:50:17,102 ] 20 root - INFO - >>>>>>>>>>>>>>>>>>>>>>>>>>>>>>>>>>>>>>>> Data Validation <<<<<<<<<<<<<<<<<<<<<<<<<<<<<<<<<<<<<<<<
[2022-12-12 17:50:17,102 ] 120 root - INFO - Reading base dataframe
[2022-12-12 17:50:20,050 ] 123 root - INFO - Replace na value in base df
[2022-12-12 17:50:20,051 ] 124 root - INFO - Drop null value column from base df
