[2022-12-12 04:10:07,375 ] 17 root - INFO - >>>>>>>>>>>>>>>>>>>>>>>>>>>>>>>>>>>>>>>> Data Ingestion <<<<<<<<<<<<<<<<<<<<<<<<<<<<<<<<<<<<<<<<
[2022-12-12 04:10:07,376 ] 26 root - INFO - Exporting collection data as pandas dataframe
[2022-12-12 04:10:07,376 ] 21 root - INFO - Reading data from database: aps and collection: sensor
[2022-12-12 04:10:10,897 ] 23 root - INFO - Found columns: Index(['_id', 'class', 'aa_000', 'ab_000', 'ac_000', 'ad_000', 'ae_000',
       'af_000', 'ag_000', 'ag_001',
       ...
       'ee_002', 'ee_003', 'ee_004', 'ee_005', 'ee_006', 'ee_007', 'ee_008',
       'ee_009', 'ef_000', 'eg_000'],
      dtype='object', length=172)
[2022-12-12 04:10:10,897 ] 25 root - INFO - Dropping column: _id 
[2022-12-12 04:10:11,088 ] 27 root - INFO - Row and columns in df: (36188, 171)
[2022-12-12 04:10:11,088 ] 32 root - INFO - Save data in feature store
[2022-12-12 04:10:11,615 ] 35 root - INFO - Create feature store folder if not available
[2022-12-12 04:10:11,616 ] 39 root - INFO - Save df to feature store folder
[2022-12-12 04:10:13,910 ] 42 root - INFO - split dataset into train and test set
[2022-12-12 04:10:14,423 ] 46 root - INFO - create dataset directory folder if not available
[2022-12-12 04:10:14,424 ] 51 root - INFO - Save df to feature store folder
[2022-12-12 04:10:16,472 ] 65 root - INFO - Data ingestion artifact: DataIngestionArtifact(feature_store_file_path='/config/workspace/artifact/12122022_041007/data_ingestion/feature_store/sensor.csv', train_file_path='/config/workspace/artifact/12122022_041007/data_ingestion/dataset/train.csv', test_file_path='/config/workspace/artifact/12122022_041007/data_ingestion/dataset/test.csv')
[2022-12-12 04:10:16,863 ] 20 root - INFO - >>>>>>>>>>>>>>>>>>>>>>>>>>>>>>>>>>>>>>>> Data Validation <<<<<<<<<<<<<<<<<<<<<<<<<<<<<<<<<<<<<<<<
[2022-12-12 04:10:16,864 ] 120 root - INFO - Reading base dataframe
[2022-12-12 04:10:19,639 ] 123 root - INFO - Replace na value in base df
[2022-12-12 04:10:19,639 ] 124 root - INFO - Drop null value column from base df
[2022-12-12 04:10:20,534 ] 44 root - INFO - selecting column name which contains null above to 0.2
[2022-12-12 04:10:20,534 ] 47 root - INFO - Columns to drop : ['ab_000', 'ad_000', 'bk_000', 'bl_000', 'bm_000', 'bn_000', 'bo_000', 'bp_000', 'bq_000', 'br_000', 'cf_000', 'cg_000', 'ch_000', 'co_000', 'cr_000', 'ct_000', 'cu_000', 'cv_000', 'cx_000', 'cy_000', 'cz_000', 'da_000', 'db_000', 'dc_000']
[2022-12-12 04:10:20,634 ] 126 root - INFO - Reading train dataframe
[2022-12-12 04:10:21,018 ] 128 root - INFO - Reading test dataframe
[2022-12-12 04:10:21,892 ] 44 root - INFO - selecting column name which contains null above to 0.2
[2022-12-12 04:10:21,892 ] 47 root - INFO - Columns to drop : []
[2022-12-12 04:10:21,978 ] 132 root - INFO - Droping null value columns from train df
[2022-12-12 04:10:22,743 ] 44 root - INFO - selecting column name which contains null above to 0.2
[2022-12-12 04:10:22,744 ] 47 root - INFO - Columns to drop : []
[2022-12-12 04:10:22,815 ] 134 root - INFO - Droping null value columns from test df
[2022-12-12 04:10:28,414 ] 141 root - INFO - Is all required columns present in train df 
[2022-12-12 04:10:28,414 ] 143 root - INFO - Is all required columns present in test df
[2022-12-12 04:10:28,414 ] 147 root - INFO - As all column are available in train df hence detecting data frame
[2022-12-12 04:10:28,414 ] 88 root - INFO - Hypothesis class:object,object
[2022-12-12 04:10:28,529 ] 88 root - INFO - Hypothesis aa_000:float64,float64
[2022-12-12 04:10:28,539 ] 88 root - INFO - Hypothesis ac_000:float64,float64
[2022-12-12 04:10:28,548 ] 88 root - INFO - Hypothesis ae_000:float64,float64
[2022-12-12 04:10:28,552 ] 88 root - INFO - Hypothesis af_000:float64,float64
[2022-12-12 04:10:28,557 ] 88 root - INFO - Hypothesis ag_000:float64,float64
[2022-12-12 04:10:28,561 ] 88 root - INFO - Hypothesis ag_001:float64,float64
[2022-12-12 04:10:28,565 ] 88 root - INFO - Hypothesis ag_002:float64,float64
[2022-12-12 04:10:28,570 ] 88 root - INFO - Hypothesis ag_003:float64,float64
[2022-12-12 04:10:28,577 ] 88 root - INFO - Hypothesis ag_004:float64,float64
[2022-12-12 04:10:28,587 ] 88 root - INFO - Hypothesis ag_005:float64,float64
[2022-12-12 04:10:28,598 ] 88 root - INFO - Hypothesis ag_006:float64,float64
[2022-12-12 04:10:28,609 ] 88 root - INFO - Hypothesis ag_007:float64,float64
[2022-12-12 04:10:28,618 ] 88 root - INFO - Hypothesis ag_008:float64,float64
[2022-12-12 04:10:28,627 ] 88 root - INFO - Hypothesis ag_009:float64,float64
[2022-12-12 04:10:28,634 ] 88 root - INFO - Hypothesis ah_000:float64,float64
[2022-12-12 04:10:28,645 ] 88 root - INFO - Hypothesis ai_000:float64,float64
[2022-12-12 04:10:28,650 ] 88 root - INFO - Hypothesis aj_000:float64,float64
[2022-12-12 04:10:28,656 ] 88 root - INFO - Hypothesis ak_000:float64,float64
[2022-12-12 04:10:28,661 ] 88 root - INFO - Hypothesis al_000:float64,float64
[2022-12-12 04:10:28,668 ] 88 root - INFO - Hypothesis am_0:float64,float64
[2022-12-12 04:10:28,676 ] 88 root - INFO - Hypothesis an_000:float64,float64
[2022-12-12 04:10:28,687 ] 88 root - INFO - Hypothesis ao_000:float64,float64
[2022-12-12 04:10:28,698 ] 88 root - INFO - Hypothesis ap_000:float64,float64
[2022-12-12 04:10:28,709 ] 88 root - INFO - Hypothesis aq_000:float64,float64
[2022-12-12 04:10:28,720 ] 88 root - INFO - Hypothesis ar_000:float64,float64
[2022-12-12 04:10:28,724 ] 88 root - INFO - Hypothesis as_000:float64,float64
[2022-12-12 04:10:28,728 ] 88 root - INFO - Hypothesis at_000:float64,float64
[2022-12-12 04:10:28,734 ] 88 root - INFO - Hypothesis au_000:float64,float64
[2022-12-12 04:10:28,738 ] 88 root - INFO - Hypothesis av_000:float64,float64
[2022-12-12 04:10:28,746 ] 88 root - INFO - Hypothesis ax_000:float64,float64
[2022-12-12 04:10:28,754 ] 88 root - INFO - Hypothesis ay_000:float64,float64
[2022-12-12 04:10:28,758 ] 88 root - INFO - Hypothesis ay_001:float64,float64
[2022-12-12 04:10:28,763 ] 88 root - INFO - Hypothesis ay_002:float64,float64
[2022-12-12 04:10:28,767 ] 88 root - INFO - Hypothesis ay_003:float64,float64
[2022-12-12 04:10:28,772 ] 88 root - INFO - Hypothesis ay_004:float64,float64
[2022-12-12 04:10:28,776 ] 88 root - INFO - Hypothesis ay_005:float64,float64
[2022-12-12 04:10:28,784 ] 88 root - INFO - Hypothesis ay_006:float64,float64
[2022-12-12 04:10:28,794 ] 88 root - INFO - Hypothesis ay_007:float64,float64
[2022-12-12 04:10:28,804 ] 88 root - INFO - Hypothesis ay_008:float64,float64
[2022-12-12 04:10:28,815 ] 88 root - INFO - Hypothesis ay_009:float64,float64
[2022-12-12 04:10:28,819 ] 88 root - INFO - Hypothesis az_000:float64,float64
[2022-12-12 04:10:28,829 ] 88 root - INFO - Hypothesis az_001:float64,float64
[2022-12-12 04:10:28,839 ] 88 root - INFO - Hypothesis az_002:float64,float64
[2022-12-12 04:10:28,848 ] 88 root - INFO - Hypothesis az_003:float64,float64
[2022-12-12 04:10:28,859 ] 88 root - INFO - Hypothesis az_004:float64,float64
[2022-12-12 04:10:28,870 ] 88 root - INFO - Hypothesis az_005:float64,float64
[2022-12-12 04:10:28,881 ] 88 root - INFO - Hypothesis az_006:float64,float64
[2022-12-12 04:10:28,890 ] 88 root - INFO - Hypothesis az_007:float64,float64
[2022-12-12 04:10:28,896 ] 88 root - INFO - Hypothesis az_008:float64,float64
[2022-12-12 04:10:28,901 ] 88 root - INFO - Hypothesis az_009:float64,float64
[2022-12-12 04:10:28,905 ] 88 root - INFO - Hypothesis ba_000:float64,float64
[2022-12-12 04:10:28,916 ] 88 root - INFO - Hypothesis ba_001:float64,float64
[2022-12-12 04:10:28,927 ] 88 root - INFO - Hypothesis ba_002:float64,float64
[2022-12-12 04:10:28,938 ] 88 root - INFO - Hypothesis ba_003:float64,float64
[2022-12-12 04:10:28,949 ] 88 root - INFO - Hypothesis ba_004:float64,float64
[2022-12-12 04:10:28,959 ] 88 root - INFO - Hypothesis ba_005:float64,float64
[2022-12-12 04:10:28,970 ] 88 root - INFO - Hypothesis ba_006:float64,float64
[2022-12-12 04:10:28,980 ] 88 root - INFO - Hypothesis ba_007:float64,float64
[2022-12-12 04:10:28,991 ] 88 root - INFO - Hypothesis ba_008:float64,float64
[2022-12-12 04:10:28,999 ] 88 root - INFO - Hypothesis ba_009:float64,float64
[2022-12-12 04:10:29,006 ] 88 root - INFO - Hypothesis bb_000:float64,float64
[2022-12-12 04:10:29,017 ] 88 root - INFO - Hypothesis bc_000:float64,float64
[2022-12-12 04:10:29,025 ] 88 root - INFO - Hypothesis bd_000:float64,float64
[2022-12-12 04:10:29,034 ] 88 root - INFO - Hypothesis be_000:float64,float64
[2022-12-12 04:10:29,043 ] 88 root - INFO - Hypothesis bf_000:float64,float64
[2022-12-12 04:10:29,051 ] 88 root - INFO - Hypothesis bg_000:float64,float64
[2022-12-12 04:10:29,062 ] 88 root - INFO - Hypothesis bh_000:float64,float64
[2022-12-12 04:10:29,073 ] 88 root - INFO - Hypothesis bi_000:float64,float64
[2022-12-12 04:10:29,084 ] 88 root - INFO - Hypothesis bj_000:float64,float64
[2022-12-12 04:10:29,095 ] 88 root - INFO - Hypothesis bs_000:float64,float64
[2022-12-12 04:10:29,106 ] 88 root - INFO - Hypothesis bt_000:float64,float64
[2022-12-12 04:10:29,116 ] 88 root - INFO - Hypothesis bu_000:float64,float64
[2022-12-12 04:10:29,127 ] 88 root - INFO - Hypothesis bv_000:float64,float64
[2022-12-12 04:10:29,138 ] 88 root - INFO - Hypothesis bx_000:float64,float64
[2022-12-12 04:10:29,148 ] 88 root - INFO - Hypothesis by_000:float64,float64
[2022-12-12 04:10:29,159 ] 88 root - INFO - Hypothesis bz_000:float64,float64
[2022-12-12 04:10:29,168 ] 88 root - INFO - Hypothesis ca_000:float64,float64
[2022-12-12 04:10:29,179 ] 88 root - INFO - Hypothesis cb_000:float64,float64
[2022-12-12 04:10:29,190 ] 88 root - INFO - Hypothesis cc_000:float64,float64
[2022-12-12 04:10:29,201 ] 88 root - INFO - Hypothesis cd_000:float64,float64
[2022-12-12 04:10:29,206 ] 88 root - INFO - Hypothesis ce_000:float64,float64
[2022-12-12 04:10:29,215 ] 88 root - INFO - Hypothesis ci_000:float64,float64
[2022-12-12 04:10:29,226 ] 88 root - INFO - Hypothesis cj_000:float64,float64
[2022-12-12 04:10:29,232 ] 88 root - INFO - Hypothesis ck_000:float64,float64
[2022-12-12 04:10:29,243 ] 88 root - INFO - Hypothesis cl_000:float64,float64
[2022-12-12 04:10:29,249 ] 88 root - INFO - Hypothesis cm_000:float64,float64
[2022-12-12 04:10:29,256 ] 88 root - INFO - Hypothesis cn_000:float64,float64
[2022-12-12 04:10:29,261 ] 88 root - INFO - Hypothesis cn_001:float64,float64
[2022-12-12 04:10:29,267 ] 88 root - INFO - Hypothesis cn_002:float64,float64
[2022-12-12 04:10:29,275 ] 88 root - INFO - Hypothesis cn_003:float64,float64
[2022-12-12 04:10:29,287 ] 88 root - INFO - Hypothesis cn_004:float64,float64
[2022-12-12 04:10:29,298 ] 88 root - INFO - Hypothesis cn_005:float64,float64
[2022-12-12 04:10:29,309 ] 88 root - INFO - Hypothesis cn_006:float64,float64
[2022-12-12 04:10:29,319 ] 88 root - INFO - Hypothesis cn_007:float64,float64
[2022-12-12 04:10:29,329 ] 88 root - INFO - Hypothesis cn_008:float64,float64
[2022-12-12 04:10:29,339 ] 88 root - INFO - Hypothesis cn_009:float64,float64
[2022-12-12 04:10:29,347 ] 88 root - INFO - Hypothesis cp_000:float64,float64
[2022-12-12 04:10:29,357 ] 88 root - INFO - Hypothesis cq_000:float64,float64
[2022-12-12 04:10:29,368 ] 88 root - INFO - Hypothesis cs_000:float64,float64
[2022-12-12 04:10:29,379 ] 88 root - INFO - Hypothesis cs_001:float64,float64
[2022-12-12 04:10:29,388 ] 88 root - INFO - Hypothesis cs_002:float64,float64
[2022-12-12 04:10:29,398 ] 88 root - INFO - Hypothesis cs_003:float64,float64
[2022-12-12 04:10:29,409 ] 88 root - INFO - Hypothesis cs_004:float64,float64
[2022-12-12 04:10:29,420 ] 88 root - INFO - Hypothesis cs_005:float64,float64
[2022-12-12 04:10:29,431 ] 88 root - INFO - Hypothesis cs_006:float64,float64
[2022-12-12 04:10:29,442 ] 88 root - INFO - Hypothesis cs_007:float64,float64
[2022-12-12 04:10:29,453 ] 88 root - INFO - Hypothesis cs_008:float64,float64
[2022-12-12 04:10:29,461 ] 88 root - INFO - Hypothesis cs_009:float64,float64
[2022-12-12 04:10:29,466 ] 88 root - INFO - Hypothesis dd_000:float64,float64
[2022-12-12 04:10:29,476 ] 88 root - INFO - Hypothesis de_000:float64,float64
[2022-12-12 04:10:29,484 ] 88 root - INFO - Hypothesis df_000:float64,float64
[2022-12-12 04:10:29,489 ] 88 root - INFO - Hypothesis dg_000:float64,float64
[2022-12-12 04:10:29,494 ] 88 root - INFO - Hypothesis dh_000:float64,float64
[2022-12-12 04:10:29,499 ] 88 root - INFO - Hypothesis di_000:float64,float64
[2022-12-12 04:10:29,505 ] 88 root - INFO - Hypothesis dj_000:float64,float64
[2022-12-12 04:10:29,510 ] 88 root - INFO - Hypothesis dk_000:float64,float64
[2022-12-12 04:10:29,514 ] 88 root - INFO - Hypothesis dl_000:float64,float64
[2022-12-12 04:10:29,519 ] 88 root - INFO - Hypothesis dm_000:float64,float64
[2022-12-12 04:10:29,524 ] 88 root - INFO - Hypothesis dn_000:float64,float64
[2022-12-12 04:10:29,535 ] 88 root - INFO - Hypothesis do_000:float64,float64
[2022-12-12 04:10:29,544 ] 88 root - INFO - Hypothesis dp_000:float64,float64
[2022-12-12 04:10:29,554 ] 88 root - INFO - Hypothesis dq_000:float64,float64
[2022-12-12 04:10:29,560 ] 88 root - INFO - Hypothesis dr_000:float64,float64
[2022-12-12 04:10:29,567 ] 88 root - INFO - Hypothesis ds_000:float64,float64
[2022-12-12 04:10:29,577 ] 88 root - INFO - Hypothesis dt_000:float64,float64
[2022-12-12 04:10:29,588 ] 88 root - INFO - Hypothesis du_000:float64,float64
[2022-12-12 04:10:29,598 ] 88 root - INFO - Hypothesis dv_000:float64,float64
[2022-12-12 04:10:29,608 ] 88 root - INFO - Hypothesis dx_000:float64,float64
[2022-12-12 04:10:29,619 ] 88 root - INFO - Hypothesis dy_000:float64,float64
[2022-12-12 04:10:29,626 ] 88 root - INFO - Hypothesis dz_000:float64,float64
[2022-12-12 04:10:29,631 ] 88 root - INFO - Hypothesis ea_000:float64,float64
[2022-12-12 04:10:29,635 ] 88 root - INFO - Hypothesis eb_000:float64,float64
[2022-12-12 04:10:29,644 ] 88 root - INFO - Hypothesis ec_00:float64,float64
[2022-12-12 04:10:29,654 ] 88 root - INFO - Hypothesis ed_000:float64,float64
[2022-12-12 04:10:29,663 ] 88 root - INFO - Hypothesis ee_000:float64,float64
[2022-12-12 04:10:29,674 ] 88 root - INFO - Hypothesis ee_001:float64,float64
[2022-12-12 04:10:29,685 ] 88 root - INFO - Hypothesis ee_002:float64,float64
[2022-12-12 04:10:29,696 ] 88 root - INFO - Hypothesis ee_003:float64,float64
[2022-12-12 04:10:29,707 ] 88 root - INFO - Hypothesis ee_004:float64,float64
[2022-12-12 04:10:29,717 ] 88 root - INFO - Hypothesis ee_005:float64,float64
[2022-12-12 04:10:29,728 ] 88 root - INFO - Hypothesis ee_006:float64,float64
[2022-12-12 04:10:29,738 ] 88 root - INFO - Hypothesis ee_007:float64,float64
[2022-12-12 04:10:29,748 ] 88 root - INFO - Hypothesis ee_008:float64,float64
[2022-12-12 04:10:29,757 ] 88 root - INFO - Hypothesis ee_009:float64,float64
[2022-12-12 04:10:29,765 ] 88 root - INFO - Hypothesis ef_000:float64,float64
[2022-12-12 04:10:29,770 ] 88 root - INFO - Hypothesis eg_000:float64,float64
[2022-12-12 04:10:29,774 ] 151 root - INFO - As all column are available in test df hence detecting data frame
[2022-12-12 04:10:29,774 ] 88 root - INFO - Hypothesis class:object,object
[2022-12-12 04:10:29,889 ] 88 root - INFO - Hypothesis aa_000:float64,float64
[2022-12-12 04:10:29,900 ] 88 root - INFO - Hypothesis ac_000:float64,float64
[2022-12-12 04:10:29,908 ] 88 root - INFO - Hypothesis ae_000:float64,float64
[2022-12-12 04:10:29,913 ] 88 root - INFO - Hypothesis af_000:float64,float64
[2022-12-12 04:10:29,917 ] 88 root - INFO - Hypothesis ag_000:float64,float64
[2022-12-12 04:10:29,922 ] 88 root - INFO - Hypothesis ag_001:float64,float64
[2022-12-12 04:10:29,926 ] 88 root - INFO - Hypothesis ag_002:float64,float64
[2022-12-12 04:10:29,931 ] 88 root - INFO - Hypothesis ag_003:float64,float64
[2022-12-12 04:10:29,937 ] 88 root - INFO - Hypothesis ag_004:float64,float64
[2022-12-12 04:10:29,947 ] 88 root - INFO - Hypothesis ag_005:float64,float64
[2022-12-12 04:10:29,958 ] 88 root - INFO - Hypothesis ag_006:float64,float64
[2022-12-12 04:10:29,969 ] 88 root - INFO - Hypothesis ag_007:float64,float64
[2022-12-12 04:10:29,979 ] 88 root - INFO - Hypothesis ag_008:float64,float64
[2022-12-12 04:10:29,987 ] 88 root - INFO - Hypothesis ag_009:float64,float64
[2022-12-12 04:10:29,994 ] 88 root - INFO - Hypothesis ah_000:float64,float64
[2022-12-12 04:10:30,005 ] 88 root - INFO - Hypothesis ai_000:float64,float64
[2022-12-12 04:10:30,010 ] 88 root - INFO - Hypothesis aj_000:float64,float64
[2022-12-12 04:10:30,016 ] 88 root - INFO - Hypothesis ak_000:float64,float64
[2022-12-12 04:10:30,021 ] 88 root - INFO - Hypothesis al_000:float64,float64
[2022-12-12 04:10:30,028 ] 88 root - INFO - Hypothesis am_0:float64,float64
[2022-12-12 04:10:30,037 ] 88 root - INFO - Hypothesis an_000:float64,float64
[2022-12-12 04:10:30,049 ] 88 root - INFO - Hypothesis ao_000:float64,float64
[2022-12-12 04:10:30,060 ] 88 root - INFO - Hypothesis ap_000:float64,float64
[2022-12-12 04:10:30,071 ] 88 root - INFO - Hypothesis aq_000:float64,float64
[2022-12-12 04:10:30,082 ] 88 root - INFO - Hypothesis ar_000:float64,float64
[2022-12-12 04:10:30,087 ] 88 root - INFO - Hypothesis as_000:float64,float64
[2022-12-12 04:10:30,091 ] 88 root - INFO - Hypothesis at_000:float64,float64
[2022-12-12 04:10:30,096 ] 88 root - INFO - Hypothesis au_000:float64,float64
[2022-12-12 04:10:30,100 ] 88 root - INFO - Hypothesis av_000:float64,float64
[2022-12-12 04:10:30,109 ] 88 root - INFO - Hypothesis ax_000:float64,float64
[2022-12-12 04:10:30,117 ] 88 root - INFO - Hypothesis ay_000:float64,float64
[2022-12-12 04:10:30,121 ] 88 root - INFO - Hypothesis ay_001:float64,float64
[2022-12-12 04:10:30,126 ] 88 root - INFO - Hypothesis ay_002:float64,float64
[2022-12-12 04:10:30,130 ] 88 root - INFO - Hypothesis ay_003:float64,float64
[2022-12-12 04:10:30,135 ] 88 root - INFO - Hypothesis ay_004:float64,float64
[2022-12-12 04:10:30,139 ] 88 root - INFO - Hypothesis ay_005:float64,float64
[2022-12-12 04:10:30,147 ] 88 root - INFO - Hypothesis ay_006:float64,float64
[2022-12-12 04:10:30,157 ] 88 root - INFO - Hypothesis ay_007:float64,float64
[2022-12-12 04:10:30,167 ] 88 root - INFO - Hypothesis ay_008:float64,float64
[2022-12-12 04:10:30,178 ] 88 root - INFO - Hypothesis ay_009:float64,float64
[2022-12-12 04:10:30,182 ] 88 root - INFO - Hypothesis az_000:float64,float64
[2022-12-12 04:10:30,192 ] 88 root - INFO - Hypothesis az_001:float64,float64
[2022-12-12 04:10:30,202 ] 88 root - INFO - Hypothesis az_002:float64,float64
[2022-12-12 04:10:30,211 ] 88 root - INFO - Hypothesis az_003:float64,float64
[2022-12-12 04:10:30,222 ] 88 root - INFO - Hypothesis az_004:float64,float64
[2022-12-12 04:10:30,233 ] 88 root - INFO - Hypothesis az_005:float64,float64
[2022-12-12 04:10:30,244 ] 88 root - INFO - Hypothesis az_006:float64,float64
[2022-12-12 04:10:30,253 ] 88 root - INFO - Hypothesis az_007:float64,float64
[2022-12-12 04:10:30,259 ] 88 root - INFO - Hypothesis az_008:float64,float64
[2022-12-12 04:10:30,264 ] 88 root - INFO - Hypothesis az_009:float64,float64
[2022-12-12 04:10:30,268 ] 88 root - INFO - Hypothesis ba_000:float64,float64
[2022-12-12 04:10:30,279 ] 88 root - INFO - Hypothesis ba_001:float64,float64
[2022-12-12 04:10:30,290 ] 88 root - INFO - Hypothesis ba_002:float64,float64
[2022-12-12 04:10:30,301 ] 88 root - INFO - Hypothesis ba_003:float64,float64
[2022-12-12 04:10:30,312 ] 88 root - INFO - Hypothesis ba_004:float64,float64
[2022-12-12 04:10:30,323 ] 88 root - INFO - Hypothesis ba_005:float64,float64
[2022-12-12 04:10:30,333 ] 88 root - INFO - Hypothesis ba_006:float64,float64
[2022-12-12 04:10:30,344 ] 88 root - INFO - Hypothesis ba_007:float64,float64
[2022-12-12 04:10:30,353 ] 88 root - INFO - Hypothesis ba_008:float64,float64
[2022-12-12 04:10:30,361 ] 88 root - INFO - Hypothesis ba_009:float64,float64
[2022-12-12 04:10:30,368 ] 88 root - INFO - Hypothesis bb_000:float64,float64
[2022-12-12 04:10:30,379 ] 88 root - INFO - Hypothesis bc_000:float64,float64
[2022-12-12 04:10:30,387 ] 88 root - INFO - Hypothesis bd_000:float64,float64
[2022-12-12 04:10:30,395 ] 88 root - INFO - Hypothesis be_000:float64,float64
[2022-12-12 04:10:30,404 ] 88 root - INFO - Hypothesis bf_000:float64,float64
[2022-12-12 04:10:30,411 ] 88 root - INFO - Hypothesis bg_000:float64,float64
[2022-12-12 04:10:30,422 ] 88 root - INFO - Hypothesis bh_000:float64,float64
[2022-12-12 04:10:30,432 ] 88 root - INFO - Hypothesis bi_000:float64,float64
[2022-12-12 04:10:30,443 ] 88 root - INFO - Hypothesis bj_000:float64,float64
[2022-12-12 04:10:30,454 ] 88 root - INFO - Hypothesis bs_000:float64,float64
[2022-12-12 04:10:30,465 ] 88 root - INFO - Hypothesis bt_000:float64,float64
[2022-12-12 04:10:30,477 ] 88 root - INFO - Hypothesis bu_000:float64,float64
[2022-12-12 04:10:30,487 ] 88 root - INFO - Hypothesis bv_000:float64,float64
[2022-12-12 04:10:30,498 ] 88 root - INFO - Hypothesis bx_000:float64,float64
[2022-12-12 04:10:30,508 ] 88 root - INFO - Hypothesis by_000:float64,float64
[2022-12-12 04:10:30,519 ] 88 root - INFO - Hypothesis bz_000:float64,float64
[2022-12-12 04:10:30,529 ] 88 root - INFO - Hypothesis ca_000:float64,float64
[2022-12-12 04:10:30,539 ] 88 root - INFO - Hypothesis cb_000:float64,float64
[2022-12-12 04:10:30,551 ] 88 root - INFO - Hypothesis cc_000:float64,float64
[2022-12-12 04:10:30,561 ] 88 root - INFO - Hypothesis cd_000:float64,float64
[2022-12-12 04:10:30,566 ] 88 root - INFO - Hypothesis ce_000:float64,float64
[2022-12-12 04:10:30,576 ] 88 root - INFO - Hypothesis ci_000:float64,float64
[2022-12-12 04:10:30,586 ] 88 root - INFO - Hypothesis cj_000:float64,float64
[2022-12-12 04:10:30,592 ] 88 root - INFO - Hypothesis ck_000:float64,float64
[2022-12-12 04:10:30,603 ] 88 root - INFO - Hypothesis cl_000:float64,float64
[2022-12-12 04:10:30,609 ] 88 root - INFO - Hypothesis cm_000:float64,float64
[2022-12-12 04:10:30,616 ] 88 root - INFO - Hypothesis cn_000:float64,float64
[2022-12-12 04:10:30,621 ] 88 root - INFO - Hypothesis cn_001:float64,float64
[2022-12-12 04:10:30,627 ] 88 root - INFO - Hypothesis cn_002:float64,float64
[2022-12-12 04:10:30,635 ] 88 root - INFO - Hypothesis cn_003:float64,float64
[2022-12-12 04:10:30,646 ] 88 root - INFO - Hypothesis cn_004:float64,float64
[2022-12-12 04:10:30,657 ] 88 root - INFO - Hypothesis cn_005:float64,float64
[2022-12-12 04:10:30,667 ] 88 root - INFO - Hypothesis cn_006:float64,float64
[2022-12-12 04:10:30,678 ] 88 root - INFO - Hypothesis cn_007:float64,float64
[2022-12-12 04:10:30,688 ] 88 root - INFO - Hypothesis cn_008:float64,float64
[2022-12-12 04:10:30,697 ] 88 root - INFO - Hypothesis cn_009:float64,float64
[2022-12-12 04:10:30,705 ] 88 root - INFO - Hypothesis cp_000:float64,float64
[2022-12-12 04:10:30,713 ] 88 root - INFO - Hypothesis cq_000:float64,float64
[2022-12-12 04:10:30,724 ] 88 root - INFO - Hypothesis cs_000:float64,float64
[2022-12-12 04:10:30,734 ] 88 root - INFO - Hypothesis cs_001:float64,float64
[2022-12-12 04:10:30,743 ] 88 root - INFO - Hypothesis cs_002:float64,float64
[2022-12-12 04:10:30,753 ] 88 root - INFO - Hypothesis cs_003:float64,float64
[2022-12-12 04:10:30,764 ] 88 root - INFO - Hypothesis cs_004:float64,float64
[2022-12-12 04:10:30,775 ] 88 root - INFO - Hypothesis cs_005:float64,float64
[2022-12-12 04:10:30,785 ] 88 root - INFO - Hypothesis cs_006:float64,float64
[2022-12-12 04:10:30,796 ] 88 root - INFO - Hypothesis cs_007:float64,float64
[2022-12-12 04:10:30,807 ] 88 root - INFO - Hypothesis cs_008:float64,float64
[2022-12-12 04:10:30,815 ] 88 root - INFO - Hypothesis cs_009:float64,float64
[2022-12-12 04:10:30,820 ] 88 root - INFO - Hypothesis dd_000:float64,float64
[2022-12-12 04:10:30,829 ] 88 root - INFO - Hypothesis de_000:float64,float64
[2022-12-12 04:10:30,838 ] 88 root - INFO - Hypothesis df_000:float64,float64
[2022-12-12 04:10:30,843 ] 88 root - INFO - Hypothesis dg_000:float64,float64
[2022-12-12 04:10:30,847 ] 88 root - INFO - Hypothesis dh_000:float64,float64
[2022-12-12 04:10:30,853 ] 88 root - INFO - Hypothesis di_000:float64,float64
[2022-12-12 04:10:30,858 ] 88 root - INFO - Hypothesis dj_000:float64,float64
[2022-12-12 04:10:30,863 ] 88 root - INFO - Hypothesis dk_000:float64,float64
[2022-12-12 04:10:30,868 ] 88 root - INFO - Hypothesis dl_000:float64,float64
[2022-12-12 04:10:30,872 ] 88 root - INFO - Hypothesis dm_000:float64,float64
[2022-12-12 04:10:30,877 ] 88 root - INFO - Hypothesis dn_000:float64,float64
[2022-12-12 04:10:30,887 ] 88 root - INFO - Hypothesis do_000:float64,float64
[2022-12-12 04:10:30,897 ] 88 root - INFO - Hypothesis dp_000:float64,float64
[2022-12-12 04:10:30,907 ] 88 root - INFO - Hypothesis dq_000:float64,float64
[2022-12-12 04:10:30,913 ] 88 root - INFO - Hypothesis dr_000:float64,float64
[2022-12-12 04:10:30,919 ] 88 root - INFO - Hypothesis ds_000:float64,float64
[2022-12-12 04:10:30,930 ] 88 root - INFO - Hypothesis dt_000:float64,float64
[2022-12-12 04:10:30,940 ] 88 root - INFO - Hypothesis du_000:float64,float64
[2022-12-12 04:10:30,951 ] 88 root - INFO - Hypothesis dv_000:float64,float64
[2022-12-12 04:10:30,961 ] 88 root - INFO - Hypothesis dx_000:float64,float64
[2022-12-12 04:10:30,968 ] 88 root - INFO - Hypothesis dy_000:float64,float64
[2022-12-12 04:10:30,975 ] 88 root - INFO - Hypothesis dz_000:float64,float64
[2022-12-12 04:10:30,979 ] 88 root - INFO - Hypothesis ea_000:float64,float64
[2022-12-12 04:10:30,984 ] 88 root - INFO - Hypothesis eb_000:float64,float64
[2022-12-12 04:10:30,992 ] 88 root - INFO - Hypothesis ec_00:float64,float64
[2022-12-12 04:10:31,002 ] 88 root - INFO - Hypothesis ed_000:float64,float64
[2022-12-12 04:10:31,011 ] 88 root - INFO - Hypothesis ee_000:float64,float64
[2022-12-12 04:10:31,022 ] 88 root - INFO - Hypothesis ee_001:float64,float64
[2022-12-12 04:10:31,033 ] 88 root - INFO - Hypothesis ee_002:float64,float64
[2022-12-12 04:10:31,044 ] 88 root - INFO - Hypothesis ee_003:float64,float64
[2022-12-12 04:10:31,055 ] 88 root - INFO - Hypothesis ee_004:float64,float64
[2022-12-12 04:10:31,065 ] 88 root - INFO - Hypothesis ee_005:float64,float64
[2022-12-12 04:10:31,076 ] 88 root - INFO - Hypothesis ee_006:float64,float64
[2022-12-12 04:10:31,086 ] 88 root - INFO - Hypothesis ee_007:float64,float64
[2022-12-12 04:10:31,096 ] 88 root - INFO - Hypothesis ee_008:float64,float64
[2022-12-12 04:10:31,105 ] 88 root - INFO - Hypothesis ee_009:float64,float64
[2022-12-12 04:10:31,113 ] 88 root - INFO - Hypothesis ef_000:float64,float64
[2022-12-12 04:10:31,117 ] 88 root - INFO - Hypothesis eg_000:float64,float64
[2022-12-12 04:10:31,122 ] 155 root - INFO - write report in yaml file
[2022-12-12 04:10:31,185 ] 159 root - INFO - data validation atrifact :DataValidationArtifact(report_file_path=<sensor.entity.config_entity.DataValidationConfig object at 0x7fd6e6db8220>)
