[2022-12-12 17:34:22,358 ] 17 root - INFO - >>>>>>>>>>>>>>>>>>>>>>>>>>>>>>>>>>>>>>>> Data Ingestion <<<<<<<<<<<<<<<<<<<<<<<<<<<<<<<<<<<<<<<<
[2022-12-12 17:34:22,359 ] 26 root - INFO - Exporting collection data as pandas dataframe
[2022-12-12 17:34:22,359 ] 21 root - INFO - Reading data from database: aps and collection: sensor
[2022-12-12 17:34:26,013 ] 23 root - INFO - Found columns: Index(['_id', 'class', 'aa_000', 'ab_000', 'ac_000', 'ad_000', 'ae_000',
       'af_000', 'ag_000', 'ag_001',
       ...
       'ee_002', 'ee_003', 'ee_004', 'ee_005', 'ee_006', 'ee_007', 'ee_008',
       'ee_009', 'ef_000', 'eg_000'],
      dtype='object', length=172)
[2022-12-12 17:34:26,013 ] 25 root - INFO - Dropping column: _id 
[2022-12-12 17:34:26,209 ] 27 root - INFO - Row and columns in df: (36188, 171)
[2022-12-12 17:34:26,209 ] 32 root - INFO - Save data in feature store
[2022-12-12 17:34:26,783 ] 35 root - INFO - Create feature store folder if not available
[2022-12-12 17:34:26,783 ] 39 root - INFO - Save df to feature store folder
[2022-12-12 17:34:29,170 ] 42 root - INFO - split dataset into train and test set
[2022-12-12 17:34:29,676 ] 46 root - INFO - create dataset directory folder if not available
[2022-12-12 17:34:29,676 ] 51 root - INFO - Save df to feature store folder
[2022-12-12 17:34:31,841 ] 65 root - INFO - Data ingestion artifact: DataIngestionArtifact(feature_store_file_path='/config/workspace/artifact/12122022_173422/data_ingestion/feature_store/sensor.csv', train_file_path='/config/workspace/artifact/12122022_173422/data_ingestion/dataset/train.csv', test_file_path='/config/workspace/artifact/12122022_173422/data_ingestion/dataset/test.csv')
[2022-12-12 17:34:32,272 ] 20 root - INFO - >>>>>>>>>>>>>>>>>>>>>>>>>>>>>>>>>>>>>>>> Data Validation <<<<<<<<<<<<<<<<<<<<<<<<<<<<<<<<<<<<<<<<
[2022-12-12 17:34:32,272 ] 120 root - INFO - Reading base dataframe
[2022-12-12 17:34:35,212 ] 123 root - INFO - Replace na value in base df
[2022-12-12 17:34:35,212 ] 124 root - INFO - Drop null value column from base df
[2022-12-12 17:34:36,104 ] 44 root - INFO - selecting column name which contains null above to 0.2
[2022-12-12 17:34:36,104 ] 47 root - INFO - Columns to drop : ['ab_000', 'ad_000', 'bk_000', 'bl_000', 'bm_000', 'bn_000', 'bo_000', 'bp_000', 'bq_000', 'br_000', 'cf_000', 'cg_000', 'ch_000', 'co_000', 'cr_000', 'ct_000', 'cu_000', 'cv_000', 'cx_000', 'cy_000', 'cz_000', 'da_000', 'db_000', 'dc_000']
[2022-12-12 17:34:36,185 ] 126 root - INFO - Reading train dataframe
[2022-12-12 17:34:36,573 ] 128 root - INFO - Reading test dataframe
[2022-12-12 17:34:37,505 ] 44 root - INFO - selecting column name which contains null above to 0.2
[2022-12-12 17:34:37,505 ] 47 root - INFO - Columns to drop : []
[2022-12-12 17:34:37,585 ] 132 root - INFO - Droping null value columns from train df
[2022-12-12 17:34:38,368 ] 44 root - INFO - selecting column name which contains null above to 0.2
[2022-12-12 17:34:38,368 ] 47 root - INFO - Columns to drop : []
[2022-12-12 17:34:38,443 ] 134 root - INFO - Droping null value columns from test df
[2022-12-12 17:34:44,095 ] 141 root - INFO - Is all required columns present in train df 
[2022-12-12 17:34:44,095 ] 143 root - INFO - Is all required columns present in test df
[2022-12-12 17:34:44,095 ] 147 root - INFO - As all column are available in train df hence detecting data frame
[2022-12-12 17:34:44,095 ] 88 root - INFO - Hypothesis class:object,object
[2022-12-12 17:34:44,211 ] 88 root - INFO - Hypothesis aa_000:float64,float64
[2022-12-12 17:34:44,222 ] 88 root - INFO - Hypothesis ac_000:float64,float64
[2022-12-12 17:34:44,231 ] 88 root - INFO - Hypothesis ae_000:float64,float64
[2022-12-12 17:34:44,236 ] 88 root - INFO - Hypothesis af_000:float64,float64
[2022-12-12 17:34:44,240 ] 88 root - INFO - Hypothesis ag_000:float64,float64
[2022-12-12 17:34:44,245 ] 88 root - INFO - Hypothesis ag_001:float64,float64
[2022-12-12 17:34:44,249 ] 88 root - INFO - Hypothesis ag_002:float64,float64
[2022-12-12 17:34:44,254 ] 88 root - INFO - Hypothesis ag_003:float64,float64
[2022-12-12 17:34:44,260 ] 88 root - INFO - Hypothesis ag_004:float64,float64
[2022-12-12 17:34:44,271 ] 88 root - INFO - Hypothesis ag_005:float64,float64
[2022-12-12 17:34:44,282 ] 88 root - INFO - Hypothesis ag_006:float64,float64
[2022-12-12 17:34:44,293 ] 88 root - INFO - Hypothesis ag_007:float64,float64
[2022-12-12 17:34:44,303 ] 88 root - INFO - Hypothesis ag_008:float64,float64
[2022-12-12 17:34:44,312 ] 88 root - INFO - Hypothesis ag_009:float64,float64
[2022-12-12 17:34:44,319 ] 88 root - INFO - Hypothesis ah_000:float64,float64
[2022-12-12 17:34:44,330 ] 88 root - INFO - Hypothesis ai_000:float64,float64
[2022-12-12 17:34:44,335 ] 88 root - INFO - Hypothesis aj_000:float64,float64
[2022-12-12 17:34:44,341 ] 88 root - INFO - Hypothesis ak_000:float64,float64
[2022-12-12 17:34:44,346 ] 88 root - INFO - Hypothesis al_000:float64,float64
[2022-12-12 17:34:44,354 ] 88 root - INFO - Hypothesis am_0:float64,float64
[2022-12-12 17:34:44,361 ] 88 root - INFO - Hypothesis an_000:float64,float64
[2022-12-12 17:34:44,372 ] 88 root - INFO - Hypothesis ao_000:float64,float64
[2022-12-12 17:34:44,384 ] 88 root - INFO - Hypothesis ap_000:float64,float64
[2022-12-12 17:34:44,395 ] 88 root - INFO - Hypothesis aq_000:float64,float64
[2022-12-12 17:34:44,406 ] 88 root - INFO - Hypothesis ar_000:float64,float64
[2022-12-12 17:34:44,411 ] 88 root - INFO - Hypothesis as_000:float64,float64
[2022-12-12 17:34:44,416 ] 88 root - INFO - Hypothesis at_000:float64,float64
[2022-12-12 17:34:44,421 ] 88 root - INFO - Hypothesis au_000:float64,float64
[2022-12-12 17:34:44,425 ] 88 root - INFO - Hypothesis av_000:float64,float64
[2022-12-12 17:34:44,434 ] 88 root - INFO - Hypothesis ax_000:float64,float64
[2022-12-12 17:34:44,442 ] 88 root - INFO - Hypothesis ay_000:float64,float64
[2022-12-12 17:34:44,446 ] 88 root - INFO - Hypothesis ay_001:float64,float64
[2022-12-12 17:34:44,451 ] 88 root - INFO - Hypothesis ay_002:float64,float64
[2022-12-12 17:34:44,455 ] 88 root - INFO - Hypothesis ay_003:float64,float64
[2022-12-12 17:34:44,460 ] 88 root - INFO - Hypothesis ay_004:float64,float64
[2022-12-12 17:34:44,465 ] 88 root - INFO - Hypothesis ay_005:float64,float64
[2022-12-12 17:34:44,473 ] 88 root - INFO - Hypothesis ay_006:float64,float64
[2022-12-12 17:34:44,483 ] 88 root - INFO - Hypothesis ay_007:float64,float64
[2022-12-12 17:34:44,493 ] 88 root - INFO - Hypothesis ay_008:float64,float64
[2022-12-12 17:34:44,504 ] 88 root - INFO - Hypothesis ay_009:float64,float64
[2022-12-12 17:34:44,508 ] 88 root - INFO - Hypothesis az_000:float64,float64
[2022-12-12 17:34:44,519 ] 88 root - INFO - Hypothesis az_001:float64,float64
[2022-12-12 17:34:44,528 ] 88 root - INFO - Hypothesis az_002:float64,float64
[2022-12-12 17:34:44,538 ] 88 root - INFO - Hypothesis az_003:float64,float64
[2022-12-12 17:34:44,549 ] 88 root - INFO - Hypothesis az_004:float64,float64
[2022-12-12 17:34:44,560 ] 88 root - INFO - Hypothesis az_005:float64,float64
[2022-12-12 17:34:44,572 ] 88 root - INFO - Hypothesis az_006:float64,float64
[2022-12-12 17:34:44,581 ] 88 root - INFO - Hypothesis az_007:float64,float64
[2022-12-12 17:34:44,588 ] 88 root - INFO - Hypothesis az_008:float64,float64
[2022-12-12 17:34:44,593 ] 88 root - INFO - Hypothesis az_009:float64,float64
[2022-12-12 17:34:44,598 ] 88 root - INFO - Hypothesis ba_000:float64,float64
[2022-12-12 17:34:44,610 ] 88 root - INFO - Hypothesis ba_001:float64,float64
[2022-12-12 17:34:44,621 ] 88 root - INFO - Hypothesis ba_002:float64,float64
[2022-12-12 17:34:44,632 ] 88 root - INFO - Hypothesis ba_003:float64,float64
[2022-12-12 17:34:44,643 ] 88 root - INFO - Hypothesis ba_004:float64,float64
[2022-12-12 17:34:44,654 ] 88 root - INFO - Hypothesis ba_005:float64,float64
[2022-12-12 17:34:44,665 ] 88 root - INFO - Hypothesis ba_006:float64,float64
[2022-12-12 17:34:44,676 ] 88 root - INFO - Hypothesis ba_007:float64,float64
[2022-12-12 17:34:44,686 ] 88 root - INFO - Hypothesis ba_008:float64,float64
[2022-12-12 17:34:44,700 ] 88 root - INFO - Hypothesis ba_009:float64,float64
[2022-12-12 17:34:44,707 ] 88 root - INFO - Hypothesis bb_000:float64,float64
[2022-12-12 17:34:44,719 ] 88 root - INFO - Hypothesis bc_000:float64,float64
[2022-12-12 17:34:44,727 ] 88 root - INFO - Hypothesis bd_000:float64,float64
[2022-12-12 17:34:44,736 ] 88 root - INFO - Hypothesis be_000:float64,float64
[2022-12-12 17:34:44,745 ] 88 root - INFO - Hypothesis bf_000:float64,float64
[2022-12-12 17:34:44,752 ] 88 root - INFO - Hypothesis bg_000:float64,float64
[2022-12-12 17:34:44,764 ] 88 root - INFO - Hypothesis bh_000:float64,float64
[2022-12-12 17:34:44,774 ] 88 root - INFO - Hypothesis bi_000:float64,float64
[2022-12-12 17:34:44,786 ] 88 root - INFO - Hypothesis bj_000:float64,float64
[2022-12-12 17:34:44,797 ] 88 root - INFO - Hypothesis bs_000:float64,float64
[2022-12-12 17:34:44,808 ] 88 root - INFO - Hypothesis bt_000:float64,float64
[2022-12-12 17:34:44,819 ] 88 root - INFO - Hypothesis bu_000:float64,float64
[2022-12-12 17:34:44,830 ] 88 root - INFO - Hypothesis bv_000:float64,float64
[2022-12-12 17:34:44,841 ] 88 root - INFO - Hypothesis bx_000:float64,float64
[2022-12-12 17:34:44,852 ] 88 root - INFO - Hypothesis by_000:float64,float64
[2022-12-12 17:34:44,863 ] 88 root - INFO - Hypothesis bz_000:float64,float64
[2022-12-12 17:34:44,873 ] 88 root - INFO - Hypothesis ca_000:float64,float64
[2022-12-12 17:34:44,885 ] 88 root - INFO - Hypothesis cb_000:float64,float64
[2022-12-12 17:34:44,897 ] 88 root - INFO - Hypothesis cc_000:float64,float64
[2022-12-12 17:34:44,908 ] 88 root - INFO - Hypothesis cd_000:float64,float64
[2022-12-12 17:34:44,913 ] 88 root - INFO - Hypothesis ce_000:float64,float64
[2022-12-12 17:34:44,923 ] 88 root - INFO - Hypothesis ci_000:float64,float64
[2022-12-12 17:34:44,934 ] 88 root - INFO - Hypothesis cj_000:float64,float64
[2022-12-12 17:34:44,940 ] 88 root - INFO - Hypothesis ck_000:float64,float64
[2022-12-12 17:34:44,952 ] 88 root - INFO - Hypothesis cl_000:float64,float64
[2022-12-12 17:34:44,958 ] 88 root - INFO - Hypothesis cm_000:float64,float64
[2022-12-12 17:34:44,966 ] 88 root - INFO - Hypothesis cn_000:float64,float64
[2022-12-12 17:34:44,971 ] 88 root - INFO - Hypothesis cn_001:float64,float64
[2022-12-12 17:34:44,976 ] 88 root - INFO - Hypothesis cn_002:float64,float64
[2022-12-12 17:34:44,985 ] 88 root - INFO - Hypothesis cn_003:float64,float64
[2022-12-12 17:34:44,996 ] 88 root - INFO - Hypothesis cn_004:float64,float64
[2022-12-12 17:34:45,008 ] 88 root - INFO - Hypothesis cn_005:float64,float64
[2022-12-12 17:34:45,019 ] 88 root - INFO - Hypothesis cn_006:float64,float64
[2022-12-12 17:34:45,030 ] 88 root - INFO - Hypothesis cn_007:float64,float64
[2022-12-12 17:34:45,040 ] 88 root - INFO - Hypothesis cn_008:float64,float64
[2022-12-12 17:34:45,050 ] 88 root - INFO - Hypothesis cn_009:float64,float64
[2022-12-12 17:34:45,057 ] 88 root - INFO - Hypothesis cp_000:float64,float64
[2022-12-12 17:34:45,065 ] 88 root - INFO - Hypothesis cq_000:float64,float64
[2022-12-12 17:34:45,076 ] 88 root - INFO - Hypothesis cs_000:float64,float64
[2022-12-12 17:34:45,087 ] 88 root - INFO - Hypothesis cs_001:float64,float64
[2022-12-12 17:34:45,096 ] 88 root - INFO - Hypothesis cs_002:float64,float64
[2022-12-12 17:34:45,107 ] 88 root - INFO - Hypothesis cs_003:float64,float64
[2022-12-12 17:34:45,118 ] 88 root - INFO - Hypothesis cs_004:float64,float64
[2022-12-12 17:34:45,129 ] 88 root - INFO - Hypothesis cs_005:float64,float64
[2022-12-12 17:34:45,140 ] 88 root - INFO - Hypothesis cs_006:float64,float64
[2022-12-12 17:34:45,152 ] 88 root - INFO - Hypothesis cs_007:float64,float64
[2022-12-12 17:34:45,163 ] 88 root - INFO - Hypothesis cs_008:float64,float64
[2022-12-12 17:34:45,171 ] 88 root - INFO - Hypothesis cs_009:float64,float64
[2022-12-12 17:34:45,176 ] 88 root - INFO - Hypothesis dd_000:float64,float64
[2022-12-12 17:34:45,185 ] 88 root - INFO - Hypothesis de_000:float64,float64
[2022-12-12 17:34:45,195 ] 88 root - INFO - Hypothesis df_000:float64,float64
[2022-12-12 17:34:45,200 ] 88 root - INFO - Hypothesis dg_000:float64,float64
[2022-12-12 17:34:45,204 ] 88 root - INFO - Hypothesis dh_000:float64,float64
[2022-12-12 17:34:45,210 ] 88 root - INFO - Hypothesis di_000:float64,float64
[2022-12-12 17:34:45,216 ] 88 root - INFO - Hypothesis dj_000:float64,float64
[2022-12-12 17:34:45,221 ] 88 root - INFO - Hypothesis dk_000:float64,float64
[2022-12-12 17:34:45,226 ] 88 root - INFO - Hypothesis dl_000:float64,float64
[2022-12-12 17:34:45,230 ] 88 root - INFO - Hypothesis dm_000:float64,float64
[2022-12-12 17:34:45,235 ] 88 root - INFO - Hypothesis dn_000:float64,float64
[2022-12-12 17:34:45,246 ] 88 root - INFO - Hypothesis do_000:float64,float64
[2022-12-12 17:34:45,256 ] 88 root - INFO - Hypothesis dp_000:float64,float64
[2022-12-12 17:34:45,266 ] 88 root - INFO - Hypothesis dq_000:float64,float64
[2022-12-12 17:34:45,273 ] 88 root - INFO - Hypothesis dr_000:float64,float64
[2022-12-12 17:34:45,280 ] 88 root - INFO - Hypothesis ds_000:float64,float64
[2022-12-12 17:34:45,290 ] 88 root - INFO - Hypothesis dt_000:float64,float64
[2022-12-12 17:34:45,301 ] 88 root - INFO - Hypothesis du_000:float64,float64
[2022-12-12 17:34:45,312 ] 88 root - INFO - Hypothesis dv_000:float64,float64
[2022-12-12 17:34:45,322 ] 88 root - INFO - Hypothesis dx_000:float64,float64
[2022-12-12 17:34:45,329 ] 88 root - INFO - Hypothesis dy_000:float64,float64
[2022-12-12 17:34:45,336 ] 88 root - INFO - Hypothesis dz_000:float64,float64
[2022-12-12 17:34:45,341 ] 88 root - INFO - Hypothesis ea_000:float64,float64
[2022-12-12 17:34:45,346 ] 88 root - INFO - Hypothesis eb_000:float64,float64
[2022-12-12 17:34:45,355 ] 88 root - INFO - Hypothesis ec_00:float64,float64
[2022-12-12 17:34:45,365 ] 88 root - INFO - Hypothesis ed_000:float64,float64
[2022-12-12 17:34:45,374 ] 88 root - INFO - Hypothesis ee_000:float64,float64
[2022-12-12 17:34:45,386 ] 88 root - INFO - Hypothesis ee_001:float64,float64
[2022-12-12 17:34:45,397 ] 88 root - INFO - Hypothesis ee_002:float64,float64
[2022-12-12 17:34:45,408 ] 88 root - INFO - Hypothesis ee_003:float64,float64
[2022-12-12 17:34:45,419 ] 88 root - INFO - Hypothesis ee_004:float64,float64
[2022-12-12 17:34:45,430 ] 88 root - INFO - Hypothesis ee_005:float64,float64
[2022-12-12 17:34:45,441 ] 88 root - INFO - Hypothesis ee_006:float64,float64
[2022-12-12 17:34:45,451 ] 88 root - INFO - Hypothesis ee_007:float64,float64
[2022-12-12 17:34:45,461 ] 88 root - INFO - Hypothesis ee_008:float64,float64
[2022-12-12 17:34:45,471 ] 88 root - INFO - Hypothesis ee_009:float64,float64
[2022-12-12 17:34:45,479 ] 88 root - INFO - Hypothesis ef_000:float64,float64
[2022-12-12 17:34:45,484 ] 88 root - INFO - Hypothesis eg_000:float64,float64
[2022-12-12 17:34:45,488 ] 151 root - INFO - As all column are available in test df hence detecting data frame
[2022-12-12 17:34:45,488 ] 88 root - INFO - Hypothesis class:object,object
[2022-12-12 17:34:45,601 ] 88 root - INFO - Hypothesis aa_000:float64,float64
[2022-12-12 17:34:45,612 ] 88 root - INFO - Hypothesis ac_000:float64,float64
[2022-12-12 17:34:45,621 ] 88 root - INFO - Hypothesis ae_000:float64,float64
[2022-12-12 17:34:45,626 ] 88 root - INFO - Hypothesis af_000:float64,float64
[2022-12-12 17:34:45,632 ] 88 root - INFO - Hypothesis ag_000:float64,float64
[2022-12-12 17:34:45,636 ] 88 root - INFO - Hypothesis ag_001:float64,float64
[2022-12-12 17:34:45,641 ] 88 root - INFO - Hypothesis ag_002:float64,float64
[2022-12-12 17:34:45,646 ] 88 root - INFO - Hypothesis ag_003:float64,float64
[2022-12-12 17:34:45,652 ] 88 root - INFO - Hypothesis ag_004:float64,float64
[2022-12-12 17:34:45,663 ] 88 root - INFO - Hypothesis ag_005:float64,float64
[2022-12-12 17:34:45,674 ] 88 root - INFO - Hypothesis ag_006:float64,float64
[2022-12-12 17:34:45,686 ] 88 root - INFO - Hypothesis ag_007:float64,float64
[2022-12-12 17:34:45,695 ] 88 root - INFO - Hypothesis ag_008:float64,float64
[2022-12-12 17:34:45,705 ] 88 root - INFO - Hypothesis ag_009:float64,float64
[2022-12-12 17:34:45,715 ] 88 root - INFO - Hypothesis ah_000:float64,float64
[2022-12-12 17:34:45,728 ] 88 root - INFO - Hypothesis ai_000:float64,float64
[2022-12-12 17:34:45,735 ] 88 root - INFO - Hypothesis aj_000:float64,float64
[2022-12-12 17:34:45,741 ] 88 root - INFO - Hypothesis ak_000:float64,float64
[2022-12-12 17:34:45,746 ] 88 root - INFO - Hypothesis al_000:float64,float64
[2022-12-12 17:34:45,754 ] 88 root - INFO - Hypothesis am_0:float64,float64
[2022-12-12 17:34:45,762 ] 88 root - INFO - Hypothesis an_000:float64,float64
[2022-12-12 17:34:45,773 ] 88 root - INFO - Hypothesis ao_000:float64,float64
[2022-12-12 17:34:45,785 ] 88 root - INFO - Hypothesis ap_000:float64,float64
[2022-12-12 17:34:45,796 ] 88 root - INFO - Hypothesis aq_000:float64,float64
[2022-12-12 17:34:45,807 ] 88 root - INFO - Hypothesis ar_000:float64,float64
[2022-12-12 17:34:45,812 ] 88 root - INFO - Hypothesis as_000:float64,float64
[2022-12-12 17:34:45,816 ] 88 root - INFO - Hypothesis at_000:float64,float64
[2022-12-12 17:34:45,821 ] 88 root - INFO - Hypothesis au_000:float64,float64
[2022-12-12 17:34:45,825 ] 88 root - INFO - Hypothesis av_000:float64,float64
[2022-12-12 17:34:45,834 ] 88 root - INFO - Hypothesis ax_000:float64,float64
[2022-12-12 17:34:45,843 ] 88 root - INFO - Hypothesis ay_000:float64,float64
[2022-12-12 17:34:45,847 ] 88 root - INFO - Hypothesis ay_001:float64,float64
[2022-12-12 17:34:45,852 ] 88 root - INFO - Hypothesis ay_002:float64,float64
[2022-12-12 17:34:45,858 ] 88 root - INFO - Hypothesis ay_003:float64,float64
[2022-12-12 17:34:45,863 ] 88 root - INFO - Hypothesis ay_004:float64,float64
[2022-12-12 17:34:45,868 ] 88 root - INFO - Hypothesis ay_005:float64,float64
[2022-12-12 17:34:45,876 ] 88 root - INFO - Hypothesis ay_006:float64,float64
[2022-12-12 17:34:45,886 ] 88 root - INFO - Hypothesis ay_007:float64,float64
[2022-12-12 17:34:45,896 ] 88 root - INFO - Hypothesis ay_008:float64,float64
[2022-12-12 17:34:45,907 ] 88 root - INFO - Hypothesis ay_009:float64,float64
[2022-12-12 17:34:45,912 ] 88 root - INFO - Hypothesis az_000:float64,float64
[2022-12-12 17:34:45,922 ] 88 root - INFO - Hypothesis az_001:float64,float64
[2022-12-12 17:34:45,932 ] 88 root - INFO - Hypothesis az_002:float64,float64
[2022-12-12 17:34:45,942 ] 88 root - INFO - Hypothesis az_003:float64,float64
[2022-12-12 17:34:45,952 ] 88 root - INFO - Hypothesis az_004:float64,float64
[2022-12-12 17:34:45,963 ] 88 root - INFO - Hypothesis az_005:float64,float64
[2022-12-12 17:34:45,974 ] 88 root - INFO - Hypothesis az_006:float64,float64
[2022-12-12 17:34:45,984 ] 88 root - INFO - Hypothesis az_007:float64,float64
[2022-12-12 17:34:45,990 ] 88 root - INFO - Hypothesis az_008:float64,float64
[2022-12-12 17:34:45,995 ] 88 root - INFO - Hypothesis az_009:float64,float64
[2022-12-12 17:34:46,000 ] 88 root - INFO - Hypothesis ba_000:float64,float64
[2022-12-12 17:34:46,011 ] 88 root - INFO - Hypothesis ba_001:float64,float64
[2022-12-12 17:34:46,022 ] 88 root - INFO - Hypothesis ba_002:float64,float64
[2022-12-12 17:34:46,034 ] 88 root - INFO - Hypothesis ba_003:float64,float64
[2022-12-12 17:34:46,045 ] 88 root - INFO - Hypothesis ba_004:float64,float64
[2022-12-12 17:34:46,055 ] 88 root - INFO - Hypothesis ba_005:float64,float64
[2022-12-12 17:34:46,066 ] 88 root - INFO - Hypothesis ba_006:float64,float64
[2022-12-12 17:34:46,077 ] 88 root - INFO - Hypothesis ba_007:float64,float64
[2022-12-12 17:34:46,087 ] 88 root - INFO - Hypothesis ba_008:float64,float64
[2022-12-12 17:34:46,096 ] 88 root - INFO - Hypothesis ba_009:float64,float64
[2022-12-12 17:34:46,103 ] 88 root - INFO - Hypothesis bb_000:float64,float64
[2022-12-12 17:34:46,114 ] 88 root - INFO - Hypothesis bc_000:float64,float64
[2022-12-12 17:34:46,122 ] 88 root - INFO - Hypothesis bd_000:float64,float64
[2022-12-12 17:34:46,131 ] 88 root - INFO - Hypothesis be_000:float64,float64
[2022-12-12 17:34:46,140 ] 88 root - INFO - Hypothesis bf_000:float64,float64
[2022-12-12 17:34:46,147 ] 88 root - INFO - Hypothesis bg_000:float64,float64
[2022-12-12 17:34:46,158 ] 88 root - INFO - Hypothesis bh_000:float64,float64
[2022-12-12 17:34:46,169 ] 88 root - INFO - Hypothesis bi_000:float64,float64
[2022-12-12 17:34:46,181 ] 88 root - INFO - Hypothesis bj_000:float64,float64
[2022-12-12 17:34:46,192 ] 88 root - INFO - Hypothesis bs_000:float64,float64
[2022-12-12 17:34:46,203 ] 88 root - INFO - Hypothesis bt_000:float64,float64
[2022-12-12 17:34:46,214 ] 88 root - INFO - Hypothesis bu_000:float64,float64
[2022-12-12 17:34:46,225 ] 88 root - INFO - Hypothesis bv_000:float64,float64
[2022-12-12 17:34:46,236 ] 88 root - INFO - Hypothesis bx_000:float64,float64
[2022-12-12 17:34:46,246 ] 88 root - INFO - Hypothesis by_000:float64,float64
[2022-12-12 17:34:46,257 ] 88 root - INFO - Hypothesis bz_000:float64,float64
[2022-12-12 17:34:46,267 ] 88 root - INFO - Hypothesis ca_000:float64,float64
[2022-12-12 17:34:46,278 ] 88 root - INFO - Hypothesis cb_000:float64,float64
[2022-12-12 17:34:46,289 ] 88 root - INFO - Hypothesis cc_000:float64,float64
[2022-12-12 17:34:46,300 ] 88 root - INFO - Hypothesis cd_000:float64,float64
[2022-12-12 17:34:46,305 ] 88 root - INFO - Hypothesis ce_000:float64,float64
[2022-12-12 17:34:46,315 ] 88 root - INFO - Hypothesis ci_000:float64,float64
[2022-12-12 17:34:46,326 ] 88 root - INFO - Hypothesis cj_000:float64,float64
[2022-12-12 17:34:46,332 ] 88 root - INFO - Hypothesis ck_000:float64,float64
[2022-12-12 17:34:46,343 ] 88 root - INFO - Hypothesis cl_000:float64,float64
[2022-12-12 17:34:46,349 ] 88 root - INFO - Hypothesis cm_000:float64,float64
[2022-12-12 17:34:46,357 ] 88 root - INFO - Hypothesis cn_000:float64,float64
[2022-12-12 17:34:46,361 ] 88 root - INFO - Hypothesis cn_001:float64,float64
[2022-12-12 17:34:46,367 ] 88 root - INFO - Hypothesis cn_002:float64,float64
[2022-12-12 17:34:46,375 ] 88 root - INFO - Hypothesis cn_003:float64,float64
[2022-12-12 17:34:46,387 ] 88 root - INFO - Hypothesis cn_004:float64,float64
[2022-12-12 17:34:46,398 ] 88 root - INFO - Hypothesis cn_005:float64,float64
[2022-12-12 17:34:46,409 ] 88 root - INFO - Hypothesis cn_006:float64,float64
[2022-12-12 17:34:46,419 ] 88 root - INFO - Hypothesis cn_007:float64,float64
[2022-12-12 17:34:46,431 ] 88 root - INFO - Hypothesis cn_008:float64,float64
[2022-12-12 17:34:46,443 ] 88 root - INFO - Hypothesis cn_009:float64,float64
[2022-12-12 17:34:46,453 ] 88 root - INFO - Hypothesis cp_000:float64,float64
[2022-12-12 17:34:46,461 ] 88 root - INFO - Hypothesis cq_000:float64,float64
[2022-12-12 17:34:46,472 ] 88 root - INFO - Hypothesis cs_000:float64,float64
[2022-12-12 17:34:46,483 ] 88 root - INFO - Hypothesis cs_001:float64,float64
[2022-12-12 17:34:46,492 ] 88 root - INFO - Hypothesis cs_002:float64,float64
[2022-12-12 17:34:46,502 ] 88 root - INFO - Hypothesis cs_003:float64,float64
[2022-12-12 17:34:46,513 ] 88 root - INFO - Hypothesis cs_004:float64,float64
[2022-12-12 17:34:46,524 ] 88 root - INFO - Hypothesis cs_005:float64,float64
[2022-12-12 17:34:46,535 ] 88 root - INFO - Hypothesis cs_006:float64,float64
[2022-12-12 17:34:46,546 ] 88 root - INFO - Hypothesis cs_007:float64,float64
[2022-12-12 17:34:46,557 ] 88 root - INFO - Hypothesis cs_008:float64,float64
[2022-12-12 17:34:46,565 ] 88 root - INFO - Hypothesis cs_009:float64,float64
[2022-12-12 17:34:46,570 ] 88 root - INFO - Hypothesis dd_000:float64,float64
[2022-12-12 17:34:46,580 ] 88 root - INFO - Hypothesis de_000:float64,float64
[2022-12-12 17:34:46,589 ] 88 root - INFO - Hypothesis df_000:float64,float64
[2022-12-12 17:34:46,594 ] 88 root - INFO - Hypothesis dg_000:float64,float64
[2022-12-12 17:34:46,599 ] 88 root - INFO - Hypothesis dh_000:float64,float64
[2022-12-12 17:34:46,604 ] 88 root - INFO - Hypothesis di_000:float64,float64
[2022-12-12 17:34:46,610 ] 88 root - INFO - Hypothesis dj_000:float64,float64
[2022-12-12 17:34:46,615 ] 88 root - INFO - Hypothesis dk_000:float64,float64
[2022-12-12 17:34:46,619 ] 88 root - INFO - Hypothesis dl_000:float64,float64
[2022-12-12 17:34:46,624 ] 88 root - INFO - Hypothesis dm_000:float64,float64
[2022-12-12 17:34:46,629 ] 88 root - INFO - Hypothesis dn_000:float64,float64
[2022-12-12 17:34:46,640 ] 88 root - INFO - Hypothesis do_000:float64,float64
[2022-12-12 17:34:46,649 ] 88 root - INFO - Hypothesis dp_000:float64,float64
[2022-12-12 17:34:46,659 ] 88 root - INFO - Hypothesis dq_000:float64,float64
[2022-12-12 17:34:46,666 ] 88 root - INFO - Hypothesis dr_000:float64,float64
[2022-12-12 17:34:46,672 ] 88 root - INFO - Hypothesis ds_000:float64,float64
[2022-12-12 17:34:46,683 ] 88 root - INFO - Hypothesis dt_000:float64,float64
[2022-12-12 17:34:46,693 ] 88 root - INFO - Hypothesis du_000:float64,float64
[2022-12-12 17:34:46,704 ] 88 root - INFO - Hypothesis dv_000:float64,float64
[2022-12-12 17:34:46,716 ] 88 root - INFO - Hypothesis dx_000:float64,float64
[2022-12-12 17:34:46,723 ] 88 root - INFO - Hypothesis dy_000:float64,float64
[2022-12-12 17:34:46,731 ] 88 root - INFO - Hypothesis dz_000:float64,float64
[2022-12-12 17:34:46,735 ] 88 root - INFO - Hypothesis ea_000:float64,float64
[2022-12-12 17:34:46,740 ] 88 root - INFO - Hypothesis eb_000:float64,float64
[2022-12-12 17:34:46,749 ] 88 root - INFO - Hypothesis ec_00:float64,float64
[2022-12-12 17:34:46,760 ] 88 root - INFO - Hypothesis ed_000:float64,float64
[2022-12-12 17:34:46,769 ] 88 root - INFO - Hypothesis ee_000:float64,float64
[2022-12-12 17:34:46,780 ] 88 root - INFO - Hypothesis ee_001:float64,float64
[2022-12-12 17:34:46,791 ] 88 root - INFO - Hypothesis ee_002:float64,float64
[2022-12-12 17:34:46,802 ] 88 root - INFO - Hypothesis ee_003:float64,float64
[2022-12-12 17:34:46,813 ] 88 root - INFO - Hypothesis ee_004:float64,float64
[2022-12-12 17:34:46,823 ] 88 root - INFO - Hypothesis ee_005:float64,float64
[2022-12-12 17:34:46,834 ] 88 root - INFO - Hypothesis ee_006:float64,float64
[2022-12-12 17:34:46,845 ] 88 root - INFO - Hypothesis ee_007:float64,float64
[2022-12-12 17:34:46,855 ] 88 root - INFO - Hypothesis ee_008:float64,float64
[2022-12-12 17:34:46,864 ] 88 root - INFO - Hypothesis ee_009:float64,float64
[2022-12-12 17:34:46,872 ] 88 root - INFO - Hypothesis ef_000:float64,float64
[2022-12-12 17:34:46,877 ] 88 root - INFO - Hypothesis eg_000:float64,float64
[2022-12-12 17:34:46,882 ] 155 root - INFO - write report in yaml file
[2022-12-12 17:34:46,945 ] 159 root - INFO - data validation atrifact :DataValidationArtifact(report_file_path=<sensor.entity.config_entity.DataValidationConfig object at 0x7fcd7589d220>)
