[2022-12-12 17:01:22,735 ] 17 root - INFO - >>>>>>>>>>>>>>>>>>>>>>>>>>>>>>>>>>>>>>>> Data Ingestion <<<<<<<<<<<<<<<<<<<<<<<<<<<<<<<<<<<<<<<<
[2022-12-12 17:01:22,735 ] 26 root - INFO - Exporting collection data as pandas dataframe
[2022-12-12 17:01:22,736 ] 21 root - INFO - Reading data from database: aps and collection: sensor
[2022-12-12 17:01:27,043 ] 23 root - INFO - Found columns: Index(['_id', 'class', 'aa_000', 'ab_000', 'ac_000', 'ad_000', 'ae_000',
       'af_000', 'ag_000', 'ag_001',
       ...
       'ee_002', 'ee_003', 'ee_004', 'ee_005', 'ee_006', 'ee_007', 'ee_008',
       'ee_009', 'ef_000', 'eg_000'],
      dtype='object', length=172)
[2022-12-12 17:01:27,048 ] 25 root - INFO - Dropping column: _id 
[2022-12-12 17:01:27,267 ] 27 root - INFO - Row and columns in df: (36188, 171)
[2022-12-12 17:01:27,268 ] 32 root - INFO - Save data in feature store
[2022-12-12 17:01:27,821 ] 35 root - INFO - Create feature store folder if not available
[2022-12-12 17:01:27,822 ] 39 root - INFO - Save df to feature store folder
[2022-12-12 17:01:30,343 ] 42 root - INFO - split dataset into train and test set
[2022-12-12 17:01:30,921 ] 46 root - INFO - create dataset directory folder if not available
[2022-12-12 17:01:30,921 ] 51 root - INFO - Save df to feature store folder
[2022-12-12 17:01:33,452 ] 65 root - INFO - Data ingestion artifact: DataIngestionArtifact(feature_store_file_path='/config/workspace/artifact/12122022_170122/data_ingestion/feature_store/sensor.csv', train_file_path='/config/workspace/artifact/12122022_170122/data_ingestion/dataset/train.csv', test_file_path='/config/workspace/artifact/12122022_170122/data_ingestion/dataset/test.csv')
[2022-12-12 17:01:33,855 ] 20 root - INFO - >>>>>>>>>>>>>>>>>>>>>>>>>>>>>>>>>>>>>>>> Data Validation <<<<<<<<<<<<<<<<<<<<<<<<<<<<<<<<<<<<<<<<
[2022-12-12 17:01:33,855 ] 120 root - INFO - Reading base dataframe
[2022-12-12 17:01:36,691 ] 123 root - INFO - Replace na value in base df
[2022-12-12 17:01:36,691 ] 124 root - INFO - Drop null value column from base df
[2022-12-12 17:01:37,670 ] 44 root - INFO - selecting column name which contains null above to 0.2
[2022-12-12 17:01:37,670 ] 47 root - INFO - Columns to drop : ['ab_000', 'ad_000', 'bk_000', 'bl_000', 'bm_000', 'bn_000', 'bo_000', 'bp_000', 'bq_000', 'br_000', 'cf_000', 'cg_000', 'ch_000', 'co_000', 'cr_000', 'ct_000', 'cu_000', 'cv_000', 'cx_000', 'cy_000', 'cz_000', 'da_000', 'db_000', 'dc_000']
[2022-12-12 17:01:37,781 ] 126 root - INFO - Reading train dataframe
[2022-12-12 17:01:38,195 ] 128 root - INFO - Reading test dataframe
[2022-12-12 17:01:39,162 ] 44 root - INFO - selecting column name which contains null above to 0.2
[2022-12-12 17:01:39,162 ] 47 root - INFO - Columns to drop : []
[2022-12-12 17:01:39,252 ] 132 root - INFO - Droping null value columns from train df
[2022-12-12 17:01:40,093 ] 44 root - INFO - selecting column name which contains null above to 0.2
[2022-12-12 17:01:40,094 ] 47 root - INFO - Columns to drop : []
[2022-12-12 17:01:40,171 ] 134 root - INFO - Droping null value columns from test df
[2022-12-12 17:01:46,020 ] 141 root - INFO - Is all required columns present in train df 
[2022-12-12 17:01:46,020 ] 143 root - INFO - Is all required columns present in test df
[2022-12-12 17:01:46,020 ] 147 root - INFO - As all column are available in train df hence detecting data frame
[2022-12-12 17:01:46,020 ] 88 root - INFO - Hypothesis class:object,object
[2022-12-12 17:01:46,137 ] 88 root - INFO - Hypothesis aa_000:float64,float64
[2022-12-12 17:01:46,148 ] 88 root - INFO - Hypothesis ac_000:float64,float64
[2022-12-12 17:01:46,156 ] 88 root - INFO - Hypothesis ae_000:float64,float64
[2022-12-12 17:01:46,161 ] 88 root - INFO - Hypothesis af_000:float64,float64
[2022-12-12 17:01:46,166 ] 88 root - INFO - Hypothesis ag_000:float64,float64
[2022-12-12 17:01:46,170 ] 88 root - INFO - Hypothesis ag_001:float64,float64
[2022-12-12 17:01:46,175 ] 88 root - INFO - Hypothesis ag_002:float64,float64
[2022-12-12 17:01:46,180 ] 88 root - INFO - Hypothesis ag_003:float64,float64
[2022-12-12 17:01:46,186 ] 88 root - INFO - Hypothesis ag_004:float64,float64
[2022-12-12 17:01:46,197 ] 88 root - INFO - Hypothesis ag_005:float64,float64
[2022-12-12 17:01:46,208 ] 88 root - INFO - Hypothesis ag_006:float64,float64
[2022-12-12 17:01:46,219 ] 88 root - INFO - Hypothesis ag_007:float64,float64
[2022-12-12 17:01:46,229 ] 88 root - INFO - Hypothesis ag_008:float64,float64
[2022-12-12 17:01:46,238 ] 88 root - INFO - Hypothesis ag_009:float64,float64
[2022-12-12 17:01:46,245 ] 88 root - INFO - Hypothesis ah_000:float64,float64
[2022-12-12 17:01:46,256 ] 88 root - INFO - Hypothesis ai_000:float64,float64
[2022-12-12 17:01:46,261 ] 88 root - INFO - Hypothesis aj_000:float64,float64
[2022-12-12 17:01:46,268 ] 88 root - INFO - Hypothesis ak_000:float64,float64
[2022-12-12 17:01:46,272 ] 88 root - INFO - Hypothesis al_000:float64,float64
[2022-12-12 17:01:46,280 ] 88 root - INFO - Hypothesis am_0:float64,float64
[2022-12-12 17:01:46,288 ] 88 root - INFO - Hypothesis an_000:float64,float64
[2022-12-12 17:01:46,299 ] 88 root - INFO - Hypothesis ao_000:float64,float64
[2022-12-12 17:01:46,310 ] 88 root - INFO - Hypothesis ap_000:float64,float64
[2022-12-12 17:01:46,322 ] 88 root - INFO - Hypothesis aq_000:float64,float64
[2022-12-12 17:01:46,333 ] 88 root - INFO - Hypothesis ar_000:float64,float64
[2022-12-12 17:01:46,338 ] 88 root - INFO - Hypothesis as_000:float64,float64
[2022-12-12 17:01:46,342 ] 88 root - INFO - Hypothesis at_000:float64,float64
[2022-12-12 17:01:46,347 ] 88 root - INFO - Hypothesis au_000:float64,float64
[2022-12-12 17:01:46,351 ] 88 root - INFO - Hypothesis av_000:float64,float64
[2022-12-12 17:01:46,360 ] 88 root - INFO - Hypothesis ax_000:float64,float64
[2022-12-12 17:01:46,368 ] 88 root - INFO - Hypothesis ay_000:float64,float64
[2022-12-12 17:01:46,373 ] 88 root - INFO - Hypothesis ay_001:float64,float64
[2022-12-12 17:01:46,377 ] 88 root - INFO - Hypothesis ay_002:float64,float64
[2022-12-12 17:01:46,382 ] 88 root - INFO - Hypothesis ay_003:float64,float64
[2022-12-12 17:01:46,386 ] 88 root - INFO - Hypothesis ay_004:float64,float64
[2022-12-12 17:01:46,391 ] 88 root - INFO - Hypothesis ay_005:float64,float64
[2022-12-12 17:01:46,400 ] 88 root - INFO - Hypothesis ay_006:float64,float64
[2022-12-12 17:01:46,410 ] 88 root - INFO - Hypothesis ay_007:float64,float64
[2022-12-12 17:01:46,420 ] 88 root - INFO - Hypothesis ay_008:float64,float64
[2022-12-12 17:01:46,431 ] 88 root - INFO - Hypothesis ay_009:float64,float64
[2022-12-12 17:01:46,435 ] 88 root - INFO - Hypothesis az_000:float64,float64
[2022-12-12 17:01:46,446 ] 88 root - INFO - Hypothesis az_001:float64,float64
[2022-12-12 17:01:46,456 ] 88 root - INFO - Hypothesis az_002:float64,float64
[2022-12-12 17:01:46,466 ] 88 root - INFO - Hypothesis az_003:float64,float64
[2022-12-12 17:01:46,476 ] 88 root - INFO - Hypothesis az_004:float64,float64
[2022-12-12 17:01:46,487 ] 88 root - INFO - Hypothesis az_005:float64,float64
[2022-12-12 17:01:46,499 ] 88 root - INFO - Hypothesis az_006:float64,float64
[2022-12-12 17:01:46,508 ] 88 root - INFO - Hypothesis az_007:float64,float64
[2022-12-12 17:01:46,515 ] 88 root - INFO - Hypothesis az_008:float64,float64
[2022-12-12 17:01:46,520 ] 88 root - INFO - Hypothesis az_009:float64,float64
[2022-12-12 17:01:46,524 ] 88 root - INFO - Hypothesis ba_000:float64,float64
[2022-12-12 17:01:46,535 ] 88 root - INFO - Hypothesis ba_001:float64,float64
[2022-12-12 17:01:46,546 ] 88 root - INFO - Hypothesis ba_002:float64,float64
[2022-12-12 17:01:46,557 ] 88 root - INFO - Hypothesis ba_003:float64,float64
[2022-12-12 17:01:46,568 ] 88 root - INFO - Hypothesis ba_004:float64,float64
[2022-12-12 17:01:46,579 ] 88 root - INFO - Hypothesis ba_005:float64,float64
[2022-12-12 17:01:46,590 ] 88 root - INFO - Hypothesis ba_006:float64,float64
[2022-12-12 17:01:46,602 ] 88 root - INFO - Hypothesis ba_007:float64,float64
[2022-12-12 17:01:46,612 ] 88 root - INFO - Hypothesis ba_008:float64,float64
[2022-12-12 17:01:46,621 ] 88 root - INFO - Hypothesis ba_009:float64,float64
[2022-12-12 17:01:46,628 ] 88 root - INFO - Hypothesis bb_000:float64,float64
[2022-12-12 17:01:46,639 ] 88 root - INFO - Hypothesis bc_000:float64,float64
[2022-12-12 17:01:46,647 ] 88 root - INFO - Hypothesis bd_000:float64,float64
[2022-12-12 17:01:46,657 ] 88 root - INFO - Hypothesis be_000:float64,float64
[2022-12-12 17:01:46,666 ] 88 root - INFO - Hypothesis bf_000:float64,float64
[2022-12-12 17:01:46,673 ] 88 root - INFO - Hypothesis bg_000:float64,float64
[2022-12-12 17:01:46,687 ] 88 root - INFO - Hypothesis bh_000:float64,float64
[2022-12-12 17:01:46,698 ] 88 root - INFO - Hypothesis bi_000:float64,float64
[2022-12-12 17:01:46,709 ] 88 root - INFO - Hypothesis bj_000:float64,float64
[2022-12-12 17:01:46,720 ] 88 root - INFO - Hypothesis bs_000:float64,float64
[2022-12-12 17:01:46,731 ] 88 root - INFO - Hypothesis bt_000:float64,float64
[2022-12-12 17:01:46,743 ] 88 root - INFO - Hypothesis bu_000:float64,float64
[2022-12-12 17:01:46,753 ] 88 root - INFO - Hypothesis bv_000:float64,float64
[2022-12-12 17:01:46,764 ] 88 root - INFO - Hypothesis bx_000:float64,float64
[2022-12-12 17:01:46,779 ] 88 root - INFO - Hypothesis by_000:float64,float64
[2022-12-12 17:01:46,790 ] 88 root - INFO - Hypothesis bz_000:float64,float64
[2022-12-12 17:01:46,800 ] 88 root - INFO - Hypothesis ca_000:float64,float64
[2022-12-12 17:01:46,811 ] 88 root - INFO - Hypothesis cb_000:float64,float64
[2022-12-12 17:01:46,823 ] 88 root - INFO - Hypothesis cc_000:float64,float64
[2022-12-12 17:01:46,833 ] 88 root - INFO - Hypothesis cd_000:float64,float64
[2022-12-12 17:01:46,838 ] 88 root - INFO - Hypothesis ce_000:float64,float64
[2022-12-12 17:01:46,848 ] 88 root - INFO - Hypothesis ci_000:float64,float64
[2022-12-12 17:01:46,859 ] 88 root - INFO - Hypothesis cj_000:float64,float64
[2022-12-12 17:01:46,865 ] 88 root - INFO - Hypothesis ck_000:float64,float64
[2022-12-12 17:01:46,877 ] 88 root - INFO - Hypothesis cl_000:float64,float64
[2022-12-12 17:01:46,883 ] 88 root - INFO - Hypothesis cm_000:float64,float64
[2022-12-12 17:01:46,890 ] 88 root - INFO - Hypothesis cn_000:float64,float64
[2022-12-12 17:01:46,895 ] 88 root - INFO - Hypothesis cn_001:float64,float64
[2022-12-12 17:01:46,901 ] 88 root - INFO - Hypothesis cn_002:float64,float64
[2022-12-12 17:01:46,909 ] 88 root - INFO - Hypothesis cn_003:float64,float64
[2022-12-12 17:01:46,920 ] 88 root - INFO - Hypothesis cn_004:float64,float64
[2022-12-12 17:01:46,931 ] 88 root - INFO - Hypothesis cn_005:float64,float64
[2022-12-12 17:01:46,942 ] 88 root - INFO - Hypothesis cn_006:float64,float64
[2022-12-12 17:01:46,954 ] 88 root - INFO - Hypothesis cn_007:float64,float64
[2022-12-12 17:01:46,964 ] 88 root - INFO - Hypothesis cn_008:float64,float64
[2022-12-12 17:01:46,974 ] 88 root - INFO - Hypothesis cn_009:float64,float64
[2022-12-12 17:01:46,982 ] 88 root - INFO - Hypothesis cp_000:float64,float64
[2022-12-12 17:01:46,990 ] 88 root - INFO - Hypothesis cq_000:float64,float64
[2022-12-12 17:01:47,001 ] 88 root - INFO - Hypothesis cs_000:float64,float64
[2022-12-12 17:01:47,012 ] 88 root - INFO - Hypothesis cs_001:float64,float64
[2022-12-12 17:01:47,021 ] 88 root - INFO - Hypothesis cs_002:float64,float64
[2022-12-12 17:01:47,032 ] 88 root - INFO - Hypothesis cs_003:float64,float64
[2022-12-12 17:01:47,043 ] 88 root - INFO - Hypothesis cs_004:float64,float64
[2022-12-12 17:01:47,054 ] 88 root - INFO - Hypothesis cs_005:float64,float64
[2022-12-12 17:01:47,066 ] 88 root - INFO - Hypothesis cs_006:float64,float64
[2022-12-12 17:01:47,077 ] 88 root - INFO - Hypothesis cs_007:float64,float64
[2022-12-12 17:01:47,088 ] 88 root - INFO - Hypothesis cs_008:float64,float64
[2022-12-12 17:01:47,097 ] 88 root - INFO - Hypothesis cs_009:float64,float64
[2022-12-12 17:01:47,101 ] 88 root - INFO - Hypothesis dd_000:float64,float64
[2022-12-12 17:01:47,112 ] 88 root - INFO - Hypothesis de_000:float64,float64
[2022-12-12 17:01:47,121 ] 88 root - INFO - Hypothesis df_000:float64,float64
[2022-12-12 17:01:47,125 ] 88 root - INFO - Hypothesis dg_000:float64,float64
[2022-12-12 17:01:47,130 ] 88 root - INFO - Hypothesis dh_000:float64,float64
[2022-12-12 17:01:47,136 ] 88 root - INFO - Hypothesis di_000:float64,float64
[2022-12-12 17:01:47,142 ] 88 root - INFO - Hypothesis dj_000:float64,float64
[2022-12-12 17:01:47,147 ] 88 root - INFO - Hypothesis dk_000:float64,float64
[2022-12-12 17:01:47,152 ] 88 root - INFO - Hypothesis dl_000:float64,float64
[2022-12-12 17:01:47,157 ] 88 root - INFO - Hypothesis dm_000:float64,float64
[2022-12-12 17:01:47,164 ] 88 root - INFO - Hypothesis dn_000:float64,float64
[2022-12-12 17:01:47,175 ] 88 root - INFO - Hypothesis do_000:float64,float64
[2022-12-12 17:01:47,185 ] 88 root - INFO - Hypothesis dp_000:float64,float64
[2022-12-12 17:01:47,195 ] 88 root - INFO - Hypothesis dq_000:float64,float64
[2022-12-12 17:01:47,201 ] 88 root - INFO - Hypothesis dr_000:float64,float64
[2022-12-12 17:01:47,208 ] 88 root - INFO - Hypothesis ds_000:float64,float64
[2022-12-12 17:01:47,219 ] 88 root - INFO - Hypothesis dt_000:float64,float64
[2022-12-12 17:01:47,229 ] 88 root - INFO - Hypothesis du_000:float64,float64
[2022-12-12 17:01:47,240 ] 88 root - INFO - Hypothesis dv_000:float64,float64
[2022-12-12 17:01:47,251 ] 88 root - INFO - Hypothesis dx_000:float64,float64
[2022-12-12 17:01:47,258 ] 88 root - INFO - Hypothesis dy_000:float64,float64
[2022-12-12 17:01:47,265 ] 88 root - INFO - Hypothesis dz_000:float64,float64
[2022-12-12 17:01:47,270 ] 88 root - INFO - Hypothesis ea_000:float64,float64
[2022-12-12 17:01:47,275 ] 88 root - INFO - Hypothesis eb_000:float64,float64
[2022-12-12 17:01:47,284 ] 88 root - INFO - Hypothesis ec_00:float64,float64
[2022-12-12 17:01:47,295 ] 88 root - INFO - Hypothesis ed_000:float64,float64
[2022-12-12 17:01:47,304 ] 88 root - INFO - Hypothesis ee_000:float64,float64
[2022-12-12 17:01:47,315 ] 88 root - INFO - Hypothesis ee_001:float64,float64
[2022-12-12 17:01:47,327 ] 88 root - INFO - Hypothesis ee_002:float64,float64
[2022-12-12 17:01:47,338 ] 88 root - INFO - Hypothesis ee_003:float64,float64
[2022-12-12 17:01:47,349 ] 88 root - INFO - Hypothesis ee_004:float64,float64
[2022-12-12 17:01:47,360 ] 88 root - INFO - Hypothesis ee_005:float64,float64
[2022-12-12 17:01:47,371 ] 88 root - INFO - Hypothesis ee_006:float64,float64
[2022-12-12 17:01:47,382 ] 88 root - INFO - Hypothesis ee_007:float64,float64
[2022-12-12 17:01:47,392 ] 88 root - INFO - Hypothesis ee_008:float64,float64
[2022-12-12 17:01:47,402 ] 88 root - INFO - Hypothesis ee_009:float64,float64
[2022-12-12 17:01:47,410 ] 88 root - INFO - Hypothesis ef_000:float64,float64
[2022-12-12 17:01:47,414 ] 88 root - INFO - Hypothesis eg_000:float64,float64
[2022-12-12 17:01:47,419 ] 151 root - INFO - As all column are available in test df hence detecting data frame
[2022-12-12 17:01:47,419 ] 88 root - INFO - Hypothesis class:object,object
[2022-12-12 17:01:47,532 ] 88 root - INFO - Hypothesis aa_000:float64,float64
[2022-12-12 17:01:47,543 ] 88 root - INFO - Hypothesis ac_000:float64,float64
[2022-12-12 17:01:47,551 ] 88 root - INFO - Hypothesis ae_000:float64,float64
[2022-12-12 17:01:47,556 ] 88 root - INFO - Hypothesis af_000:float64,float64
[2022-12-12 17:01:47,561 ] 88 root - INFO - Hypothesis ag_000:float64,float64
[2022-12-12 17:01:47,565 ] 88 root - INFO - Hypothesis ag_001:float64,float64
[2022-12-12 17:01:47,570 ] 88 root - INFO - Hypothesis ag_002:float64,float64
[2022-12-12 17:01:47,576 ] 88 root - INFO - Hypothesis ag_003:float64,float64
[2022-12-12 17:01:47,582 ] 88 root - INFO - Hypothesis ag_004:float64,float64
[2022-12-12 17:01:47,593 ] 88 root - INFO - Hypothesis ag_005:float64,float64
[2022-12-12 17:01:47,604 ] 88 root - INFO - Hypothesis ag_006:float64,float64
[2022-12-12 17:01:47,615 ] 88 root - INFO - Hypothesis ag_007:float64,float64
[2022-12-12 17:01:47,625 ] 88 root - INFO - Hypothesis ag_008:float64,float64
[2022-12-12 17:01:47,635 ] 88 root - INFO - Hypothesis ag_009:float64,float64
[2022-12-12 17:01:47,642 ] 88 root - INFO - Hypothesis ah_000:float64,float64
[2022-12-12 17:01:47,654 ] 88 root - INFO - Hypothesis ai_000:float64,float64
[2022-12-12 17:01:47,660 ] 88 root - INFO - Hypothesis aj_000:float64,float64
[2022-12-12 17:01:47,666 ] 88 root - INFO - Hypothesis ak_000:float64,float64
[2022-12-12 17:01:47,672 ] 88 root - INFO - Hypothesis al_000:float64,float64
[2022-12-12 17:01:47,680 ] 88 root - INFO - Hypothesis am_0:float64,float64
[2022-12-12 17:01:47,688 ] 88 root - INFO - Hypothesis an_000:float64,float64
[2022-12-12 17:01:47,699 ] 88 root - INFO - Hypothesis ao_000:float64,float64
[2022-12-12 17:01:47,711 ] 88 root - INFO - Hypothesis ap_000:float64,float64
[2022-12-12 17:01:47,723 ] 88 root - INFO - Hypothesis aq_000:float64,float64
[2022-12-12 17:01:47,734 ] 88 root - INFO - Hypothesis ar_000:float64,float64
[2022-12-12 17:01:47,740 ] 88 root - INFO - Hypothesis as_000:float64,float64
[2022-12-12 17:01:47,748 ] 88 root - INFO - Hypothesis at_000:float64,float64
[2022-12-12 17:01:47,754 ] 88 root - INFO - Hypothesis au_000:float64,float64
[2022-12-12 17:01:47,759 ] 88 root - INFO - Hypothesis av_000:float64,float64
[2022-12-12 17:01:47,770 ] 88 root - INFO - Hypothesis ax_000:float64,float64
[2022-12-12 17:01:47,779 ] 88 root - INFO - Hypothesis ay_000:float64,float64
[2022-12-12 17:01:47,784 ] 88 root - INFO - Hypothesis ay_001:float64,float64
[2022-12-12 17:01:47,788 ] 88 root - INFO - Hypothesis ay_002:float64,float64
[2022-12-12 17:01:47,793 ] 88 root - INFO - Hypothesis ay_003:float64,float64
[2022-12-12 17:01:47,798 ] 88 root - INFO - Hypothesis ay_004:float64,float64
[2022-12-12 17:01:47,802 ] 88 root - INFO - Hypothesis ay_005:float64,float64
[2022-12-12 17:01:47,811 ] 88 root - INFO - Hypothesis ay_006:float64,float64
[2022-12-12 17:01:47,821 ] 88 root - INFO - Hypothesis ay_007:float64,float64
[2022-12-12 17:01:47,831 ] 88 root - INFO - Hypothesis ay_008:float64,float64
[2022-12-12 17:01:47,842 ] 88 root - INFO - Hypothesis ay_009:float64,float64
[2022-12-12 17:01:47,846 ] 88 root - INFO - Hypothesis az_000:float64,float64
[2022-12-12 17:01:47,857 ] 88 root - INFO - Hypothesis az_001:float64,float64
[2022-12-12 17:01:47,867 ] 88 root - INFO - Hypothesis az_002:float64,float64
[2022-12-12 17:01:47,877 ] 88 root - INFO - Hypothesis az_003:float64,float64
[2022-12-12 17:01:47,888 ] 88 root - INFO - Hypothesis az_004:float64,float64
[2022-12-12 17:01:47,898 ] 88 root - INFO - Hypothesis az_005:float64,float64
[2022-12-12 17:01:47,910 ] 88 root - INFO - Hypothesis az_006:float64,float64
[2022-12-12 17:01:47,920 ] 88 root - INFO - Hypothesis az_007:float64,float64
[2022-12-12 17:01:47,926 ] 88 root - INFO - Hypothesis az_008:float64,float64
[2022-12-12 17:01:47,931 ] 88 root - INFO - Hypothesis az_009:float64,float64
[2022-12-12 17:01:47,936 ] 88 root - INFO - Hypothesis ba_000:float64,float64
[2022-12-12 17:01:47,947 ] 88 root - INFO - Hypothesis ba_001:float64,float64
[2022-12-12 17:01:47,958 ] 88 root - INFO - Hypothesis ba_002:float64,float64
[2022-12-12 17:01:47,969 ] 88 root - INFO - Hypothesis ba_003:float64,float64
[2022-12-12 17:01:47,980 ] 88 root - INFO - Hypothesis ba_004:float64,float64
[2022-12-12 17:01:47,991 ] 88 root - INFO - Hypothesis ba_005:float64,float64
[2022-12-12 17:01:48,002 ] 88 root - INFO - Hypothesis ba_006:float64,float64
[2022-12-12 17:01:48,013 ] 88 root - INFO - Hypothesis ba_007:float64,float64
[2022-12-12 17:01:48,023 ] 88 root - INFO - Hypothesis ba_008:float64,float64
[2022-12-12 17:01:48,032 ] 88 root - INFO - Hypothesis ba_009:float64,float64
[2022-12-12 17:01:48,039 ] 88 root - INFO - Hypothesis bb_000:float64,float64
[2022-12-12 17:01:48,051 ] 88 root - INFO - Hypothesis bc_000:float64,float64
[2022-12-12 17:01:48,061 ] 88 root - INFO - Hypothesis bd_000:float64,float64
[2022-12-12 17:01:48,070 ] 88 root - INFO - Hypothesis be_000:float64,float64
[2022-12-12 17:01:48,080 ] 88 root - INFO - Hypothesis bf_000:float64,float64
[2022-12-12 17:01:48,087 ] 88 root - INFO - Hypothesis bg_000:float64,float64
[2022-12-12 17:01:48,098 ] 88 root - INFO - Hypothesis bh_000:float64,float64
[2022-12-12 17:01:48,109 ] 88 root - INFO - Hypothesis bi_000:float64,float64
[2022-12-12 17:01:48,121 ] 88 root - INFO - Hypothesis bj_000:float64,float64
[2022-12-12 17:01:48,132 ] 88 root - INFO - Hypothesis bs_000:float64,float64
[2022-12-12 17:01:48,144 ] 88 root - INFO - Hypothesis bt_000:float64,float64
[2022-12-12 17:01:48,155 ] 88 root - INFO - Hypothesis bu_000:float64,float64
[2022-12-12 17:01:48,166 ] 88 root - INFO - Hypothesis bv_000:float64,float64
[2022-12-12 17:01:48,177 ] 88 root - INFO - Hypothesis bx_000:float64,float64
[2022-12-12 17:01:48,188 ] 88 root - INFO - Hypothesis by_000:float64,float64
[2022-12-12 17:01:48,199 ] 88 root - INFO - Hypothesis bz_000:float64,float64
[2022-12-12 17:01:48,208 ] 88 root - INFO - Hypothesis ca_000:float64,float64
[2022-12-12 17:01:48,220 ] 88 root - INFO - Hypothesis cb_000:float64,float64
[2022-12-12 17:01:48,234 ] 88 root - INFO - Hypothesis cc_000:float64,float64
[2022-12-12 17:01:48,245 ] 88 root - INFO - Hypothesis cd_000:float64,float64
[2022-12-12 17:01:48,250 ] 88 root - INFO - Hypothesis ce_000:float64,float64
[2022-12-12 17:01:48,260 ] 88 root - INFO - Hypothesis ci_000:float64,float64
[2022-12-12 17:01:48,271 ] 88 root - INFO - Hypothesis cj_000:float64,float64
[2022-12-12 17:01:48,277 ] 88 root - INFO - Hypothesis ck_000:float64,float64
[2022-12-12 17:01:48,289 ] 88 root - INFO - Hypothesis cl_000:float64,float64
[2022-12-12 17:01:48,295 ] 88 root - INFO - Hypothesis cm_000:float64,float64
[2022-12-12 17:01:48,302 ] 88 root - INFO - Hypothesis cn_000:float64,float64
[2022-12-12 17:01:48,307 ] 88 root - INFO - Hypothesis cn_001:float64,float64
[2022-12-12 17:01:48,314 ] 88 root - INFO - Hypothesis cn_002:float64,float64
[2022-12-12 17:01:48,322 ] 88 root - INFO - Hypothesis cn_003:float64,float64
[2022-12-12 17:01:48,333 ] 88 root - INFO - Hypothesis cn_004:float64,float64
[2022-12-12 17:01:48,345 ] 88 root - INFO - Hypothesis cn_005:float64,float64
[2022-12-12 17:01:48,356 ] 88 root - INFO - Hypothesis cn_006:float64,float64
[2022-12-12 17:01:48,366 ] 88 root - INFO - Hypothesis cn_007:float64,float64
[2022-12-12 17:01:48,377 ] 88 root - INFO - Hypothesis cn_008:float64,float64
[2022-12-12 17:01:48,387 ] 88 root - INFO - Hypothesis cn_009:float64,float64
[2022-12-12 17:01:48,396 ] 88 root - INFO - Hypothesis cp_000:float64,float64
[2022-12-12 17:01:48,405 ] 88 root - INFO - Hypothesis cq_000:float64,float64
[2022-12-12 17:01:48,416 ] 88 root - INFO - Hypothesis cs_000:float64,float64
[2022-12-12 17:01:48,426 ] 88 root - INFO - Hypothesis cs_001:float64,float64
[2022-12-12 17:01:48,436 ] 88 root - INFO - Hypothesis cs_002:float64,float64
[2022-12-12 17:01:48,447 ] 88 root - INFO - Hypothesis cs_003:float64,float64
[2022-12-12 17:01:48,458 ] 88 root - INFO - Hypothesis cs_004:float64,float64
[2022-12-12 17:01:48,474 ] 88 root - INFO - Hypothesis cs_005:float64,float64
[2022-12-12 17:01:48,485 ] 88 root - INFO - Hypothesis cs_006:float64,float64
[2022-12-12 17:01:48,496 ] 88 root - INFO - Hypothesis cs_007:float64,float64
[2022-12-12 17:01:48,507 ] 88 root - INFO - Hypothesis cs_008:float64,float64
[2022-12-12 17:01:48,515 ] 88 root - INFO - Hypothesis cs_009:float64,float64
[2022-12-12 17:01:48,520 ] 88 root - INFO - Hypothesis dd_000:float64,float64
[2022-12-12 17:01:48,530 ] 88 root - INFO - Hypothesis de_000:float64,float64
[2022-12-12 17:01:48,540 ] 88 root - INFO - Hypothesis df_000:float64,float64
[2022-12-12 17:01:48,544 ] 88 root - INFO - Hypothesis dg_000:float64,float64
[2022-12-12 17:01:48,549 ] 88 root - INFO - Hypothesis dh_000:float64,float64
[2022-12-12 17:01:48,554 ] 88 root - INFO - Hypothesis di_000:float64,float64
[2022-12-12 17:01:48,560 ] 88 root - INFO - Hypothesis dj_000:float64,float64
[2022-12-12 17:01:48,565 ] 88 root - INFO - Hypothesis dk_000:float64,float64
[2022-12-12 17:01:48,570 ] 88 root - INFO - Hypothesis dl_000:float64,float64
[2022-12-12 17:01:48,575 ] 88 root - INFO - Hypothesis dm_000:float64,float64
[2022-12-12 17:01:48,580 ] 88 root - INFO - Hypothesis dn_000:float64,float64
[2022-12-12 17:01:48,590 ] 88 root - INFO - Hypothesis do_000:float64,float64
[2022-12-12 17:01:48,600 ] 88 root - INFO - Hypothesis dp_000:float64,float64
[2022-12-12 17:01:48,610 ] 88 root - INFO - Hypothesis dq_000:float64,float64
[2022-12-12 17:01:48,617 ] 88 root - INFO - Hypothesis dr_000:float64,float64
[2022-12-12 17:01:48,623 ] 88 root - INFO - Hypothesis ds_000:float64,float64
[2022-12-12 17:01:48,634 ] 88 root - INFO - Hypothesis dt_000:float64,float64
[2022-12-12 17:01:48,645 ] 88 root - INFO - Hypothesis du_000:float64,float64
[2022-12-12 17:01:48,655 ] 88 root - INFO - Hypothesis dv_000:float64,float64
[2022-12-12 17:01:48,666 ] 88 root - INFO - Hypothesis dx_000:float64,float64
[2022-12-12 17:01:48,673 ] 88 root - INFO - Hypothesis dy_000:float64,float64
[2022-12-12 17:01:48,680 ] 88 root - INFO - Hypothesis dz_000:float64,float64
[2022-12-12 17:01:48,685 ] 88 root - INFO - Hypothesis ea_000:float64,float64
[2022-12-12 17:01:48,690 ] 88 root - INFO - Hypothesis eb_000:float64,float64
[2022-12-12 17:01:48,699 ] 88 root - INFO - Hypothesis ec_00:float64,float64
[2022-12-12 17:01:48,711 ] 88 root - INFO - Hypothesis ed_000:float64,float64
[2022-12-12 17:01:48,721 ] 88 root - INFO - Hypothesis ee_000:float64,float64
[2022-12-12 17:01:48,732 ] 88 root - INFO - Hypothesis ee_001:float64,float64
[2022-12-12 17:01:48,743 ] 88 root - INFO - Hypothesis ee_002:float64,float64
[2022-12-12 17:01:48,754 ] 88 root - INFO - Hypothesis ee_003:float64,float64
[2022-12-12 17:01:48,765 ] 88 root - INFO - Hypothesis ee_004:float64,float64
[2022-12-12 17:01:48,776 ] 88 root - INFO - Hypothesis ee_005:float64,float64
[2022-12-12 17:01:48,786 ] 88 root - INFO - Hypothesis ee_006:float64,float64
[2022-12-12 17:01:48,797 ] 88 root - INFO - Hypothesis ee_007:float64,float64
[2022-12-12 17:01:48,807 ] 88 root - INFO - Hypothesis ee_008:float64,float64
[2022-12-12 17:01:48,817 ] 88 root - INFO - Hypothesis ee_009:float64,float64
[2022-12-12 17:01:48,825 ] 88 root - INFO - Hypothesis ef_000:float64,float64
[2022-12-12 17:01:48,830 ] 88 root - INFO - Hypothesis eg_000:float64,float64
[2022-12-12 17:01:48,834 ] 155 root - INFO - write report in yaml file
[2022-12-12 17:01:48,903 ] 159 root - INFO - data validation atrifact :DataValidationArtifact(report_file_path=<sensor.entity.config_entity.DataValidationConfig object at 0x7f6bd13f5220>)
