[2022-12-13 00:53:31,037 ] 17 root - INFO - >>>>>>>>>>>>>>>>>>>>>>>>>>>>>>>>>>>>>>>> Data Ingestion <<<<<<<<<<<<<<<<<<<<<<<<<<<<<<<<<<<<<<<<
[2022-12-13 00:53:31,037 ] 26 root - INFO - Exporting collection data as pandas dataframe
[2022-12-13 00:53:31,037 ] 21 root - INFO - Reading data from database: aps and collection: sensor
[2022-12-13 00:53:34,740 ] 23 root - INFO - Found columns: Index(['_id', 'class', 'aa_000', 'ab_000', 'ac_000', 'ad_000', 'ae_000',
       'af_000', 'ag_000', 'ag_001',
       ...
       'ee_002', 'ee_003', 'ee_004', 'ee_005', 'ee_006', 'ee_007', 'ee_008',
       'ee_009', 'ef_000', 'eg_000'],
      dtype='object', length=172)
[2022-12-13 00:53:34,740 ] 25 root - INFO - Dropping column: _id 
[2022-12-13 00:53:34,940 ] 27 root - INFO - Row and columns in df: (36188, 171)
[2022-12-13 00:53:34,940 ] 32 root - INFO - Save data in feature store
[2022-12-13 00:53:35,478 ] 35 root - INFO - Create feature store folder if not available
[2022-12-13 00:53:35,479 ] 39 root - INFO - Save df to feature store folder
[2022-12-13 00:53:37,786 ] 42 root - INFO - split dataset into train and test set
[2022-12-13 00:53:38,316 ] 46 root - INFO - create dataset directory folder if not available
[2022-12-13 00:53:38,316 ] 51 root - INFO - Save df to feature store folder
[2022-12-13 00:53:40,389 ] 65 root - INFO - Data ingestion artifact: DataIngestionArtifact(feature_store_file_path='/config/workspace/artifact/12132022_005331/data_ingestion/feature_store/sensor.csv', train_file_path='/config/workspace/artifact/12132022_005331/data_ingestion/dataset/train.csv', test_file_path='/config/workspace/artifact/12132022_005331/data_ingestion/dataset/test.csv')
[2022-12-13 00:53:40,805 ] 20 root - INFO - >>>>>>>>>>>>>>>>>>>>>>>>>>>>>>>>>>>>>>>> Data Validation <<<<<<<<<<<<<<<<<<<<<<<<<<<<<<<<<<<<<<<<
[2022-12-13 00:53:40,806 ] 120 root - INFO - Reading base dataframe
[2022-12-13 00:53:43,632 ] 123 root - INFO - Replace na value in base df
[2022-12-13 00:53:43,632 ] 124 root - INFO - Drop null value column from base df
[2022-12-13 00:53:44,527 ] 44 root - INFO - selecting column name which contains null above to 0.2
[2022-12-13 00:53:44,528 ] 47 root - INFO - Columns to drop : ['ab_000', 'ad_000', 'bk_000', 'bl_000', 'bm_000', 'bn_000', 'bo_000', 'bp_000', 'bq_000', 'br_000', 'cf_000', 'cg_000', 'ch_000', 'co_000', 'cr_000', 'ct_000', 'cu_000', 'cv_000', 'cx_000', 'cy_000', 'cz_000', 'da_000', 'db_000', 'dc_000']
[2022-12-13 00:53:44,608 ] 126 root - INFO - Reading train dataframe
[2022-12-13 00:53:44,994 ] 128 root - INFO - Reading test dataframe
[2022-12-13 00:53:45,105 ] 44 root - INFO - selecting column name which contains null above to 0.2
[2022-12-13 00:53:45,105 ] 47 root - INFO - Columns to drop : ['ab_000', 'ad_000', 'bk_000', 'bl_000', 'bm_000', 'bn_000', 'bo_000', 'bp_000', 'bq_000', 'br_000', 'cf_000', 'cg_000', 'ch_000', 'co_000', 'cr_000', 'ct_000', 'cu_000', 'cv_000', 'cx_000', 'cy_000', 'cz_000', 'da_000', 'db_000', 'dc_000']
[2022-12-13 00:53:45,114 ] 132 root - INFO - Droping null value columns from train df
[2022-12-13 00:53:45,118 ] 44 root - INFO - selecting column name which contains null above to 0.2
[2022-12-13 00:53:45,119 ] 47 root - INFO - Columns to drop : ['ab_000', 'ad_000', 'bk_000', 'bl_000', 'bm_000', 'bn_000', 'bo_000', 'bp_000', 'bq_000', 'br_000', 'cf_000', 'cg_000', 'ch_000', 'co_000', 'cr_000', 'ct_000', 'cu_000', 'cv_000', 'cx_000', 'cy_000', 'cz_000', 'da_000', 'db_000', 'dc_000']
[2022-12-13 00:53:45,121 ] 134 root - INFO - Droping null value columns from test df
[2022-12-13 00:53:51,153 ] 141 root - INFO - Is all required columns present in train df 
[2022-12-13 00:53:51,153 ] 143 root - INFO - Is all required columns present in test df
[2022-12-13 00:53:51,154 ] 147 root - INFO - As all column are available in train df hence detecting data frame
[2022-12-13 00:53:51,154 ] 88 root - INFO - Hypothesis class:object,object
[2022-12-13 00:53:51,292 ] 88 root - INFO - Hypothesis aa_000:float64,float64
[2022-12-13 00:53:51,302 ] 88 root - INFO - Hypothesis ac_000:float64,float64
[2022-12-13 00:53:51,341 ] 88 root - INFO - Hypothesis ae_000:float64,float64
[2022-12-13 00:53:51,376 ] 88 root - INFO - Hypothesis af_000:float64,float64
[2022-12-13 00:53:51,411 ] 88 root - INFO - Hypothesis ag_000:float64,float64
[2022-12-13 00:53:51,445 ] 88 root - INFO - Hypothesis ag_001:float64,float64
[2022-12-13 00:53:51,481 ] 88 root - INFO - Hypothesis ag_002:float64,float64
[2022-12-13 00:53:51,517 ] 88 root - INFO - Hypothesis ag_003:float64,float64
[2022-12-13 00:53:51,523 ] 88 root - INFO - Hypothesis ag_004:float64,float64
[2022-12-13 00:53:51,533 ] 88 root - INFO - Hypothesis ag_005:float64,float64
[2022-12-13 00:53:51,543 ] 88 root - INFO - Hypothesis ag_006:float64,float64
[2022-12-13 00:53:51,585 ] 88 root - INFO - Hypothesis ag_007:float64,float64
[2022-12-13 00:53:51,625 ] 88 root - INFO - Hypothesis ag_008:float64,float64
[2022-12-13 00:53:51,665 ] 88 root - INFO - Hypothesis ag_009:float64,float64
[2022-12-13 00:53:51,701 ] 88 root - INFO - Hypothesis ah_000:float64,float64
[2022-12-13 00:53:51,712 ] 88 root - INFO - Hypothesis ai_000:float64,float64
[2022-12-13 00:53:51,748 ] 88 root - INFO - Hypothesis aj_000:float64,float64
[2022-12-13 00:53:51,754 ] 88 root - INFO - Hypothesis ak_000:float64,float64
[2022-12-13 00:53:51,789 ] 88 root - INFO - Hypothesis al_000:float64,float64
[2022-12-13 00:53:51,797 ] 88 root - INFO - Hypothesis am_0:float64,float64
[2022-12-13 00:53:51,804 ] 88 root - INFO - Hypothesis an_000:float64,float64
[2022-12-13 00:53:51,814 ] 88 root - INFO - Hypothesis ao_000:float64,float64
[2022-12-13 00:53:51,825 ] 88 root - INFO - Hypothesis ap_000:float64,float64
[2022-12-13 00:53:51,835 ] 88 root - INFO - Hypothesis aq_000:float64,float64
[2022-12-13 00:53:51,846 ] 88 root - INFO - Hypothesis ar_000:float64,float64
[2022-12-13 00:53:51,881 ] 88 root - INFO - Hypothesis as_000:float64,float64
[2022-12-13 00:53:51,919 ] 88 root - INFO - Hypothesis at_000:float64,float64
[2022-12-13 00:53:51,960 ] 88 root - INFO - Hypothesis au_000:float64,float64
[2022-12-13 00:53:51,996 ] 88 root - INFO - Hypothesis av_000:float64,float64
[2022-12-13 00:53:52,038 ] 88 root - INFO - Hypothesis ax_000:float64,float64
[2022-12-13 00:53:52,078 ] 88 root - INFO - Hypothesis ay_000:float64,float64
[2022-12-13 00:53:52,112 ] 88 root - INFO - Hypothesis ay_001:float64,float64
[2022-12-13 00:53:52,147 ] 88 root - INFO - Hypothesis ay_002:float64,float64
[2022-12-13 00:53:52,182 ] 88 root - INFO - Hypothesis ay_003:float64,float64
[2022-12-13 00:53:52,217 ] 88 root - INFO - Hypothesis ay_004:float64,float64
[2022-12-13 00:53:52,252 ] 88 root - INFO - Hypothesis ay_005:float64,float64
[2022-12-13 00:53:52,260 ] 88 root - INFO - Hypothesis ay_006:float64,float64
[2022-12-13 00:53:52,269 ] 88 root - INFO - Hypothesis ay_007:float64,float64
[2022-12-13 00:53:52,279 ] 88 root - INFO - Hypothesis ay_008:float64,float64
[2022-12-13 00:53:52,289 ] 88 root - INFO - Hypothesis ay_009:float64,float64
[2022-12-13 00:53:52,324 ] 88 root - INFO - Hypothesis az_000:float64,float64
[2022-12-13 00:53:52,334 ] 88 root - INFO - Hypothesis az_001:float64,float64
[2022-12-13 00:53:52,343 ] 88 root - INFO - Hypothesis az_002:float64,float64
[2022-12-13 00:53:52,352 ] 88 root - INFO - Hypothesis az_003:float64,float64
[2022-12-13 00:53:52,392 ] 88 root - INFO - Hypothesis az_004:float64,float64
[2022-12-13 00:53:52,434 ] 88 root - INFO - Hypothesis az_005:float64,float64
[2022-12-13 00:53:52,444 ] 88 root - INFO - Hypothesis az_006:float64,float64
[2022-12-13 00:53:52,453 ] 88 root - INFO - Hypothesis az_007:float64,float64
[2022-12-13 00:53:52,490 ] 88 root - INFO - Hypothesis az_008:float64,float64
[2022-12-13 00:53:52,525 ] 88 root - INFO - Hypothesis az_009:float64,float64
[2022-12-13 00:53:52,560 ] 88 root - INFO - Hypothesis ba_000:float64,float64
[2022-12-13 00:53:52,571 ] 88 root - INFO - Hypothesis ba_001:float64,float64
[2022-12-13 00:53:52,582 ] 88 root - INFO - Hypothesis ba_002:float64,float64
[2022-12-13 00:53:52,592 ] 88 root - INFO - Hypothesis ba_003:float64,float64
[2022-12-13 00:53:52,602 ] 88 root - INFO - Hypothesis ba_004:float64,float64
[2022-12-13 00:53:52,613 ] 88 root - INFO - Hypothesis ba_005:float64,float64
[2022-12-13 00:53:52,653 ] 88 root - INFO - Hypothesis ba_006:float64,float64
[2022-12-13 00:53:52,663 ] 88 root - INFO - Hypothesis ba_007:float64,float64
[2022-12-13 00:53:52,673 ] 88 root - INFO - Hypothesis ba_008:float64,float64
[2022-12-13 00:53:52,681 ] 88 root - INFO - Hypothesis ba_009:float64,float64
[2022-12-13 00:53:52,689 ] 88 root - INFO - Hypothesis bb_000:float64,float64
[2022-12-13 00:53:52,700 ] 88 root - INFO - Hypothesis bc_000:float64,float64
[2022-12-13 00:53:52,708 ] 88 root - INFO - Hypothesis bd_000:float64,float64
[2022-12-13 00:53:52,747 ] 88 root - INFO - Hypothesis be_000:float64,float64
[2022-12-13 00:53:52,756 ] 88 root - INFO - Hypothesis bf_000:float64,float64
[2022-12-13 00:53:52,762 ] 88 root - INFO - Hypothesis bg_000:float64,float64
[2022-12-13 00:53:52,773 ] 88 root - INFO - Hypothesis bh_000:float64,float64
[2022-12-13 00:53:52,784 ] 88 root - INFO - Hypothesis bi_000:float64,float64
[2022-12-13 00:53:52,794 ] 88 root - INFO - Hypothesis bj_000:float64,float64
[2022-12-13 00:53:52,810 ] 88 root - INFO - Hypothesis bs_000:float64,float64
[2022-12-13 00:53:52,821 ] 88 root - INFO - Hypothesis bt_000:float64,float64
[2022-12-13 00:53:52,833 ] 88 root - INFO - Hypothesis bu_000:float64,float64
[2022-12-13 00:53:52,844 ] 88 root - INFO - Hypothesis bv_000:float64,float64
[2022-12-13 00:53:52,855 ] 88 root - INFO - Hypothesis bx_000:float64,float64
[2022-12-13 00:53:52,866 ] 88 root - INFO - Hypothesis by_000:float64,float64
[2022-12-13 00:53:52,877 ] 88 root - INFO - Hypothesis bz_000:float64,float64
[2022-12-13 00:53:52,917 ] 88 root - INFO - Hypothesis ca_000:float64,float64
[2022-12-13 00:53:52,927 ] 88 root - INFO - Hypothesis cb_000:float64,float64
[2022-12-13 00:53:52,938 ] 88 root - INFO - Hypothesis cc_000:float64,float64
[2022-12-13 00:53:52,949 ] 88 root - INFO - Hypothesis cd_000:float64,float64
[2022-12-13 00:53:52,984 ] 88 root - INFO - Hypothesis ce_000:float64,float64
[2022-12-13 00:53:52,993 ] 88 root - INFO - Hypothesis ci_000:float64,float64
[2022-12-13 00:53:53,004 ] 88 root - INFO - Hypothesis cj_000:float64,float64
[2022-12-13 00:53:53,041 ] 88 root - INFO - Hypothesis ck_000:float64,float64
[2022-12-13 00:53:53,052 ] 88 root - INFO - Hypothesis cl_000:float64,float64
[2022-12-13 00:53:53,058 ] 88 root - INFO - Hypothesis cm_000:float64,float64
[2022-12-13 00:53:53,065 ] 88 root - INFO - Hypothesis cn_000:float64,float64
[2022-12-13 00:53:53,100 ] 88 root - INFO - Hypothesis cn_001:float64,float64
[2022-12-13 00:53:53,137 ] 88 root - INFO - Hypothesis cn_002:float64,float64
[2022-12-13 00:53:53,145 ] 88 root - INFO - Hypothesis cn_003:float64,float64
[2022-12-13 00:53:53,155 ] 88 root - INFO - Hypothesis cn_004:float64,float64
[2022-12-13 00:53:53,166 ] 88 root - INFO - Hypothesis cn_005:float64,float64
[2022-12-13 00:53:53,176 ] 88 root - INFO - Hypothesis cn_006:float64,float64
[2022-12-13 00:53:53,186 ] 88 root - INFO - Hypothesis cn_007:float64,float64
[2022-12-13 00:53:53,196 ] 88 root - INFO - Hypothesis cn_008:float64,float64
[2022-12-13 00:53:53,205 ] 88 root - INFO - Hypothesis cn_009:float64,float64
[2022-12-13 00:53:53,213 ] 88 root - INFO - Hypothesis cp_000:float64,float64
[2022-12-13 00:53:53,252 ] 88 root - INFO - Hypothesis cq_000:float64,float64
[2022-12-13 00:53:53,262 ] 88 root - INFO - Hypothesis cs_000:float64,float64
[2022-12-13 00:53:53,272 ] 88 root - INFO - Hypothesis cs_001:float64,float64
[2022-12-13 00:53:53,281 ] 88 root - INFO - Hypothesis cs_002:float64,float64
[2022-12-13 00:53:53,290 ] 88 root - INFO - Hypothesis cs_003:float64,float64
[2022-12-13 00:53:53,301 ] 88 root - INFO - Hypothesis cs_004:float64,float64
[2022-12-13 00:53:53,311 ] 88 root - INFO - Hypothesis cs_005:float64,float64
[2022-12-13 00:53:53,322 ] 88 root - INFO - Hypothesis cs_006:float64,float64
[2022-12-13 00:53:53,332 ] 88 root - INFO - Hypothesis cs_007:float64,float64
[2022-12-13 00:53:53,343 ] 88 root - INFO - Hypothesis cs_008:float64,float64
[2022-12-13 00:53:53,350 ] 88 root - INFO - Hypothesis cs_009:float64,float64
[2022-12-13 00:53:53,385 ] 88 root - INFO - Hypothesis dd_000:float64,float64
[2022-12-13 00:53:53,395 ] 88 root - INFO - Hypothesis de_000:float64,float64
[2022-12-13 00:53:53,404 ] 88 root - INFO - Hypothesis df_000:float64,float64
[2022-12-13 00:53:53,440 ] 88 root - INFO - Hypothesis dg_000:float64,float64
[2022-12-13 00:53:53,474 ] 88 root - INFO - Hypothesis dh_000:float64,float64
[2022-12-13 00:53:53,510 ] 88 root - INFO - Hypothesis di_000:float64,float64
[2022-12-13 00:53:53,547 ] 88 root - INFO - Hypothesis dj_000:float64,float64
[2022-12-13 00:53:53,582 ] 88 root - INFO - Hypothesis dk_000:float64,float64
[2022-12-13 00:53:53,617 ] 88 root - INFO - Hypothesis dl_000:float64,float64
[2022-12-13 00:53:53,652 ] 88 root - INFO - Hypothesis dm_000:float64,float64
[2022-12-13 00:53:53,688 ] 88 root - INFO - Hypothesis dn_000:float64,float64
[2022-12-13 00:53:53,699 ] 88 root - INFO - Hypothesis do_000:float64,float64
[2022-12-13 00:53:53,708 ] 88 root - INFO - Hypothesis dp_000:float64,float64
[2022-12-13 00:53:53,717 ] 88 root - INFO - Hypothesis dq_000:float64,float64
[2022-12-13 00:53:53,723 ] 88 root - INFO - Hypothesis dr_000:float64,float64
[2022-12-13 00:53:53,730 ] 88 root - INFO - Hypothesis ds_000:float64,float64
[2022-12-13 00:53:53,741 ] 88 root - INFO - Hypothesis dt_000:float64,float64
[2022-12-13 00:53:53,753 ] 88 root - INFO - Hypothesis du_000:float64,float64
[2022-12-13 00:53:53,796 ] 88 root - INFO - Hypothesis dv_000:float64,float64
[2022-12-13 00:53:53,837 ] 88 root - INFO - Hypothesis dx_000:float64,float64
[2022-12-13 00:53:53,844 ] 88 root - INFO - Hypothesis dy_000:float64,float64
[2022-12-13 00:53:53,851 ] 88 root - INFO - Hypothesis dz_000:float64,float64
[2022-12-13 00:53:53,885 ] 88 root - INFO - Hypothesis ea_000:float64,float64
[2022-12-13 00:53:53,922 ] 88 root - INFO - Hypothesis eb_000:float64,float64
[2022-12-13 00:53:53,961 ] 88 root - INFO - Hypothesis ec_00:float64,float64
[2022-12-13 00:53:53,971 ] 88 root - INFO - Hypothesis ed_000:float64,float64
[2022-12-13 00:53:53,979 ] 88 root - INFO - Hypothesis ee_000:float64,float64
[2022-12-13 00:53:53,990 ] 88 root - INFO - Hypothesis ee_001:float64,float64
[2022-12-13 00:53:54,001 ] 88 root - INFO - Hypothesis ee_002:float64,float64
[2022-12-13 00:53:54,011 ] 88 root - INFO - Hypothesis ee_003:float64,float64
[2022-12-13 00:53:54,022 ] 88 root - INFO - Hypothesis ee_004:float64,float64
[2022-12-13 00:53:54,032 ] 88 root - INFO - Hypothesis ee_005:float64,float64
[2022-12-13 00:53:54,042 ] 88 root - INFO - Hypothesis ee_006:float64,float64
[2022-12-13 00:53:54,084 ] 88 root - INFO - Hypothesis ee_007:float64,float64
[2022-12-13 00:53:54,125 ] 88 root - INFO - Hypothesis ee_008:float64,float64
[2022-12-13 00:53:54,164 ] 88 root - INFO - Hypothesis ee_009:float64,float64
[2022-12-13 00:53:54,202 ] 88 root - INFO - Hypothesis ef_000:float64,float64
[2022-12-13 00:53:54,236 ] 88 root - INFO - Hypothesis eg_000:float64,float64
[2022-12-13 00:53:54,270 ] 151 root - INFO - As all column are available in test df hence detecting data frame
[2022-12-13 00:53:54,270 ] 88 root - INFO - Hypothesis class:object,object
[2022-12-13 00:53:54,342 ] 88 root - INFO - Hypothesis aa_000:float64,float64
[2022-12-13 00:53:54,349 ] 88 root - INFO - Hypothesis ac_000:float64,float64
[2022-12-13 00:53:54,355 ] 88 root - INFO - Hypothesis ae_000:float64,float64
[2022-12-13 00:53:54,358 ] 88 root - INFO - Hypothesis af_000:float64,float64
[2022-12-13 00:53:54,361 ] 88 root - INFO - Hypothesis ag_000:float64,float64
[2022-12-13 00:53:54,376 ] 88 root - INFO - Hypothesis ag_001:float64,float64
[2022-12-13 00:53:54,390 ] 88 root - INFO - Hypothesis ag_002:float64,float64
[2022-12-13 00:53:54,394 ] 88 root - INFO - Hypothesis ag_003:float64,float64
[2022-12-13 00:53:54,398 ] 88 root - INFO - Hypothesis ag_004:float64,float64
[2022-12-13 00:53:54,404 ] 88 root - INFO - Hypothesis ag_005:float64,float64
[2022-12-13 00:53:54,411 ] 88 root - INFO - Hypothesis ag_006:float64,float64
[2022-12-13 00:53:54,418 ] 88 root - INFO - Hypothesis ag_007:float64,float64
[2022-12-13 00:53:54,425 ] 88 root - INFO - Hypothesis ag_008:float64,float64
[2022-12-13 00:53:54,430 ] 88 root - INFO - Hypothesis ag_009:float64,float64
[2022-12-13 00:53:54,447 ] 88 root - INFO - Hypothesis ah_000:float64,float64
[2022-12-13 00:53:54,454 ] 88 root - INFO - Hypothesis ai_000:float64,float64
[2022-12-13 00:53:54,458 ] 88 root - INFO - Hypothesis aj_000:float64,float64
[2022-12-13 00:53:54,462 ] 88 root - INFO - Hypothesis ak_000:float64,float64
[2022-12-13 00:53:54,465 ] 88 root - INFO - Hypothesis al_000:float64,float64
[2022-12-13 00:53:54,470 ] 88 root - INFO - Hypothesis am_0:float64,float64
[2022-12-13 00:53:54,475 ] 88 root - INFO - Hypothesis an_000:float64,float64
[2022-12-13 00:53:54,482 ] 88 root - INFO - Hypothesis ao_000:float64,float64
[2022-12-13 00:53:54,489 ] 88 root - INFO - Hypothesis ap_000:float64,float64
[2022-12-13 00:53:54,496 ] 88 root - INFO - Hypothesis aq_000:float64,float64
[2022-12-13 00:53:54,503 ] 88 root - INFO - Hypothesis ar_000:float64,float64
[2022-12-13 00:53:54,518 ] 88 root - INFO - Hypothesis as_000:float64,float64
[2022-12-13 00:53:54,532 ] 88 root - INFO - Hypothesis at_000:float64,float64
[2022-12-13 00:53:54,536 ] 88 root - INFO - Hypothesis au_000:float64,float64
[2022-12-13 00:53:54,550 ] 88 root - INFO - Hypothesis av_000:float64,float64
[2022-12-13 00:53:54,556 ] 88 root - INFO - Hypothesis ax_000:float64,float64
[2022-12-13 00:53:54,561 ] 88 root - INFO - Hypothesis ay_000:float64,float64
[2022-12-13 00:53:54,577 ] 88 root - INFO - Hypothesis ay_001:float64,float64
[2022-12-13 00:53:54,592 ] 88 root - INFO - Hypothesis ay_002:float64,float64
[2022-12-13 00:53:54,606 ] 88 root - INFO - Hypothesis ay_003:float64,float64
[2022-12-13 00:53:54,621 ] 88 root - INFO - Hypothesis ay_004:float64,float64
[2022-12-13 00:53:54,636 ] 88 root - INFO - Hypothesis ay_005:float64,float64
[2022-12-13 00:53:54,641 ] 88 root - INFO - Hypothesis ay_006:float64,float64
[2022-12-13 00:53:54,648 ] 88 root - INFO - Hypothesis ay_007:float64,float64
[2022-12-13 00:53:54,654 ] 88 root - INFO - Hypothesis ay_008:float64,float64
[2022-12-13 00:53:54,661 ] 88 root - INFO - Hypothesis ay_009:float64,float64
[2022-12-13 00:53:54,676 ] 88 root - INFO - Hypothesis az_000:float64,float64
[2022-12-13 00:53:54,682 ] 88 root - INFO - Hypothesis az_001:float64,float64
[2022-12-13 00:53:54,689 ] 88 root - INFO - Hypothesis az_002:float64,float64
[2022-12-13 00:53:54,695 ] 88 root - INFO - Hypothesis az_003:float64,float64
[2022-12-13 00:53:54,702 ] 88 root - INFO - Hypothesis az_004:float64,float64
[2022-12-13 00:53:54,708 ] 88 root - INFO - Hypothesis az_005:float64,float64
[2022-12-13 00:53:54,715 ] 88 root - INFO - Hypothesis az_006:float64,float64
[2022-12-13 00:53:54,721 ] 88 root - INFO - Hypothesis az_007:float64,float64
[2022-12-13 00:53:54,725 ] 88 root - INFO - Hypothesis az_008:float64,float64
[2022-12-13 00:53:54,729 ] 88 root - INFO - Hypothesis az_009:float64,float64
[2022-12-13 00:53:54,744 ] 88 root - INFO - Hypothesis ba_000:float64,float64
[2022-12-13 00:53:54,751 ] 88 root - INFO - Hypothesis ba_001:float64,float64
[2022-12-13 00:53:54,758 ] 88 root - INFO - Hypothesis ba_002:float64,float64
[2022-12-13 00:53:54,765 ] 88 root - INFO - Hypothesis ba_003:float64,float64
[2022-12-13 00:53:54,771 ] 88 root - INFO - Hypothesis ba_004:float64,float64
[2022-12-13 00:53:54,778 ] 88 root - INFO - Hypothesis ba_005:float64,float64
[2022-12-13 00:53:54,785 ] 88 root - INFO - Hypothesis ba_006:float64,float64
[2022-12-13 00:53:54,792 ] 88 root - INFO - Hypothesis ba_007:float64,float64
[2022-12-13 00:53:54,798 ] 88 root - INFO - Hypothesis ba_008:float64,float64
[2022-12-13 00:53:54,804 ] 88 root - INFO - Hypothesis ba_009:float64,float64
[2022-12-13 00:53:54,809 ] 88 root - INFO - Hypothesis bb_000:float64,float64
[2022-12-13 00:53:54,817 ] 88 root - INFO - Hypothesis bc_000:float64,float64
[2022-12-13 00:53:54,822 ] 88 root - INFO - Hypothesis bd_000:float64,float64
[2022-12-13 00:53:54,828 ] 88 root - INFO - Hypothesis be_000:float64,float64
[2022-12-13 00:53:54,834 ] 88 root - INFO - Hypothesis bf_000:float64,float64
[2022-12-13 00:53:54,839 ] 88 root - INFO - Hypothesis bg_000:float64,float64
[2022-12-13 00:53:54,847 ] 88 root - INFO - Hypothesis bh_000:float64,float64
[2022-12-13 00:53:54,853 ] 88 root - INFO - Hypothesis bi_000:float64,float64
[2022-12-13 00:53:54,861 ] 88 root - INFO - Hypothesis bj_000:float64,float64
[2022-12-13 00:53:54,868 ] 88 root - INFO - Hypothesis bs_000:float64,float64
[2022-12-13 00:53:54,875 ] 88 root - INFO - Hypothesis bt_000:float64,float64
[2022-12-13 00:53:54,883 ] 88 root - INFO - Hypothesis bu_000:float64,float64
[2022-12-13 00:53:54,890 ] 88 root - INFO - Hypothesis bv_000:float64,float64
[2022-12-13 00:53:54,897 ] 88 root - INFO - Hypothesis bx_000:float64,float64
[2022-12-13 00:53:54,903 ] 88 root - INFO - Hypothesis by_000:float64,float64
[2022-12-13 00:53:54,910 ] 88 root - INFO - Hypothesis bz_000:float64,float64
[2022-12-13 00:53:54,916 ] 88 root - INFO - Hypothesis ca_000:float64,float64
[2022-12-13 00:53:54,923 ] 88 root - INFO - Hypothesis cb_000:float64,float64
[2022-12-13 00:53:54,930 ] 88 root - INFO - Hypothesis cc_000:float64,float64
[2022-12-13 00:53:54,937 ] 88 root - INFO - Hypothesis cd_000:float64,float64
[2022-12-13 00:53:54,952 ] 88 root - INFO - Hypothesis ce_000:float64,float64
[2022-12-13 00:53:54,958 ] 88 root - INFO - Hypothesis ci_000:float64,float64
[2022-12-13 00:53:54,965 ] 88 root - INFO - Hypothesis cj_000:float64,float64
[2022-12-13 00:53:54,969 ] 88 root - INFO - Hypothesis ck_000:float64,float64
[2022-12-13 00:53:54,976 ] 88 root - INFO - Hypothesis cl_000:float64,float64
[2022-12-13 00:53:54,980 ] 88 root - INFO - Hypothesis cm_000:float64,float64
[2022-12-13 00:53:54,985 ] 88 root - INFO - Hypothesis cn_000:float64,float64
[2022-12-13 00:53:54,988 ] 88 root - INFO - Hypothesis cn_001:float64,float64
[2022-12-13 00:53:54,992 ] 88 root - INFO - Hypothesis cn_002:float64,float64
[2022-12-13 00:53:54,997 ] 88 root - INFO - Hypothesis cn_003:float64,float64
[2022-12-13 00:53:55,004 ] 88 root - INFO - Hypothesis cn_004:float64,float64
[2022-12-13 00:53:55,011 ] 88 root - INFO - Hypothesis cn_005:float64,float64
[2022-12-13 00:53:55,018 ] 88 root - INFO - Hypothesis cn_006:float64,float64
[2022-12-13 00:53:55,025 ] 88 root - INFO - Hypothesis cn_007:float64,float64
[2022-12-13 00:53:55,031 ] 88 root - INFO - Hypothesis cn_008:float64,float64
[2022-12-13 00:53:55,037 ] 88 root - INFO - Hypothesis cn_009:float64,float64
[2022-12-13 00:53:55,042 ] 88 root - INFO - Hypothesis cp_000:float64,float64
[2022-12-13 00:53:55,047 ] 88 root - INFO - Hypothesis cq_000:float64,float64
[2022-12-13 00:53:55,058 ] 88 root - INFO - Hypothesis cs_000:float64,float64
[2022-12-13 00:53:55,065 ] 88 root - INFO - Hypothesis cs_001:float64,float64
[2022-12-13 00:53:55,071 ] 88 root - INFO - Hypothesis cs_002:float64,float64
[2022-12-13 00:53:55,077 ] 88 root - INFO - Hypothesis cs_003:float64,float64
[2022-12-13 00:53:55,084 ] 88 root - INFO - Hypothesis cs_004:float64,float64
[2022-12-13 00:53:55,091 ] 88 root - INFO - Hypothesis cs_005:float64,float64
[2022-12-13 00:53:55,098 ] 88 root - INFO - Hypothesis cs_006:float64,float64
[2022-12-13 00:53:55,105 ] 88 root - INFO - Hypothesis cs_007:float64,float64
[2022-12-13 00:53:55,112 ] 88 root - INFO - Hypothesis cs_008:float64,float64
[2022-12-13 00:53:55,117 ] 88 root - INFO - Hypothesis cs_009:float64,float64
[2022-12-13 00:53:55,132 ] 88 root - INFO - Hypothesis dd_000:float64,float64
[2022-12-13 00:53:55,138 ] 88 root - INFO - Hypothesis de_000:float64,float64
[2022-12-13 00:53:55,144 ] 88 root - INFO - Hypothesis df_000:float64,float64
[2022-12-13 00:53:55,147 ] 88 root - INFO - Hypothesis dg_000:float64,float64
[2022-12-13 00:53:55,150 ] 88 root - INFO - Hypothesis dh_000:float64,float64
[2022-12-13 00:53:55,154 ] 88 root - INFO - Hypothesis di_000:float64,float64
[2022-12-13 00:53:55,158 ] 88 root - INFO - Hypothesis dj_000:float64,float64
[2022-12-13 00:53:55,172 ] 88 root - INFO - Hypothesis dk_000:float64,float64
[2022-12-13 00:53:55,187 ] 88 root - INFO - Hypothesis dl_000:float64,float64
[2022-12-13 00:53:55,190 ] 88 root - INFO - Hypothesis dm_000:float64,float64
[2022-12-13 00:53:55,193 ] 88 root - INFO - Hypothesis dn_000:float64,float64
[2022-12-13 00:53:55,200 ] 88 root - INFO - Hypothesis do_000:float64,float64
[2022-12-13 00:53:55,206 ] 88 root - INFO - Hypothesis dp_000:float64,float64
[2022-12-13 00:53:55,213 ] 88 root - INFO - Hypothesis dq_000:float64,float64
[2022-12-13 00:53:55,217 ] 88 root - INFO - Hypothesis dr_000:float64,float64
[2022-12-13 00:53:55,221 ] 88 root - INFO - Hypothesis ds_000:float64,float64
[2022-12-13 00:53:55,228 ] 88 root - INFO - Hypothesis dt_000:float64,float64
[2022-12-13 00:53:55,234 ] 88 root - INFO - Hypothesis du_000:float64,float64
[2022-12-13 00:53:55,241 ] 88 root - INFO - Hypothesis dv_000:float64,float64
[2022-12-13 00:53:55,248 ] 88 root - INFO - Hypothesis dx_000:float64,float64
[2022-12-13 00:53:55,253 ] 88 root - INFO - Hypothesis dy_000:float64,float64
[2022-12-13 00:53:55,258 ] 88 root - INFO - Hypothesis dz_000:float64,float64
[2022-12-13 00:53:55,273 ] 88 root - INFO - Hypothesis ea_000:float64,float64
[2022-12-13 00:53:55,288 ] 88 root - INFO - Hypothesis eb_000:float64,float64
[2022-12-13 00:53:55,294 ] 88 root - INFO - Hypothesis ec_00:float64,float64
[2022-12-13 00:53:55,301 ] 88 root - INFO - Hypothesis ed_000:float64,float64
[2022-12-13 00:53:55,307 ] 88 root - INFO - Hypothesis ee_000:float64,float64
[2022-12-13 00:53:55,314 ] 88 root - INFO - Hypothesis ee_001:float64,float64
[2022-12-13 00:53:55,321 ] 88 root - INFO - Hypothesis ee_002:float64,float64
[2022-12-13 00:53:55,328 ] 88 root - INFO - Hypothesis ee_003:float64,float64
[2022-12-13 00:53:55,335 ] 88 root - INFO - Hypothesis ee_004:float64,float64
[2022-12-13 00:53:55,343 ] 88 root - INFO - Hypothesis ee_005:float64,float64
[2022-12-13 00:53:55,350 ] 88 root - INFO - Hypothesis ee_006:float64,float64
[2022-12-13 00:53:55,357 ] 88 root - INFO - Hypothesis ee_007:float64,float64
[2022-12-13 00:53:55,363 ] 88 root - INFO - Hypothesis ee_008:float64,float64
[2022-12-13 00:53:55,369 ] 88 root - INFO - Hypothesis ee_009:float64,float64
[2022-12-13 00:53:55,374 ] 88 root - INFO - Hypothesis ef_000:float64,float64
[2022-12-13 00:53:55,389 ] 88 root - INFO - Hypothesis eg_000:float64,float64
[2022-12-13 00:53:55,405 ] 155 root - INFO - write report in yaml file
[2022-12-13 00:53:55,471 ] 159 root - INFO - data validation atrifact :DataValidationArtifact(report_file_path=<sensor.entity.config_entity.DataValidationConfig object at 0x7f8db5583730>)
