[2022-12-13 00:46:52,884 ] 17 root - INFO - >>>>>>>>>>>>>>>>>>>>>>>>>>>>>>>>>>>>>>>> Data Ingestion <<<<<<<<<<<<<<<<<<<<<<<<<<<<<<<<<<<<<<<<
[2022-12-13 00:46:52,884 ] 26 root - INFO - Exporting collection data as pandas dataframe
[2022-12-13 00:46:52,884 ] 21 root - INFO - Reading data from database: aps and collection: sensor
[2022-12-13 00:46:56,463 ] 23 root - INFO - Found columns: Index(['_id', 'class', 'aa_000', 'ab_000', 'ac_000', 'ad_000', 'ae_000',
       'af_000', 'ag_000', 'ag_001',
       ...
       'ee_002', 'ee_003', 'ee_004', 'ee_005', 'ee_006', 'ee_007', 'ee_008',
       'ee_009', 'ef_000', 'eg_000'],
      dtype='object', length=172)
[2022-12-13 00:46:56,463 ] 25 root - INFO - Dropping column: _id 
[2022-12-13 00:46:56,658 ] 27 root - INFO - Row and columns in df: (36188, 171)
[2022-12-13 00:46:56,659 ] 32 root - INFO - Save data in feature store
[2022-12-13 00:46:57,213 ] 35 root - INFO - Create feature store folder if not available
[2022-12-13 00:46:57,213 ] 39 root - INFO - Save df to feature store folder
[2022-12-13 00:46:59,603 ] 42 root - INFO - split dataset into train and test set
[2022-12-13 00:47:00,160 ] 46 root - INFO - create dataset directory folder if not available
[2022-12-13 00:47:00,161 ] 51 root - INFO - Save df to feature store folder
[2022-12-13 00:47:02,291 ] 65 root - INFO - Data ingestion artifact: DataIngestionArtifact(feature_store_file_path='/config/workspace/artifact/12132022_004652/data_ingestion/feature_store/sensor.csv', train_file_path='/config/workspace/artifact/12132022_004652/data_ingestion/dataset/train.csv', test_file_path='/config/workspace/artifact/12132022_004652/data_ingestion/dataset/test.csv')
[2022-12-13 00:47:02,725 ] 20 root - INFO - >>>>>>>>>>>>>>>>>>>>>>>>>>>>>>>>>>>>>>>> Data Validation <<<<<<<<<<<<<<<<<<<<<<<<<<<<<<<<<<<<<<<<
[2022-12-13 00:47:02,725 ] 120 root - INFO - Reading base dataframe
[2022-12-13 00:47:05,768 ] 123 root - INFO - Replace na value in base df
[2022-12-13 00:47:05,768 ] 124 root - INFO - Drop null value column from base df
