[2022-12-14 02:39:11,656 ] 17 root - INFO - >>>>>>>>>>>>>>>>>>>>>>>>>>>>>>>>>>>>>>>> Data Ingestion <<<<<<<<<<<<<<<<<<<<<<<<<<<<<<<<<<<<<<<<
[2022-12-14 02:39:11,656 ] 26 root - INFO - Exporting collection data as pandas dataframe
[2022-12-14 02:39:11,656 ] 21 root - INFO - Reading data from database: aps and collection: sensor
[2022-12-14 02:39:15,088 ] 23 root - INFO - Found columns: Index(['_id', 'class', 'aa_000', 'ab_000', 'ac_000', 'ad_000', 'ae_000',
       'af_000', 'ag_000', 'ag_001',
       ...
       'ee_002', 'ee_003', 'ee_004', 'ee_005', 'ee_006', 'ee_007', 'ee_008',
       'ee_009', 'ef_000', 'eg_000'],
      dtype='object', length=172)
[2022-12-14 02:39:15,088 ] 25 root - INFO - Dropping column: _id 
[2022-12-14 02:39:15,275 ] 27 root - INFO - Row and columns in df: (36188, 171)
[2022-12-14 02:39:15,275 ] 32 root - INFO - Save data in feature store
[2022-12-14 02:39:15,791 ] 35 root - INFO - Create feature store folder if not available
[2022-12-14 02:39:15,791 ] 39 root - INFO - Save df to feature store folder
[2022-12-14 02:39:18,109 ] 42 root - INFO - split dataset into train and test set
[2022-12-14 02:39:18,631 ] 46 root - INFO - create dataset directory folder if not available
[2022-12-14 02:39:18,631 ] 51 root - INFO - Save df to feature store folder
[2022-12-14 02:39:20,760 ] 65 root - INFO - Data ingestion artifact: DataIngestionArtifact(feature_store_file_path='/config/workspace/artifact/12142022_023911/data_ingestion/feature_store/sensor.csv', train_file_path='/config/workspace/artifact/12142022_023911/data_ingestion/dataset/train.csv', test_file_path='/config/workspace/artifact/12142022_023911/data_ingestion/dataset/test.csv')
[2022-12-14 02:39:21,173 ] 20 root - INFO - >>>>>>>>>>>>>>>>>>>>>>>>>>>>>>>>>>>>>>>> Data Validation <<<<<<<<<<<<<<<<<<<<<<<<<<<<<<<<<<<<<<<<
[2022-12-14 02:39:21,173 ] 120 root - INFO - Reading base dataframe
[2022-12-14 02:39:23,961 ] 123 root - INFO - Replace na value in base df
[2022-12-14 02:39:23,961 ] 124 root - INFO - Drop null value column from base df
[2022-12-14 02:39:24,878 ] 44 root - INFO - selecting column name which contains null above to 0.2
[2022-12-14 02:39:24,878 ] 47 root - INFO - Columns to drop : ['ab_000', 'ad_000', 'bk_000', 'bl_000', 'bm_000', 'bn_000', 'bo_000', 'bp_000', 'bq_000', 'br_000', 'cf_000', 'cg_000', 'ch_000', 'co_000', 'cr_000', 'ct_000', 'cu_000', 'cv_000', 'cx_000', 'cy_000', 'cz_000', 'da_000', 'db_000', 'dc_000']
[2022-12-14 02:39:24,961 ] 126 root - INFO - Reading train dataframe
[2022-12-14 02:39:25,357 ] 128 root - INFO - Reading test dataframe
[2022-12-14 02:39:25,466 ] 44 root - INFO - selecting column name which contains null above to 0.2
[2022-12-14 02:39:25,467 ] 47 root - INFO - Columns to drop : ['ab_000', 'ad_000', 'bk_000', 'bl_000', 'bm_000', 'bn_000', 'bo_000', 'bp_000', 'bq_000', 'br_000', 'cf_000', 'cg_000', 'ch_000', 'co_000', 'cr_000', 'ct_000', 'cu_000', 'cv_000', 'cx_000', 'cy_000', 'cz_000', 'da_000', 'db_000', 'dc_000']
[2022-12-14 02:39:25,473 ] 132 root - INFO - Droping null value columns from train df
[2022-12-14 02:39:25,477 ] 44 root - INFO - selecting column name which contains null above to 0.2
[2022-12-14 02:39:25,477 ] 47 root - INFO - Columns to drop : ['ab_000', 'ad_000', 'bk_000', 'bl_000', 'bm_000', 'bn_000', 'bo_000', 'bp_000', 'bq_000', 'br_000', 'cf_000', 'cg_000', 'ch_000', 'co_000', 'cr_000', 'ct_000', 'cu_000', 'cv_000', 'cx_000', 'cy_000', 'cz_000', 'da_000', 'db_000', 'dc_000']
[2022-12-14 02:39:25,479 ] 134 root - INFO - Droping null value columns from test df
[2022-12-14 02:39:31,109 ] 141 root - INFO - Is all required columns present in train df 
[2022-12-14 02:39:31,110 ] 143 root - INFO - Is all required columns present in test df
[2022-12-14 02:39:31,110 ] 147 root - INFO - As all column are available in train df hence detecting data frame
[2022-12-14 02:39:31,110 ] 88 root - INFO - Hypothesis class:object,object
[2022-12-14 02:39:31,246 ] 88 root - INFO - Hypothesis aa_000:float64,float64
[2022-12-14 02:39:31,288 ] 88 root - INFO - Hypothesis ac_000:float64,float64
[2022-12-14 02:39:31,296 ] 88 root - INFO - Hypothesis ae_000:float64,float64
[2022-12-14 02:39:31,332 ] 88 root - INFO - Hypothesis af_000:float64,float64
[2022-12-14 02:39:31,371 ] 88 root - INFO - Hypothesis ag_000:float64,float64
[2022-12-14 02:39:31,405 ] 88 root - INFO - Hypothesis ag_001:float64,float64
[2022-12-14 02:39:31,440 ] 88 root - INFO - Hypothesis ag_002:float64,float64
[2022-12-14 02:39:31,476 ] 88 root - INFO - Hypothesis ag_003:float64,float64
[2022-12-14 02:39:31,514 ] 88 root - INFO - Hypothesis ag_004:float64,float64
[2022-12-14 02:39:31,555 ] 88 root - INFO - Hypothesis ag_005:float64,float64
[2022-12-14 02:39:31,596 ] 88 root - INFO - Hypothesis ag_006:float64,float64
[2022-12-14 02:39:31,607 ] 88 root - INFO - Hypothesis ag_007:float64,float64
[2022-12-14 02:39:31,617 ] 88 root - INFO - Hypothesis ag_008:float64,float64
[2022-12-14 02:39:31,626 ] 88 root - INFO - Hypothesis ag_009:float64,float64
[2022-12-14 02:39:31,633 ] 88 root - INFO - Hypothesis ah_000:float64,float64
[2022-12-14 02:39:31,677 ] 88 root - INFO - Hypothesis ai_000:float64,float64
[2022-12-14 02:39:31,714 ] 88 root - INFO - Hypothesis aj_000:float64,float64
[2022-12-14 02:39:31,751 ] 88 root - INFO - Hypothesis ak_000:float64,float64
[2022-12-14 02:39:31,786 ] 88 root - INFO - Hypothesis al_000:float64,float64
[2022-12-14 02:39:31,824 ] 88 root - INFO - Hypothesis am_0:float64,float64
[2022-12-14 02:39:31,862 ] 88 root - INFO - Hypothesis an_000:float64,float64
[2022-12-14 02:39:31,903 ] 88 root - INFO - Hypothesis ao_000:float64,float64
[2022-12-14 02:39:31,945 ] 88 root - INFO - Hypothesis ap_000:float64,float64
[2022-12-14 02:39:31,987 ] 88 root - INFO - Hypothesis aq_000:float64,float64
[2022-12-14 02:39:32,030 ] 88 root - INFO - Hypothesis ar_000:float64,float64
[2022-12-14 02:39:32,066 ] 88 root - INFO - Hypothesis as_000:float64,float64
[2022-12-14 02:39:32,101 ] 88 root - INFO - Hypothesis at_000:float64,float64
[2022-12-14 02:39:32,137 ] 88 root - INFO - Hypothesis au_000:float64,float64
[2022-12-14 02:39:32,172 ] 88 root - INFO - Hypothesis av_000:float64,float64
[2022-12-14 02:39:32,180 ] 88 root - INFO - Hypothesis ax_000:float64,float64
[2022-12-14 02:39:32,220 ] 88 root - INFO - Hypothesis ay_000:float64,float64
[2022-12-14 02:39:32,256 ] 88 root - INFO - Hypothesis ay_001:float64,float64
[2022-12-14 02:39:32,291 ] 88 root - INFO - Hypothesis ay_002:float64,float64
[2022-12-14 02:39:32,328 ] 88 root - INFO - Hypothesis ay_003:float64,float64
[2022-12-14 02:39:32,364 ] 88 root - INFO - Hypothesis ay_004:float64,float64
[2022-12-14 02:39:32,399 ] 88 root - INFO - Hypothesis ay_005:float64,float64
[2022-12-14 02:39:32,407 ] 88 root - INFO - Hypothesis ay_006:float64,float64
[2022-12-14 02:39:32,447 ] 88 root - INFO - Hypothesis ay_007:float64,float64
[2022-12-14 02:39:32,488 ] 88 root - INFO - Hypothesis ay_008:float64,float64
[2022-12-14 02:39:32,499 ] 88 root - INFO - Hypothesis ay_009:float64,float64
[2022-12-14 02:39:32,534 ] 88 root - INFO - Hypothesis az_000:float64,float64
[2022-12-14 02:39:32,575 ] 88 root - INFO - Hypothesis az_001:float64,float64
[2022-12-14 02:39:32,615 ] 88 root - INFO - Hypothesis az_002:float64,float64
[2022-12-14 02:39:32,657 ] 88 root - INFO - Hypothesis az_003:float64,float64
[2022-12-14 02:39:32,699 ] 88 root - INFO - Hypothesis az_004:float64,float64
[2022-12-14 02:39:32,709 ] 88 root - INFO - Hypothesis az_005:float64,float64
[2022-12-14 02:39:32,720 ] 88 root - INFO - Hypothesis az_006:float64,float64
[2022-12-14 02:39:32,729 ] 88 root - INFO - Hypothesis az_007:float64,float64
[2022-12-14 02:39:32,767 ] 88 root - INFO - Hypothesis az_008:float64,float64
[2022-12-14 02:39:32,802 ] 88 root - INFO - Hypothesis az_009:float64,float64
[2022-12-14 02:39:32,838 ] 88 root - INFO - Hypothesis ba_000:float64,float64
[2022-12-14 02:39:32,879 ] 88 root - INFO - Hypothesis ba_001:float64,float64
[2022-12-14 02:39:32,921 ] 88 root - INFO - Hypothesis ba_002:float64,float64
[2022-12-14 02:39:32,964 ] 88 root - INFO - Hypothesis ba_003:float64,float64
[2022-12-14 02:39:33,006 ] 88 root - INFO - Hypothesis ba_004:float64,float64
[2022-12-14 02:39:33,047 ] 88 root - INFO - Hypothesis ba_005:float64,float64
[2022-12-14 02:39:33,088 ] 88 root - INFO - Hypothesis ba_006:float64,float64
[2022-12-14 02:39:33,129 ] 88 root - INFO - Hypothesis ba_007:float64,float64
[2022-12-14 02:39:33,139 ] 88 root - INFO - Hypothesis ba_008:float64,float64
[2022-12-14 02:39:33,182 ] 88 root - INFO - Hypothesis ba_009:float64,float64
[2022-12-14 02:39:33,219 ] 88 root - INFO - Hypothesis bb_000:float64,float64
[2022-12-14 02:39:33,261 ] 88 root - INFO - Hypothesis bc_000:float64,float64
[2022-12-14 02:39:33,268 ] 88 root - INFO - Hypothesis bd_000:float64,float64
[2022-12-14 02:39:33,308 ] 88 root - INFO - Hypothesis be_000:float64,float64
[2022-12-14 02:39:33,349 ] 88 root - INFO - Hypothesis bf_000:float64,float64
[2022-12-14 02:39:33,356 ] 88 root - INFO - Hypothesis bg_000:float64,float64
[2022-12-14 02:39:33,399 ] 88 root - INFO - Hypothesis bh_000:float64,float64
[2022-12-14 02:39:33,446 ] 88 root - INFO - Hypothesis bi_000:float64,float64
[2022-12-14 02:39:33,488 ] 88 root - INFO - Hypothesis bj_000:float64,float64
[2022-12-14 02:39:33,530 ] 88 root - INFO - Hypothesis bs_000:float64,float64
[2022-12-14 02:39:33,572 ] 88 root - INFO - Hypothesis bt_000:float64,float64
[2022-12-14 02:39:33,614 ] 88 root - INFO - Hypothesis bu_000:float64,float64
[2022-12-14 02:39:33,658 ] 88 root - INFO - Hypothesis bv_000:float64,float64
[2022-12-14 02:39:33,700 ] 88 root - INFO - Hypothesis bx_000:float64,float64
[2022-12-14 02:39:33,743 ] 88 root - INFO - Hypothesis by_000:float64,float64
[2022-12-14 02:39:33,754 ] 88 root - INFO - Hypothesis bz_000:float64,float64
[2022-12-14 02:39:33,794 ] 88 root - INFO - Hypothesis ca_000:float64,float64
[2022-12-14 02:39:33,804 ] 88 root - INFO - Hypothesis cb_000:float64,float64
[2022-12-14 02:39:33,847 ] 88 root - INFO - Hypothesis cc_000:float64,float64
[2022-12-14 02:39:33,888 ] 88 root - INFO - Hypothesis cd_000:float64,float64
[2022-12-14 02:39:33,923 ] 88 root - INFO - Hypothesis ce_000:float64,float64
[2022-12-14 02:39:33,933 ] 88 root - INFO - Hypothesis ci_000:float64,float64
[2022-12-14 02:39:33,975 ] 88 root - INFO - Hypothesis cj_000:float64,float64
[2022-12-14 02:39:34,013 ] 88 root - INFO - Hypothesis ck_000:float64,float64
[2022-12-14 02:39:34,055 ] 88 root - INFO - Hypothesis cl_000:float64,float64
[2022-12-14 02:39:34,091 ] 88 root - INFO - Hypothesis cm_000:float64,float64
[2022-12-14 02:39:34,130 ] 88 root - INFO - Hypothesis cn_000:float64,float64
[2022-12-14 02:39:34,166 ] 88 root - INFO - Hypothesis cn_001:float64,float64
[2022-12-14 02:39:34,202 ] 88 root - INFO - Hypothesis cn_002:float64,float64
[2022-12-14 02:39:34,242 ] 88 root - INFO - Hypothesis cn_003:float64,float64
[2022-12-14 02:39:34,284 ] 88 root - INFO - Hypothesis cn_004:float64,float64
[2022-12-14 02:39:34,294 ] 88 root - INFO - Hypothesis cn_005:float64,float64
[2022-12-14 02:39:34,305 ] 88 root - INFO - Hypothesis cn_006:float64,float64
[2022-12-14 02:39:34,315 ] 88 root - INFO - Hypothesis cn_007:float64,float64
[2022-12-14 02:39:34,325 ] 88 root - INFO - Hypothesis cn_008:float64,float64
[2022-12-14 02:39:34,334 ] 88 root - INFO - Hypothesis cn_009:float64,float64
[2022-12-14 02:39:34,342 ] 88 root - INFO - Hypothesis cp_000:float64,float64
[2022-12-14 02:39:34,381 ] 88 root - INFO - Hypothesis cq_000:float64,float64
[2022-12-14 02:39:34,423 ] 88 root - INFO - Hypothesis cs_000:float64,float64
[2022-12-14 02:39:34,464 ] 88 root - INFO - Hypothesis cs_001:float64,float64
[2022-12-14 02:39:34,504 ] 88 root - INFO - Hypothesis cs_002:float64,float64
[2022-12-14 02:39:34,514 ] 88 root - INFO - Hypothesis cs_003:float64,float64
[2022-12-14 02:39:34,524 ] 88 root - INFO - Hypothesis cs_004:float64,float64
[2022-12-14 02:39:34,567 ] 88 root - INFO - Hypothesis cs_005:float64,float64
[2022-12-14 02:39:34,578 ] 88 root - INFO - Hypothesis cs_006:float64,float64
[2022-12-14 02:39:34,589 ] 88 root - INFO - Hypothesis cs_007:float64,float64
[2022-12-14 02:39:34,630 ] 88 root - INFO - Hypothesis cs_008:float64,float64
[2022-12-14 02:39:34,638 ] 88 root - INFO - Hypothesis cs_009:float64,float64
[2022-12-14 02:39:34,673 ] 88 root - INFO - Hypothesis dd_000:float64,float64
[2022-12-14 02:39:34,682 ] 88 root - INFO - Hypothesis de_000:float64,float64
[2022-12-14 02:39:34,722 ] 88 root - INFO - Hypothesis df_000:float64,float64
[2022-12-14 02:39:34,758 ] 88 root - INFO - Hypothesis dg_000:float64,float64
[2022-12-14 02:39:34,793 ] 88 root - INFO - Hypothesis dh_000:float64,float64
[2022-12-14 02:39:34,829 ] 88 root - INFO - Hypothesis di_000:float64,float64
[2022-12-14 02:39:34,866 ] 88 root - INFO - Hypothesis dj_000:float64,float64
[2022-12-14 02:39:34,901 ] 88 root - INFO - Hypothesis dk_000:float64,float64
[2022-12-14 02:39:34,938 ] 88 root - INFO - Hypothesis dl_000:float64,float64
[2022-12-14 02:39:34,974 ] 88 root - INFO - Hypothesis dm_000:float64,float64
[2022-12-14 02:39:35,010 ] 88 root - INFO - Hypothesis dn_000:float64,float64
[2022-12-14 02:39:35,051 ] 88 root - INFO - Hypothesis do_000:float64,float64
[2022-12-14 02:39:35,061 ] 88 root - INFO - Hypothesis dp_000:float64,float64
[2022-12-14 02:39:35,101 ] 88 root - INFO - Hypothesis dq_000:float64,float64
[2022-12-14 02:39:35,139 ] 88 root - INFO - Hypothesis dr_000:float64,float64
[2022-12-14 02:39:35,177 ] 88 root - INFO - Hypothesis ds_000:float64,float64
[2022-12-14 02:39:35,187 ] 88 root - INFO - Hypothesis dt_000:float64,float64
[2022-12-14 02:39:35,197 ] 88 root - INFO - Hypothesis du_000:float64,float64
[2022-12-14 02:39:35,207 ] 88 root - INFO - Hypothesis dv_000:float64,float64
[2022-12-14 02:39:35,217 ] 88 root - INFO - Hypothesis dx_000:float64,float64
[2022-12-14 02:39:35,224 ] 88 root - INFO - Hypothesis dy_000:float64,float64
[2022-12-14 02:39:35,262 ] 88 root - INFO - Hypothesis dz_000:float64,float64
[2022-12-14 02:39:35,297 ] 88 root - INFO - Hypothesis ea_000:float64,float64
[2022-12-14 02:39:35,335 ] 88 root - INFO - Hypothesis eb_000:float64,float64
[2022-12-14 02:39:35,376 ] 88 root - INFO - Hypothesis ec_00:float64,float64
[2022-12-14 02:39:35,386 ] 88 root - INFO - Hypothesis ed_000:float64,float64
[2022-12-14 02:39:35,395 ] 88 root - INFO - Hypothesis ee_000:float64,float64
[2022-12-14 02:39:35,436 ] 88 root - INFO - Hypothesis ee_001:float64,float64
[2022-12-14 02:39:35,447 ] 88 root - INFO - Hypothesis ee_002:float64,float64
[2022-12-14 02:39:35,458 ] 88 root - INFO - Hypothesis ee_003:float64,float64
[2022-12-14 02:39:35,468 ] 88 root - INFO - Hypothesis ee_004:float64,float64
[2022-12-14 02:39:35,478 ] 88 root - INFO - Hypothesis ee_005:float64,float64
[2022-12-14 02:39:35,488 ] 88 root - INFO - Hypothesis ee_006:float64,float64
[2022-12-14 02:39:35,529 ] 88 root - INFO - Hypothesis ee_007:float64,float64
[2022-12-14 02:39:35,571 ] 88 root - INFO - Hypothesis ee_008:float64,float64
[2022-12-14 02:39:35,611 ] 88 root - INFO - Hypothesis ee_009:float64,float64
[2022-12-14 02:39:35,650 ] 88 root - INFO - Hypothesis ef_000:float64,float64
[2022-12-14 02:39:35,686 ] 88 root - INFO - Hypothesis eg_000:float64,float64
[2022-12-14 02:39:35,721 ] 151 root - INFO - As all column are available in test df hence detecting data frame
[2022-12-14 02:39:35,721 ] 88 root - INFO - Hypothesis class:object,object
[2022-12-14 02:39:35,800 ] 88 root - INFO - Hypothesis aa_000:float64,float64
[2022-12-14 02:39:35,807 ] 88 root - INFO - Hypothesis ac_000:float64,float64
[2022-12-14 02:39:35,812 ] 88 root - INFO - Hypothesis ae_000:float64,float64
[2022-12-14 02:39:35,827 ] 88 root - INFO - Hypothesis af_000:float64,float64
[2022-12-14 02:39:35,843 ] 88 root - INFO - Hypothesis ag_000:float64,float64
[2022-12-14 02:39:35,857 ] 88 root - INFO - Hypothesis ag_001:float64,float64
[2022-12-14 02:39:35,872 ] 88 root - INFO - Hypothesis ag_002:float64,float64
[2022-12-14 02:39:35,887 ] 88 root - INFO - Hypothesis ag_003:float64,float64
[2022-12-14 02:39:35,891 ] 88 root - INFO - Hypothesis ag_004:float64,float64
[2022-12-14 02:39:35,898 ] 88 root - INFO - Hypothesis ag_005:float64,float64
[2022-12-14 02:39:35,905 ] 88 root - INFO - Hypothesis ag_006:float64,float64
[2022-12-14 02:39:35,912 ] 88 root - INFO - Hypothesis ag_007:float64,float64
[2022-12-14 02:39:35,918 ] 88 root - INFO - Hypothesis ag_008:float64,float64
[2022-12-14 02:39:35,924 ] 88 root - INFO - Hypothesis ag_009:float64,float64
[2022-12-14 02:39:35,928 ] 88 root - INFO - Hypothesis ah_000:float64,float64
[2022-12-14 02:39:35,936 ] 88 root - INFO - Hypothesis ai_000:float64,float64
[2022-12-14 02:39:35,939 ] 88 root - INFO - Hypothesis aj_000:float64,float64
[2022-12-14 02:39:35,956 ] 88 root - INFO - Hypothesis ak_000:float64,float64
[2022-12-14 02:39:35,971 ] 88 root - INFO - Hypothesis al_000:float64,float64
[2022-12-14 02:39:35,976 ] 88 root - INFO - Hypothesis am_0:float64,float64
[2022-12-14 02:39:35,980 ] 88 root - INFO - Hypothesis an_000:float64,float64
[2022-12-14 02:39:35,988 ] 88 root - INFO - Hypothesis ao_000:float64,float64
[2022-12-14 02:39:35,995 ] 88 root - INFO - Hypothesis ap_000:float64,float64
[2022-12-14 02:39:36,002 ] 88 root - INFO - Hypothesis aq_000:float64,float64
[2022-12-14 02:39:36,009 ] 88 root - INFO - Hypothesis ar_000:float64,float64
[2022-12-14 02:39:36,024 ] 88 root - INFO - Hypothesis as_000:float64,float64
[2022-12-14 02:39:36,040 ] 88 root - INFO - Hypothesis at_000:float64,float64
[2022-12-14 02:39:36,056 ] 88 root - INFO - Hypothesis au_000:float64,float64
[2022-12-14 02:39:36,071 ] 88 root - INFO - Hypothesis av_000:float64,float64
[2022-12-14 02:39:36,076 ] 88 root - INFO - Hypothesis ax_000:float64,float64
[2022-12-14 02:39:36,082 ] 88 root - INFO - Hypothesis ay_000:float64,float64
[2022-12-14 02:39:36,096 ] 88 root - INFO - Hypothesis ay_001:float64,float64
[2022-12-14 02:39:36,111 ] 88 root - INFO - Hypothesis ay_002:float64,float64
[2022-12-14 02:39:36,126 ] 88 root - INFO - Hypothesis ay_003:float64,float64
[2022-12-14 02:39:36,141 ] 88 root - INFO - Hypothesis ay_004:float64,float64
[2022-12-14 02:39:36,156 ] 88 root - INFO - Hypothesis ay_005:float64,float64
[2022-12-14 02:39:36,162 ] 88 root - INFO - Hypothesis ay_006:float64,float64
[2022-12-14 02:39:36,168 ] 88 root - INFO - Hypothesis ay_007:float64,float64
[2022-12-14 02:39:36,174 ] 88 root - INFO - Hypothesis ay_008:float64,float64
[2022-12-14 02:39:36,181 ] 88 root - INFO - Hypothesis ay_009:float64,float64
[2022-12-14 02:39:36,196 ] 88 root - INFO - Hypothesis az_000:float64,float64
[2022-12-14 02:39:36,202 ] 88 root - INFO - Hypothesis az_001:float64,float64
[2022-12-14 02:39:36,209 ] 88 root - INFO - Hypothesis az_002:float64,float64
[2022-12-14 02:39:36,215 ] 88 root - INFO - Hypothesis az_003:float64,float64
[2022-12-14 02:39:36,221 ] 88 root - INFO - Hypothesis az_004:float64,float64
[2022-12-14 02:39:36,228 ] 88 root - INFO - Hypothesis az_005:float64,float64
[2022-12-14 02:39:36,235 ] 88 root - INFO - Hypothesis az_006:float64,float64
[2022-12-14 02:39:36,242 ] 88 root - INFO - Hypothesis az_007:float64,float64
[2022-12-14 02:39:36,246 ] 88 root - INFO - Hypothesis az_008:float64,float64
[2022-12-14 02:39:36,261 ] 88 root - INFO - Hypothesis az_009:float64,float64
[2022-12-14 02:39:36,276 ] 88 root - INFO - Hypothesis ba_000:float64,float64
[2022-12-14 02:39:36,283 ] 88 root - INFO - Hypothesis ba_001:float64,float64
[2022-12-14 02:39:36,291 ] 88 root - INFO - Hypothesis ba_002:float64,float64
[2022-12-14 02:39:36,298 ] 88 root - INFO - Hypothesis ba_003:float64,float64
[2022-12-14 02:39:36,306 ] 88 root - INFO - Hypothesis ba_004:float64,float64
[2022-12-14 02:39:36,313 ] 88 root - INFO - Hypothesis ba_005:float64,float64
[2022-12-14 02:39:36,320 ] 88 root - INFO - Hypothesis ba_006:float64,float64
[2022-12-14 02:39:36,326 ] 88 root - INFO - Hypothesis ba_007:float64,float64
[2022-12-14 02:39:36,333 ] 88 root - INFO - Hypothesis ba_008:float64,float64
[2022-12-14 02:39:36,339 ] 88 root - INFO - Hypothesis ba_009:float64,float64
[2022-12-14 02:39:36,356 ] 88 root - INFO - Hypothesis bb_000:float64,float64
[2022-12-14 02:39:36,363 ] 88 root - INFO - Hypothesis bc_000:float64,float64
[2022-12-14 02:39:36,368 ] 88 root - INFO - Hypothesis bd_000:float64,float64
[2022-12-14 02:39:36,374 ] 88 root - INFO - Hypothesis be_000:float64,float64
[2022-12-14 02:39:36,379 ] 88 root - INFO - Hypothesis bf_000:float64,float64
[2022-12-14 02:39:36,384 ] 88 root - INFO - Hypothesis bg_000:float64,float64
[2022-12-14 02:39:36,391 ] 88 root - INFO - Hypothesis bh_000:float64,float64
[2022-12-14 02:39:36,398 ] 88 root - INFO - Hypothesis bi_000:float64,float64
[2022-12-14 02:39:36,405 ] 88 root - INFO - Hypothesis bj_000:float64,float64
[2022-12-14 02:39:36,412 ] 88 root - INFO - Hypothesis bs_000:float64,float64
[2022-12-14 02:39:36,419 ] 88 root - INFO - Hypothesis bt_000:float64,float64
[2022-12-14 02:39:36,426 ] 88 root - INFO - Hypothesis bu_000:float64,float64
[2022-12-14 02:39:36,433 ] 88 root - INFO - Hypothesis bv_000:float64,float64
[2022-12-14 02:39:36,440 ] 88 root - INFO - Hypothesis bx_000:float64,float64
[2022-12-14 02:39:36,447 ] 88 root - INFO - Hypothesis by_000:float64,float64
[2022-12-14 02:39:36,453 ] 88 root - INFO - Hypothesis bz_000:float64,float64
[2022-12-14 02:39:36,460 ] 88 root - INFO - Hypothesis ca_000:float64,float64
[2022-12-14 02:39:36,466 ] 88 root - INFO - Hypothesis cb_000:float64,float64
[2022-12-14 02:39:36,473 ] 88 root - INFO - Hypothesis cc_000:float64,float64
[2022-12-14 02:39:36,480 ] 88 root - INFO - Hypothesis cd_000:float64,float64
[2022-12-14 02:39:36,495 ] 88 root - INFO - Hypothesis ce_000:float64,float64
[2022-12-14 02:39:36,502 ] 88 root - INFO - Hypothesis ci_000:float64,float64
[2022-12-14 02:39:36,509 ] 88 root - INFO - Hypothesis cj_000:float64,float64
[2022-12-14 02:39:36,524 ] 88 root - INFO - Hypothesis ck_000:float64,float64
[2022-12-14 02:39:36,532 ] 88 root - INFO - Hypothesis cl_000:float64,float64
[2022-12-14 02:39:36,536 ] 88 root - INFO - Hypothesis cm_000:float64,float64
[2022-12-14 02:39:36,541 ] 88 root - INFO - Hypothesis cn_000:float64,float64
[2022-12-14 02:39:36,556 ] 88 root - INFO - Hypothesis cn_001:float64,float64
[2022-12-14 02:39:36,572 ] 88 root - INFO - Hypothesis cn_002:float64,float64
[2022-12-14 02:39:36,578 ] 88 root - INFO - Hypothesis cn_003:float64,float64
[2022-12-14 02:39:36,585 ] 88 root - INFO - Hypothesis cn_004:float64,float64
[2022-12-14 02:39:36,592 ] 88 root - INFO - Hypothesis cn_005:float64,float64
[2022-12-14 02:39:36,599 ] 88 root - INFO - Hypothesis cn_006:float64,float64
[2022-12-14 02:39:36,605 ] 88 root - INFO - Hypothesis cn_007:float64,float64
[2022-12-14 02:39:36,612 ] 88 root - INFO - Hypothesis cn_008:float64,float64
[2022-12-14 02:39:36,618 ] 88 root - INFO - Hypothesis cn_009:float64,float64
[2022-12-14 02:39:36,623 ] 88 root - INFO - Hypothesis cp_000:float64,float64
[2022-12-14 02:39:36,628 ] 88 root - INFO - Hypothesis cq_000:float64,float64
[2022-12-14 02:39:36,635 ] 88 root - INFO - Hypothesis cs_000:float64,float64
[2022-12-14 02:39:36,642 ] 88 root - INFO - Hypothesis cs_001:float64,float64
[2022-12-14 02:39:36,648 ] 88 root - INFO - Hypothesis cs_002:float64,float64
[2022-12-14 02:39:36,655 ] 88 root - INFO - Hypothesis cs_003:float64,float64
[2022-12-14 02:39:36,661 ] 88 root - INFO - Hypothesis cs_004:float64,float64
[2022-12-14 02:39:36,668 ] 88 root - INFO - Hypothesis cs_005:float64,float64
[2022-12-14 02:39:36,676 ] 88 root - INFO - Hypothesis cs_006:float64,float64
[2022-12-14 02:39:36,683 ] 88 root - INFO - Hypothesis cs_007:float64,float64
[2022-12-14 02:39:36,690 ] 88 root - INFO - Hypothesis cs_008:float64,float64
[2022-12-14 02:39:36,695 ] 88 root - INFO - Hypothesis cs_009:float64,float64
[2022-12-14 02:39:36,710 ] 88 root - INFO - Hypothesis dd_000:float64,float64
[2022-12-14 02:39:36,716 ] 88 root - INFO - Hypothesis de_000:float64,float64
[2022-12-14 02:39:36,722 ] 88 root - INFO - Hypothesis df_000:float64,float64
[2022-12-14 02:39:36,737 ] 88 root - INFO - Hypothesis dg_000:float64,float64
[2022-12-14 02:39:36,753 ] 88 root - INFO - Hypothesis dh_000:float64,float64
[2022-12-14 02:39:36,756 ] 88 root - INFO - Hypothesis di_000:float64,float64
[2022-12-14 02:39:36,760 ] 88 root - INFO - Hypothesis dj_000:float64,float64
[2022-12-14 02:39:36,775 ] 88 root - INFO - Hypothesis dk_000:float64,float64
[2022-12-14 02:39:36,791 ] 88 root - INFO - Hypothesis dl_000:float64,float64
[2022-12-14 02:39:36,806 ] 88 root - INFO - Hypothesis dm_000:float64,float64
[2022-12-14 02:39:36,822 ] 88 root - INFO - Hypothesis dn_000:float64,float64
[2022-12-14 02:39:36,829 ] 88 root - INFO - Hypothesis do_000:float64,float64
[2022-12-14 02:39:36,836 ] 88 root - INFO - Hypothesis dp_000:float64,float64
[2022-12-14 02:39:36,842 ] 88 root - INFO - Hypothesis dq_000:float64,float64
[2022-12-14 02:39:36,846 ] 88 root - INFO - Hypothesis dr_000:float64,float64
[2022-12-14 02:39:36,851 ] 88 root - INFO - Hypothesis ds_000:float64,float64
[2022-12-14 02:39:36,858 ] 88 root - INFO - Hypothesis dt_000:float64,float64
[2022-12-14 02:39:36,864 ] 88 root - INFO - Hypothesis du_000:float64,float64
[2022-12-14 02:39:36,871 ] 88 root - INFO - Hypothesis dv_000:float64,float64
[2022-12-14 02:39:36,878 ] 88 root - INFO - Hypothesis dx_000:float64,float64
[2022-12-14 02:39:36,883 ] 88 root - INFO - Hypothesis dy_000:float64,float64
[2022-12-14 02:39:36,888 ] 88 root - INFO - Hypothesis dz_000:float64,float64
[2022-12-14 02:39:36,903 ] 88 root - INFO - Hypothesis ea_000:float64,float64
[2022-12-14 02:39:36,919 ] 88 root - INFO - Hypothesis eb_000:float64,float64
[2022-12-14 02:39:36,925 ] 88 root - INFO - Hypothesis ec_00:float64,float64
[2022-12-14 02:39:36,932 ] 88 root - INFO - Hypothesis ed_000:float64,float64
[2022-12-14 02:39:36,938 ] 88 root - INFO - Hypothesis ee_000:float64,float64
[2022-12-14 02:39:36,945 ] 88 root - INFO - Hypothesis ee_001:float64,float64
[2022-12-14 02:39:36,952 ] 88 root - INFO - Hypothesis ee_002:float64,float64
[2022-12-14 02:39:36,960 ] 88 root - INFO - Hypothesis ee_003:float64,float64
[2022-12-14 02:39:36,966 ] 88 root - INFO - Hypothesis ee_004:float64,float64
[2022-12-14 02:39:36,973 ] 88 root - INFO - Hypothesis ee_005:float64,float64
[2022-12-14 02:39:36,980 ] 88 root - INFO - Hypothesis ee_006:float64,float64
[2022-12-14 02:39:36,987 ] 88 root - INFO - Hypothesis ee_007:float64,float64
[2022-12-14 02:39:36,993 ] 88 root - INFO - Hypothesis ee_008:float64,float64
[2022-12-14 02:39:36,999 ] 88 root - INFO - Hypothesis ee_009:float64,float64
[2022-12-14 02:39:37,004 ] 88 root - INFO - Hypothesis ef_000:float64,float64
[2022-12-14 02:39:37,019 ] 88 root - INFO - Hypothesis eg_000:float64,float64
[2022-12-14 02:39:37,034 ] 155 root - INFO - write report in yaml file
[2022-12-14 02:39:37,102 ] 159 root - INFO - data validation atrifact :DataValidationArtifact(report_file_path=<sensor.entity.config_entity.DataValidationConfig object at 0x7f76109a4580>)
[2022-12-14 02:39:37,974 ] 67 root - INFO - Before resampling in training set input : (28950, 170) Target : (28950,)
[2022-12-14 02:39:43,914 ] 69 root - INFO - After resampling in training set input : (56202, 170) Target : (56202,)
[2022-12-14 02:39:43,914 ] 71 root - INFO - Before resampling in testing set input : (7238, 170) Target : (7238,)
[2022-12-14 02:39:44,518 ] 73 root - INFO - After resampling in testing set input : (14024, 170) Target : (14024,)
[2022-12-14 02:39:44,634 ] 55 root - INFO - Entered the save_object method of mainutils class
[2022-12-14 02:39:44,636 ] 59 root - INFO - Exited the save_object of mainutils class
[2022-12-14 02:39:44,636 ] 55 root - INFO - Entered the save_object method of mainutils class
[2022-12-14 02:39:44,637 ] 59 root - INFO - Exited the save_object of mainutils class
[2022-12-14 02:39:44,637 ] 105 root - INFO - Data transformation object DataTransformationArtifact(transform_object_path='/config/workspace/artifact/12142022_023911/data_transformation/transformer/transform.pkl', transformed_train_path='/config/workspace/artifact/12142022_023911/data_transformation/transformed/train.npz', transformed_test_path='/config/workspace/artifact/12142022_023911/data_transformation/transformed/test.npz', target_encoder_path='/config/workspace/artifact/12142022_023911/data_transformation/target_encoder/target_encoder.pkl')
[2022-12-14 02:39:44,638 ] 40 root - INFO - loading train test array
[2022-12-14 02:39:44,668 ] 44 root - INFO - Splitting input and target feature from both train and test array
[2022-12-14 02:39:44,669 ] 48 root - INFO - Train the model
[2022-12-14 02:39:54,135 ] 51 root - INFO - Calculating f1 train score
[2022-12-14 02:39:54,188 ] 56 root - INFO - Calculating f1 test score
[2022-12-14 02:39:54,204 ] 62 root - INFO - train_score:0.9999822067223003 and test_score :0.9773978556940017
[2022-12-14 02:39:54,204 ] 63 root - INFO - Checking if our model is underfitting  or not
[2022-12-14 02:39:54,204 ] 67 root - INFO - Checking if our model is overfitting or not
[2022-12-14 02:39:54,204 ] 75 root - INFO - Saving model object
[2022-12-14 02:39:54,204 ] 55 root - INFO - Entered the save_object method of mainutils class
[2022-12-14 02:39:54,210 ] 59 root - INFO - Exited the save_object of mainutils class
[2022-12-14 02:39:54,211 ] 80 root - INFO - Preparing the artifact
[2022-12-14 02:39:54,211 ] 84 root - INFO - Model trainer artifact:ModelTrainerArtifact(model_path='/config/workspace/artifact/12142022_023911/model_trainer/model/model.pkl', f1_train_score=0.9999822067223003, f1_test_score=0.9773978556940017)
[2022-12-14 02:39:54,211 ] 19 root - INFO - >>>>>>>>>>>>>>>>>>>>>>>>>>>>>>>>>>>>>>>>  Model Evaluation <<<<<<<<<<<<<<<<<<<<<<<<<<<<<<<<<<<<<<<<
[2022-12-14 02:39:54,212 ] 34 root - INFO - if saved model folder has model the we will compare which model is best trained or the model from saved model folder
[2022-12-14 02:39:54,212 ] 40 root - INFO - Model evaluation artifact: ModelEvaluationArtifact(is_model_accepted=True, improved_accuracy=None)
