[2022-12-15 01:51:07,964 ] 17 root - INFO - >>>>>>>>>>>>>>>>>>>>>>>>>>>>>>>>>>>>>>>> Data Ingestion <<<<<<<<<<<<<<<<<<<<<<<<<<<<<<<<<<<<<<<<
[2022-12-15 01:51:07,964 ] 26 root - INFO - Exporting collection data as pandas dataframe
[2022-12-15 01:51:07,964 ] 21 root - INFO - Reading data from database: aps and collection: sensor
[2022-12-15 01:51:11,407 ] 23 root - INFO - Found columns: Index(['_id', 'class', 'aa_000', 'ab_000', 'ac_000', 'ad_000', 'ae_000',
       'af_000', 'ag_000', 'ag_001',
       ...
       'ee_002', 'ee_003', 'ee_004', 'ee_005', 'ee_006', 'ee_007', 'ee_008',
       'ee_009', 'ef_000', 'eg_000'],
      dtype='object', length=172)
[2022-12-15 01:51:11,407 ] 25 root - INFO - Dropping column: _id 
[2022-12-15 01:51:11,598 ] 27 root - INFO - Row and columns in df: (36188, 171)
[2022-12-15 01:51:11,598 ] 32 root - INFO - Save data in feature store
[2022-12-15 01:51:12,119 ] 35 root - INFO - Create feature store folder if not available
[2022-12-15 01:51:12,119 ] 39 root - INFO - Save df to feature store folder
[2022-12-15 01:51:14,496 ] 42 root - INFO - split dataset into train and test set
[2022-12-15 01:51:14,991 ] 46 root - INFO - create dataset directory folder if not available
[2022-12-15 01:51:14,992 ] 51 root - INFO - Save df to feature store folder
[2022-12-15 01:51:17,088 ] 65 root - INFO - Data ingestion artifact: DataIngestionArtifact(feature_store_file_path='/config/workspace/artifact/12152022_015107/data_ingestion/feature_store/sensor.csv', train_file_path='/config/workspace/artifact/12152022_015107/data_ingestion/dataset/train.csv', test_file_path='/config/workspace/artifact/12152022_015107/data_ingestion/dataset/test.csv')
[2022-12-15 01:51:17,524 ] 20 root - INFO - >>>>>>>>>>>>>>>>>>>>>>>>>>>>>>>>>>>>>>>> Data Validation <<<<<<<<<<<<<<<<<<<<<<<<<<<<<<<<<<<<<<<<
[2022-12-15 01:51:17,524 ] 120 root - INFO - Reading base dataframe
[2022-12-15 01:51:20,297 ] 123 root - INFO - Replace na value in base df
[2022-12-15 01:51:20,297 ] 124 root - INFO - Drop null value column from base df
[2022-12-15 01:51:21,212 ] 44 root - INFO - selecting column name which contains null above to 0.2
[2022-12-15 01:51:21,213 ] 47 root - INFO - Columns to drop : ['ab_000', 'ad_000', 'bk_000', 'bl_000', 'bm_000', 'bn_000', 'bo_000', 'bp_000', 'bq_000', 'br_000', 'cf_000', 'cg_000', 'ch_000', 'co_000', 'cr_000', 'ct_000', 'cu_000', 'cv_000', 'cx_000', 'cy_000', 'cz_000', 'da_000', 'db_000', 'dc_000']
[2022-12-15 01:51:21,298 ] 126 root - INFO - Reading train dataframe
[2022-12-15 01:51:21,690 ] 128 root - INFO - Reading test dataframe
[2022-12-15 01:51:21,801 ] 44 root - INFO - selecting column name which contains null above to 0.2
[2022-12-15 01:51:21,802 ] 47 root - INFO - Columns to drop : ['ab_000', 'ad_000', 'bk_000', 'bl_000', 'bm_000', 'bn_000', 'bo_000', 'bp_000', 'bq_000', 'br_000', 'cf_000', 'cg_000', 'ch_000', 'co_000', 'cr_000', 'ct_000', 'cu_000', 'cv_000', 'cx_000', 'cy_000', 'cz_000', 'da_000', 'db_000', 'dc_000']
[2022-12-15 01:51:21,808 ] 132 root - INFO - Droping null value columns from train df
[2022-12-15 01:51:21,812 ] 44 root - INFO - selecting column name which contains null above to 0.2
[2022-12-15 01:51:21,812 ] 47 root - INFO - Columns to drop : ['ab_000', 'ad_000', 'bk_000', 'bl_000', 'bm_000', 'bn_000', 'bo_000', 'bp_000', 'bq_000', 'br_000', 'cf_000', 'cg_000', 'ch_000', 'co_000', 'cr_000', 'ct_000', 'cu_000', 'cv_000', 'cx_000', 'cy_000', 'cz_000', 'da_000', 'db_000', 'dc_000']
[2022-12-15 01:51:21,815 ] 134 root - INFO - Droping null value columns from test df
[2022-12-15 01:51:27,540 ] 141 root - INFO - Is all required columns present in train df 
[2022-12-15 01:51:27,541 ] 143 root - INFO - Is all required columns present in test df
[2022-12-15 01:51:27,541 ] 147 root - INFO - As all column are available in train df hence detecting data frame
[2022-12-15 01:51:27,541 ] 88 root - INFO - Hypothesis class:object,object
[2022-12-15 01:51:27,672 ] 88 root - INFO - Hypothesis aa_000:float64,float64
[2022-12-15 01:51:27,683 ] 88 root - INFO - Hypothesis ac_000:float64,float64
[2022-12-15 01:51:27,722 ] 88 root - INFO - Hypothesis ae_000:float64,float64
[2022-12-15 01:51:27,758 ] 88 root - INFO - Hypothesis af_000:float64,float64
[2022-12-15 01:51:27,793 ] 88 root - INFO - Hypothesis ag_000:float64,float64
[2022-12-15 01:51:27,830 ] 88 root - INFO - Hypothesis ag_001:float64,float64
[2022-12-15 01:51:27,865 ] 88 root - INFO - Hypothesis ag_002:float64,float64
[2022-12-15 01:51:27,901 ] 88 root - INFO - Hypothesis ag_003:float64,float64
[2022-12-15 01:51:27,907 ] 88 root - INFO - Hypothesis ag_004:float64,float64
[2022-12-15 01:51:27,917 ] 88 root - INFO - Hypothesis ag_005:float64,float64
[2022-12-15 01:51:27,927 ] 88 root - INFO - Hypothesis ag_006:float64,float64
[2022-12-15 01:51:27,938 ] 88 root - INFO - Hypothesis ag_007:float64,float64
[2022-12-15 01:51:27,947 ] 88 root - INFO - Hypothesis ag_008:float64,float64
[2022-12-15 01:51:27,955 ] 88 root - INFO - Hypothesis ag_009:float64,float64
[2022-12-15 01:51:27,962 ] 88 root - INFO - Hypothesis ah_000:float64,float64
[2022-12-15 01:51:27,974 ] 88 root - INFO - Hypothesis ai_000:float64,float64
[2022-12-15 01:51:28,011 ] 88 root - INFO - Hypothesis aj_000:float64,float64
[2022-12-15 01:51:28,017 ] 88 root - INFO - Hypothesis ak_000:float64,float64
[2022-12-15 01:51:28,054 ] 88 root - INFO - Hypothesis al_000:float64,float64
[2022-12-15 01:51:28,061 ] 88 root - INFO - Hypothesis am_0:float64,float64
[2022-12-15 01:51:28,069 ] 88 root - INFO - Hypothesis an_000:float64,float64
[2022-12-15 01:51:28,079 ] 88 root - INFO - Hypothesis ao_000:float64,float64
[2022-12-15 01:51:28,089 ] 88 root - INFO - Hypothesis ap_000:float64,float64
[2022-12-15 01:51:28,100 ] 88 root - INFO - Hypothesis aq_000:float64,float64
[2022-12-15 01:51:28,111 ] 88 root - INFO - Hypothesis ar_000:float64,float64
[2022-12-15 01:51:28,146 ] 88 root - INFO - Hypothesis as_000:float64,float64
[2022-12-15 01:51:28,181 ] 88 root - INFO - Hypothesis at_000:float64,float64
[2022-12-15 01:51:28,218 ] 88 root - INFO - Hypothesis au_000:float64,float64
[2022-12-15 01:51:28,255 ] 88 root - INFO - Hypothesis av_000:float64,float64
[2022-12-15 01:51:28,264 ] 88 root - INFO - Hypothesis ax_000:float64,float64
[2022-12-15 01:51:28,272 ] 88 root - INFO - Hypothesis ay_000:float64,float64
[2022-12-15 01:51:28,309 ] 88 root - INFO - Hypothesis ay_001:float64,float64
[2022-12-15 01:51:28,345 ] 88 root - INFO - Hypothesis ay_002:float64,float64
[2022-12-15 01:51:28,387 ] 88 root - INFO - Hypothesis ay_003:float64,float64
[2022-12-15 01:51:28,423 ] 88 root - INFO - Hypothesis ay_004:float64,float64
[2022-12-15 01:51:28,458 ] 88 root - INFO - Hypothesis ay_005:float64,float64
[2022-12-15 01:51:28,498 ] 88 root - INFO - Hypothesis ay_006:float64,float64
[2022-12-15 01:51:28,508 ] 88 root - INFO - Hypothesis ay_007:float64,float64
[2022-12-15 01:51:28,518 ] 88 root - INFO - Hypothesis ay_008:float64,float64
[2022-12-15 01:51:28,528 ] 88 root - INFO - Hypothesis ay_009:float64,float64
[2022-12-15 01:51:28,563 ] 88 root - INFO - Hypothesis az_000:float64,float64
[2022-12-15 01:51:28,573 ] 88 root - INFO - Hypothesis az_001:float64,float64
[2022-12-15 01:51:28,586 ] 88 root - INFO - Hypothesis az_002:float64,float64
[2022-12-15 01:51:28,596 ] 88 root - INFO - Hypothesis az_003:float64,float64
[2022-12-15 01:51:28,606 ] 88 root - INFO - Hypothesis az_004:float64,float64
[2022-12-15 01:51:28,616 ] 88 root - INFO - Hypothesis az_005:float64,float64
[2022-12-15 01:51:28,627 ] 88 root - INFO - Hypothesis az_006:float64,float64
[2022-12-15 01:51:28,668 ] 88 root - INFO - Hypothesis az_007:float64,float64
[2022-12-15 01:51:28,705 ] 88 root - INFO - Hypothesis az_008:float64,float64
[2022-12-15 01:51:28,741 ] 88 root - INFO - Hypothesis az_009:float64,float64
[2022-12-15 01:51:28,777 ] 88 root - INFO - Hypothesis ba_000:float64,float64
[2022-12-15 01:51:28,787 ] 88 root - INFO - Hypothesis ba_001:float64,float64
[2022-12-15 01:51:28,797 ] 88 root - INFO - Hypothesis ba_002:float64,float64
[2022-12-15 01:51:28,808 ] 88 root - INFO - Hypothesis ba_003:float64,float64
[2022-12-15 01:51:28,818 ] 88 root - INFO - Hypothesis ba_004:float64,float64
[2022-12-15 01:51:28,828 ] 88 root - INFO - Hypothesis ba_005:float64,float64
[2022-12-15 01:51:28,838 ] 88 root - INFO - Hypothesis ba_006:float64,float64
[2022-12-15 01:51:28,848 ] 88 root - INFO - Hypothesis ba_007:float64,float64
[2022-12-15 01:51:28,857 ] 88 root - INFO - Hypothesis ba_008:float64,float64
[2022-12-15 01:51:28,898 ] 88 root - INFO - Hypothesis ba_009:float64,float64
[2022-12-15 01:51:28,936 ] 88 root - INFO - Hypothesis bb_000:float64,float64
[2022-12-15 01:51:28,946 ] 88 root - INFO - Hypothesis bc_000:float64,float64
[2022-12-15 01:51:28,985 ] 88 root - INFO - Hypothesis bd_000:float64,float64
[2022-12-15 01:51:28,993 ] 88 root - INFO - Hypothesis be_000:float64,float64
[2022-12-15 01:51:29,003 ] 88 root - INFO - Hypothesis bf_000:float64,float64
[2022-12-15 01:51:29,010 ] 88 root - INFO - Hypothesis bg_000:float64,float64
[2022-12-15 01:51:29,021 ] 88 root - INFO - Hypothesis bh_000:float64,float64
[2022-12-15 01:51:29,031 ] 88 root - INFO - Hypothesis bi_000:float64,float64
[2022-12-15 01:51:29,043 ] 88 root - INFO - Hypothesis bj_000:float64,float64
[2022-12-15 01:51:29,054 ] 88 root - INFO - Hypothesis bs_000:float64,float64
[2022-12-15 01:51:29,065 ] 88 root - INFO - Hypothesis bt_000:float64,float64
[2022-12-15 01:51:29,076 ] 88 root - INFO - Hypothesis bu_000:float64,float64
[2022-12-15 01:51:29,086 ] 88 root - INFO - Hypothesis bv_000:float64,float64
[2022-12-15 01:51:29,096 ] 88 root - INFO - Hypothesis bx_000:float64,float64
[2022-12-15 01:51:29,107 ] 88 root - INFO - Hypothesis by_000:float64,float64
[2022-12-15 01:51:29,117 ] 88 root - INFO - Hypothesis bz_000:float64,float64
[2022-12-15 01:51:29,126 ] 88 root - INFO - Hypothesis ca_000:float64,float64
[2022-12-15 01:51:29,137 ] 88 root - INFO - Hypothesis cb_000:float64,float64
[2022-12-15 01:51:29,148 ] 88 root - INFO - Hypothesis cc_000:float64,float64
[2022-12-15 01:51:29,159 ] 88 root - INFO - Hypothesis cd_000:float64,float64
[2022-12-15 01:51:29,194 ] 88 root - INFO - Hypothesis ce_000:float64,float64
[2022-12-15 01:51:29,204 ] 88 root - INFO - Hypothesis ci_000:float64,float64
[2022-12-15 01:51:29,214 ] 88 root - INFO - Hypothesis cj_000:float64,float64
[2022-12-15 01:51:29,251 ] 88 root - INFO - Hypothesis ck_000:float64,float64
[2022-12-15 01:51:29,262 ] 88 root - INFO - Hypothesis cl_000:float64,float64
[2022-12-15 01:51:29,268 ] 88 root - INFO - Hypothesis cm_000:float64,float64
[2022-12-15 01:51:29,275 ] 88 root - INFO - Hypothesis cn_000:float64,float64
[2022-12-15 01:51:29,311 ] 88 root - INFO - Hypothesis cn_001:float64,float64
[2022-12-15 01:51:29,356 ] 88 root - INFO - Hypothesis cn_002:float64,float64
[2022-12-15 01:51:29,364 ] 88 root - INFO - Hypothesis cn_003:float64,float64
[2022-12-15 01:51:29,375 ] 88 root - INFO - Hypothesis cn_004:float64,float64
[2022-12-15 01:51:29,386 ] 88 root - INFO - Hypothesis cn_005:float64,float64
[2022-12-15 01:51:29,396 ] 88 root - INFO - Hypothesis cn_006:float64,float64
[2022-12-15 01:51:29,406 ] 88 root - INFO - Hypothesis cn_007:float64,float64
[2022-12-15 01:51:29,416 ] 88 root - INFO - Hypothesis cn_008:float64,float64
[2022-12-15 01:51:29,425 ] 88 root - INFO - Hypothesis cn_009:float64,float64
[2022-12-15 01:51:29,465 ] 88 root - INFO - Hypothesis cp_000:float64,float64
[2022-12-15 01:51:29,505 ] 88 root - INFO - Hypothesis cq_000:float64,float64
[2022-12-15 01:51:29,515 ] 88 root - INFO - Hypothesis cs_000:float64,float64
[2022-12-15 01:51:29,525 ] 88 root - INFO - Hypothesis cs_001:float64,float64
[2022-12-15 01:51:29,534 ] 88 root - INFO - Hypothesis cs_002:float64,float64
[2022-12-15 01:51:29,544 ] 88 root - INFO - Hypothesis cs_003:float64,float64
[2022-12-15 01:51:29,554 ] 88 root - INFO - Hypothesis cs_004:float64,float64
[2022-12-15 01:51:29,564 ] 88 root - INFO - Hypothesis cs_005:float64,float64
[2022-12-15 01:51:29,575 ] 88 root - INFO - Hypothesis cs_006:float64,float64
[2022-12-15 01:51:29,585 ] 88 root - INFO - Hypothesis cs_007:float64,float64
[2022-12-15 01:51:29,596 ] 88 root - INFO - Hypothesis cs_008:float64,float64
[2022-12-15 01:51:29,635 ] 88 root - INFO - Hypothesis cs_009:float64,float64
[2022-12-15 01:51:29,671 ] 88 root - INFO - Hypothesis dd_000:float64,float64
[2022-12-15 01:51:29,681 ] 88 root - INFO - Hypothesis de_000:float64,float64
[2022-12-15 01:51:29,689 ] 88 root - INFO - Hypothesis df_000:float64,float64
[2022-12-15 01:51:29,725 ] 88 root - INFO - Hypothesis dg_000:float64,float64
[2022-12-15 01:51:29,761 ] 88 root - INFO - Hypothesis dh_000:float64,float64
[2022-12-15 01:51:29,766 ] 88 root - INFO - Hypothesis di_000:float64,float64
[2022-12-15 01:51:29,804 ] 88 root - INFO - Hypothesis dj_000:float64,float64
[2022-12-15 01:51:29,840 ] 88 root - INFO - Hypothesis dk_000:float64,float64
[2022-12-15 01:51:29,876 ] 88 root - INFO - Hypothesis dl_000:float64,float64
[2022-12-15 01:51:29,912 ] 88 root - INFO - Hypothesis dm_000:float64,float64
[2022-12-15 01:51:29,948 ] 88 root - INFO - Hypothesis dn_000:float64,float64
[2022-12-15 01:51:29,958 ] 88 root - INFO - Hypothesis do_000:float64,float64
[2022-12-15 01:51:29,967 ] 88 root - INFO - Hypothesis dp_000:float64,float64
[2022-12-15 01:51:29,976 ] 88 root - INFO - Hypothesis dq_000:float64,float64
[2022-12-15 01:51:30,014 ] 88 root - INFO - Hypothesis dr_000:float64,float64
[2022-12-15 01:51:30,052 ] 88 root - INFO - Hypothesis ds_000:float64,float64
[2022-12-15 01:51:30,063 ] 88 root - INFO - Hypothesis dt_000:float64,float64
[2022-12-15 01:51:30,073 ] 88 root - INFO - Hypothesis du_000:float64,float64
[2022-12-15 01:51:30,083 ] 88 root - INFO - Hypothesis dv_000:float64,float64
[2022-12-15 01:51:30,093 ] 88 root - INFO - Hypothesis dx_000:float64,float64
[2022-12-15 01:51:30,132 ] 88 root - INFO - Hypothesis dy_000:float64,float64
[2022-12-15 01:51:30,170 ] 88 root - INFO - Hypothesis dz_000:float64,float64
[2022-12-15 01:51:30,205 ] 88 root - INFO - Hypothesis ea_000:float64,float64
[2022-12-15 01:51:30,241 ] 88 root - INFO - Hypothesis eb_000:float64,float64
[2022-12-15 01:51:30,250 ] 88 root - INFO - Hypothesis ec_00:float64,float64
[2022-12-15 01:51:30,260 ] 88 root - INFO - Hypothesis ed_000:float64,float64
[2022-12-15 01:51:30,268 ] 88 root - INFO - Hypothesis ee_000:float64,float64
[2022-12-15 01:51:30,279 ] 88 root - INFO - Hypothesis ee_001:float64,float64
[2022-12-15 01:51:30,290 ] 88 root - INFO - Hypothesis ee_002:float64,float64
[2022-12-15 01:51:30,301 ] 88 root - INFO - Hypothesis ee_003:float64,float64
[2022-12-15 01:51:30,311 ] 88 root - INFO - Hypothesis ee_004:float64,float64
[2022-12-15 01:51:30,322 ] 88 root - INFO - Hypothesis ee_005:float64,float64
[2022-12-15 01:51:30,333 ] 88 root - INFO - Hypothesis ee_006:float64,float64
[2022-12-15 01:51:30,343 ] 88 root - INFO - Hypothesis ee_007:float64,float64
[2022-12-15 01:51:30,353 ] 88 root - INFO - Hypothesis ee_008:float64,float64
[2022-12-15 01:51:30,363 ] 88 root - INFO - Hypothesis ee_009:float64,float64
[2022-12-15 01:51:30,371 ] 88 root - INFO - Hypothesis ef_000:float64,float64
[2022-12-15 01:51:30,406 ] 88 root - INFO - Hypothesis eg_000:float64,float64
[2022-12-15 01:51:30,443 ] 151 root - INFO - As all column are available in test df hence detecting data frame
[2022-12-15 01:51:30,443 ] 88 root - INFO - Hypothesis class:object,object
[2022-12-15 01:51:30,517 ] 88 root - INFO - Hypothesis aa_000:float64,float64
[2022-12-15 01:51:30,524 ] 88 root - INFO - Hypothesis ac_000:float64,float64
[2022-12-15 01:51:30,529 ] 88 root - INFO - Hypothesis ae_000:float64,float64
[2022-12-15 01:51:30,545 ] 88 root - INFO - Hypothesis af_000:float64,float64
[2022-12-15 01:51:30,560 ] 88 root - INFO - Hypothesis ag_000:float64,float64
[2022-12-15 01:51:30,576 ] 88 root - INFO - Hypothesis ag_001:float64,float64
[2022-12-15 01:51:30,591 ] 88 root - INFO - Hypothesis ag_002:float64,float64
[2022-12-15 01:51:30,594 ] 88 root - INFO - Hypothesis ag_003:float64,float64
[2022-12-15 01:51:30,599 ] 88 root - INFO - Hypothesis ag_004:float64,float64
[2022-12-15 01:51:30,605 ] 88 root - INFO - Hypothesis ag_005:float64,float64
[2022-12-15 01:51:30,612 ] 88 root - INFO - Hypothesis ag_006:float64,float64
[2022-12-15 01:51:30,619 ] 88 root - INFO - Hypothesis ag_007:float64,float64
[2022-12-15 01:51:30,626 ] 88 root - INFO - Hypothesis ag_008:float64,float64
[2022-12-15 01:51:30,631 ] 88 root - INFO - Hypothesis ag_009:float64,float64
[2022-12-15 01:51:30,636 ] 88 root - INFO - Hypothesis ah_000:float64,float64
[2022-12-15 01:51:30,643 ] 88 root - INFO - Hypothesis ai_000:float64,float64
[2022-12-15 01:51:30,647 ] 88 root - INFO - Hypothesis aj_000:float64,float64
[2022-12-15 01:51:30,651 ] 88 root - INFO - Hypothesis ak_000:float64,float64
[2022-12-15 01:51:30,654 ] 88 root - INFO - Hypothesis al_000:float64,float64
[2022-12-15 01:51:30,659 ] 88 root - INFO - Hypothesis am_0:float64,float64
[2022-12-15 01:51:30,664 ] 88 root - INFO - Hypothesis an_000:float64,float64
[2022-12-15 01:51:30,671 ] 88 root - INFO - Hypothesis ao_000:float64,float64
[2022-12-15 01:51:30,678 ] 88 root - INFO - Hypothesis ap_000:float64,float64
[2022-12-15 01:51:30,685 ] 88 root - INFO - Hypothesis aq_000:float64,float64
[2022-12-15 01:51:30,692 ] 88 root - INFO - Hypothesis ar_000:float64,float64
[2022-12-15 01:51:30,707 ] 88 root - INFO - Hypothesis as_000:float64,float64
[2022-12-15 01:51:30,722 ] 88 root - INFO - Hypothesis at_000:float64,float64
[2022-12-15 01:51:30,738 ] 88 root - INFO - Hypothesis au_000:float64,float64
[2022-12-15 01:51:30,752 ] 88 root - INFO - Hypothesis av_000:float64,float64
[2022-12-15 01:51:30,758 ] 88 root - INFO - Hypothesis ax_000:float64,float64
[2022-12-15 01:51:30,763 ] 88 root - INFO - Hypothesis ay_000:float64,float64
[2022-12-15 01:51:30,778 ] 88 root - INFO - Hypothesis ay_001:float64,float64
[2022-12-15 01:51:30,793 ] 88 root - INFO - Hypothesis ay_002:float64,float64
[2022-12-15 01:51:30,808 ] 88 root - INFO - Hypothesis ay_003:float64,float64
[2022-12-15 01:51:30,823 ] 88 root - INFO - Hypothesis ay_004:float64,float64
[2022-12-15 01:51:30,838 ] 88 root - INFO - Hypothesis ay_005:float64,float64
[2022-12-15 01:51:30,843 ] 88 root - INFO - Hypothesis ay_006:float64,float64
[2022-12-15 01:51:30,849 ] 88 root - INFO - Hypothesis ay_007:float64,float64
[2022-12-15 01:51:30,856 ] 88 root - INFO - Hypothesis ay_008:float64,float64
[2022-12-15 01:51:30,863 ] 88 root - INFO - Hypothesis ay_009:float64,float64
[2022-12-15 01:51:30,877 ] 88 root - INFO - Hypothesis az_000:float64,float64
[2022-12-15 01:51:30,884 ] 88 root - INFO - Hypothesis az_001:float64,float64
[2022-12-15 01:51:30,890 ] 88 root - INFO - Hypothesis az_002:float64,float64
[2022-12-15 01:51:30,897 ] 88 root - INFO - Hypothesis az_003:float64,float64
[2022-12-15 01:51:30,903 ] 88 root - INFO - Hypothesis az_004:float64,float64
[2022-12-15 01:51:30,910 ] 88 root - INFO - Hypothesis az_005:float64,float64
[2022-12-15 01:51:30,917 ] 88 root - INFO - Hypothesis az_006:float64,float64
[2022-12-15 01:51:30,923 ] 88 root - INFO - Hypothesis az_007:float64,float64
[2022-12-15 01:51:30,927 ] 88 root - INFO - Hypothesis az_008:float64,float64
[2022-12-15 01:51:30,942 ] 88 root - INFO - Hypothesis az_009:float64,float64
[2022-12-15 01:51:30,958 ] 88 root - INFO - Hypothesis ba_000:float64,float64
[2022-12-15 01:51:30,965 ] 88 root - INFO - Hypothesis ba_001:float64,float64
[2022-12-15 01:51:30,972 ] 88 root - INFO - Hypothesis ba_002:float64,float64
[2022-12-15 01:51:30,980 ] 88 root - INFO - Hypothesis ba_003:float64,float64
[2022-12-15 01:51:30,987 ] 88 root - INFO - Hypothesis ba_004:float64,float64
[2022-12-15 01:51:30,994 ] 88 root - INFO - Hypothesis ba_005:float64,float64
[2022-12-15 01:51:31,001 ] 88 root - INFO - Hypothesis ba_006:float64,float64
[2022-12-15 01:51:31,008 ] 88 root - INFO - Hypothesis ba_007:float64,float64
[2022-12-15 01:51:31,014 ] 88 root - INFO - Hypothesis ba_008:float64,float64
[2022-12-15 01:51:31,020 ] 88 root - INFO - Hypothesis ba_009:float64,float64
[2022-12-15 01:51:31,028 ] 88 root - INFO - Hypothesis bb_000:float64,float64
[2022-12-15 01:51:31,035 ] 88 root - INFO - Hypothesis bc_000:float64,float64
[2022-12-15 01:51:31,040 ] 88 root - INFO - Hypothesis bd_000:float64,float64
[2022-12-15 01:51:31,046 ] 88 root - INFO - Hypothesis be_000:float64,float64
[2022-12-15 01:51:31,052 ] 88 root - INFO - Hypothesis bf_000:float64,float64
[2022-12-15 01:51:31,057 ] 88 root - INFO - Hypothesis bg_000:float64,float64
[2022-12-15 01:51:31,064 ] 88 root - INFO - Hypothesis bh_000:float64,float64
[2022-12-15 01:51:31,071 ] 88 root - INFO - Hypothesis bi_000:float64,float64
[2022-12-15 01:51:31,078 ] 88 root - INFO - Hypothesis bj_000:float64,float64
[2022-12-15 01:51:31,085 ] 88 root - INFO - Hypothesis bs_000:float64,float64
[2022-12-15 01:51:31,092 ] 88 root - INFO - Hypothesis bt_000:float64,float64
[2022-12-15 01:51:31,099 ] 88 root - INFO - Hypothesis bu_000:float64,float64
[2022-12-15 01:51:31,106 ] 88 root - INFO - Hypothesis bv_000:float64,float64
[2022-12-15 01:51:31,113 ] 88 root - INFO - Hypothesis bx_000:float64,float64
[2022-12-15 01:51:31,120 ] 88 root - INFO - Hypothesis by_000:float64,float64
[2022-12-15 01:51:31,126 ] 88 root - INFO - Hypothesis bz_000:float64,float64
[2022-12-15 01:51:31,132 ] 88 root - INFO - Hypothesis ca_000:float64,float64
[2022-12-15 01:51:31,139 ] 88 root - INFO - Hypothesis cb_000:float64,float64
[2022-12-15 01:51:31,146 ] 88 root - INFO - Hypothesis cc_000:float64,float64
[2022-12-15 01:51:31,153 ] 88 root - INFO - Hypothesis cd_000:float64,float64
[2022-12-15 01:51:31,168 ] 88 root - INFO - Hypothesis ce_000:float64,float64
[2022-12-15 01:51:31,174 ] 88 root - INFO - Hypothesis ci_000:float64,float64
[2022-12-15 01:51:31,181 ] 88 root - INFO - Hypothesis cj_000:float64,float64
[2022-12-15 01:51:31,185 ] 88 root - INFO - Hypothesis ck_000:float64,float64
[2022-12-15 01:51:31,192 ] 88 root - INFO - Hypothesis cl_000:float64,float64
[2022-12-15 01:51:31,196 ] 88 root - INFO - Hypothesis cm_000:float64,float64
[2022-12-15 01:51:31,201 ] 88 root - INFO - Hypothesis cn_000:float64,float64
[2022-12-15 01:51:31,216 ] 88 root - INFO - Hypothesis cn_001:float64,float64
[2022-12-15 01:51:31,220 ] 88 root - INFO - Hypothesis cn_002:float64,float64
[2022-12-15 01:51:31,225 ] 88 root - INFO - Hypothesis cn_003:float64,float64
[2022-12-15 01:51:31,232 ] 88 root - INFO - Hypothesis cn_004:float64,float64
[2022-12-15 01:51:31,239 ] 88 root - INFO - Hypothesis cn_005:float64,float64
[2022-12-15 01:51:31,246 ] 88 root - INFO - Hypothesis cn_006:float64,float64
[2022-12-15 01:51:31,253 ] 88 root - INFO - Hypothesis cn_007:float64,float64
[2022-12-15 01:51:31,260 ] 88 root - INFO - Hypothesis cn_008:float64,float64
[2022-12-15 01:51:31,265 ] 88 root - INFO - Hypothesis cn_009:float64,float64
[2022-12-15 01:51:31,271 ] 88 root - INFO - Hypothesis cp_000:float64,float64
[2022-12-15 01:51:31,276 ] 88 root - INFO - Hypothesis cq_000:float64,float64
[2022-12-15 01:51:31,284 ] 88 root - INFO - Hypothesis cs_000:float64,float64
[2022-12-15 01:51:31,290 ] 88 root - INFO - Hypothesis cs_001:float64,float64
[2022-12-15 01:51:31,296 ] 88 root - INFO - Hypothesis cs_002:float64,float64
[2022-12-15 01:51:31,303 ] 88 root - INFO - Hypothesis cs_003:float64,float64
[2022-12-15 01:51:31,310 ] 88 root - INFO - Hypothesis cs_004:float64,float64
[2022-12-15 01:51:31,317 ] 88 root - INFO - Hypothesis cs_005:float64,float64
[2022-12-15 01:51:31,325 ] 88 root - INFO - Hypothesis cs_006:float64,float64
[2022-12-15 01:51:31,332 ] 88 root - INFO - Hypothesis cs_007:float64,float64
[2022-12-15 01:51:31,338 ] 88 root - INFO - Hypothesis cs_008:float64,float64
[2022-12-15 01:51:31,344 ] 88 root - INFO - Hypothesis cs_009:float64,float64
[2022-12-15 01:51:31,362 ] 88 root - INFO - Hypothesis dd_000:float64,float64
[2022-12-15 01:51:31,369 ] 88 root - INFO - Hypothesis de_000:float64,float64
[2022-12-15 01:51:31,375 ] 88 root - INFO - Hypothesis df_000:float64,float64
[2022-12-15 01:51:31,378 ] 88 root - INFO - Hypothesis dg_000:float64,float64
[2022-12-15 01:51:31,381 ] 88 root - INFO - Hypothesis dh_000:float64,float64
[2022-12-15 01:51:31,385 ] 88 root - INFO - Hypothesis di_000:float64,float64
[2022-12-15 01:51:31,389 ] 88 root - INFO - Hypothesis dj_000:float64,float64
[2022-12-15 01:51:31,405 ] 88 root - INFO - Hypothesis dk_000:float64,float64
[2022-12-15 01:51:31,408 ] 88 root - INFO - Hypothesis dl_000:float64,float64
[2022-12-15 01:51:31,423 ] 88 root - INFO - Hypothesis dm_000:float64,float64
[2022-12-15 01:51:31,439 ] 88 root - INFO - Hypothesis dn_000:float64,float64
[2022-12-15 01:51:31,446 ] 88 root - INFO - Hypothesis do_000:float64,float64
[2022-12-15 01:51:31,452 ] 88 root - INFO - Hypothesis dp_000:float64,float64
[2022-12-15 01:51:31,458 ] 88 root - INFO - Hypothesis dq_000:float64,float64
[2022-12-15 01:51:31,463 ] 88 root - INFO - Hypothesis dr_000:float64,float64
[2022-12-15 01:51:31,467 ] 88 root - INFO - Hypothesis ds_000:float64,float64
[2022-12-15 01:51:31,474 ] 88 root - INFO - Hypothesis dt_000:float64,float64
[2022-12-15 01:51:31,480 ] 88 root - INFO - Hypothesis du_000:float64,float64
[2022-12-15 01:51:31,487 ] 88 root - INFO - Hypothesis dv_000:float64,float64
[2022-12-15 01:51:31,494 ] 88 root - INFO - Hypothesis dx_000:float64,float64
[2022-12-15 01:51:31,498 ] 88 root - INFO - Hypothesis dy_000:float64,float64
[2022-12-15 01:51:31,503 ] 88 root - INFO - Hypothesis dz_000:float64,float64
[2022-12-15 01:51:31,518 ] 88 root - INFO - Hypothesis ea_000:float64,float64
[2022-12-15 01:51:31,534 ] 88 root - INFO - Hypothesis eb_000:float64,float64
[2022-12-15 01:51:31,539 ] 88 root - INFO - Hypothesis ec_00:float64,float64
[2022-12-15 01:51:31,546 ] 88 root - INFO - Hypothesis ed_000:float64,float64
[2022-12-15 01:51:31,552 ] 88 root - INFO - Hypothesis ee_000:float64,float64
[2022-12-15 01:51:31,559 ] 88 root - INFO - Hypothesis ee_001:float64,float64
[2022-12-15 01:51:31,566 ] 88 root - INFO - Hypothesis ee_002:float64,float64
[2022-12-15 01:51:31,573 ] 88 root - INFO - Hypothesis ee_003:float64,float64
[2022-12-15 01:51:31,580 ] 88 root - INFO - Hypothesis ee_004:float64,float64
[2022-12-15 01:51:31,586 ] 88 root - INFO - Hypothesis ee_005:float64,float64
[2022-12-15 01:51:31,593 ] 88 root - INFO - Hypothesis ee_006:float64,float64
[2022-12-15 01:51:31,600 ] 88 root - INFO - Hypothesis ee_007:float64,float64
[2022-12-15 01:51:31,606 ] 88 root - INFO - Hypothesis ee_008:float64,float64
[2022-12-15 01:51:31,612 ] 88 root - INFO - Hypothesis ee_009:float64,float64
[2022-12-15 01:51:31,617 ] 88 root - INFO - Hypothesis ef_000:float64,float64
[2022-12-15 01:51:31,632 ] 88 root - INFO - Hypothesis eg_000:float64,float64
[2022-12-15 01:51:31,647 ] 155 root - INFO - write report in yaml file
[2022-12-15 01:51:31,716 ] 159 root - INFO - data validation atrifact :DataValidationArtifact(report_file_path=<sensor.entity.config_entity.DataValidationConfig object at 0x7f856186db80>)
[2022-12-15 01:51:31,718 ] 22 root - INFO - >>>>>>>>>>>>>>>>>>>>>>>>>>>>>>>>>>>>>>>> Data Ingestion <<<<<<<<<<<<<<<<<<<<<<<<<<<<<<<<<<<<<<<<
[2022-12-15 01:51:32,594 ] 68 root - INFO - Before resampling in training set input : (28950, 170) Target : (28950,)
[2022-12-15 01:51:37,785 ] 70 root - INFO - After resampling in training set input : (56152, 170) Target : (56152,)
[2022-12-15 01:51:37,785 ] 72 root - INFO - Before resampling in testing set input : (7238, 170) Target : (7238,)
[2022-12-15 01:51:38,327 ] 74 root - INFO - After resampling in testing set input : (14072, 170) Target : (14072,)
[2022-12-15 01:51:38,437 ] 55 root - INFO - Entered the save_object method of mainutils class
[2022-12-15 01:51:38,441 ] 59 root - INFO - Exited the save_object of mainutils class
[2022-12-15 01:51:38,441 ] 55 root - INFO - Entered the save_object method of mainutils class
[2022-12-15 01:51:38,441 ] 59 root - INFO - Exited the save_object of mainutils class
[2022-12-15 01:51:38,441 ] 106 root - INFO - Data transformation object DataTransformationArtifact(transform_object_path='/config/workspace/artifact/12152022_015107/data_transformation/transformer/transform.pkl', transformed_train_path='/config/workspace/artifact/12152022_015107/data_transformation/transformed/train.npz', transformed_test_path='/config/workspace/artifact/12152022_015107/data_transformation/transformed/test.npz', target_encoder_path='/config/workspace/artifact/12152022_015107/data_transformation/target_encoder/target_encoder.pkl')
[2022-12-15 01:51:38,442 ] 40 root - INFO - loading train test array
[2022-12-15 01:51:38,471 ] 44 root - INFO - Splitting input and target feature from both train and test array
[2022-12-15 01:51:38,471 ] 48 root - INFO - Train the model
[2022-12-15 01:51:47,712 ] 51 root - INFO - Calculating f1 train score
[2022-12-15 01:51:47,760 ] 56 root - INFO - Calculating f1 test score
[2022-12-15 01:51:47,778 ] 62 root - INFO - train_score:0.9999821908781678 and test_score :0.9694011365292147
[2022-12-15 01:51:47,778 ] 63 root - INFO - Checking if our model is underfitting  or not
[2022-12-15 01:51:47,778 ] 67 root - INFO - Checking if our model is overfitting or not
[2022-12-15 01:51:47,778 ] 75 root - INFO - Saving model object
[2022-12-15 01:51:47,778 ] 55 root - INFO - Entered the save_object method of mainutils class
[2022-12-15 01:51:47,783 ] 59 root - INFO - Exited the save_object of mainutils class
[2022-12-15 01:51:47,783 ] 80 root - INFO - Preparing the artifact
[2022-12-15 01:51:47,783 ] 84 root - INFO - Model trainer artifact:ModelTrainerArtifact(model_path='/config/workspace/artifact/12152022_015107/model_trainer/model/model.pkl', f1_train_score=0.9999821908781678, f1_test_score=0.9694011365292147)
[2022-12-15 01:51:47,783 ] 23 root - INFO - >>>>>>>>>>>>>>>>>>>>>>>>>>>>>>>>>>>>>>>>  Model Evaluation <<<<<<<<<<<<<<<<<<<<<<<<<<<<<<<<<<<<<<<<
[2022-12-15 01:51:47,784 ] 39 root - INFO - if saved model folder has model the we will compare which model is best trained or the model from saved model folder
[2022-12-15 01:51:47,784 ] 50 root - INFO - finding location of transformer model and target encoder
[2022-12-15 01:51:47,784 ] 56 root - INFO - Previous trained objects of transformer model and target encoder
[2022-12-15 01:51:47,789 ] 62 root - INFO - currently trained objects of transformer model and target encoder
[2022-12-15 01:51:47,905 ] 71 root - INFO - accuracy using previous trained model
[2022-12-15 01:51:47,940 ] 82 root - INFO - accuracy using previous trained model:0.8
[2022-12-15 01:51:47,940 ] 83 root - INFO - accuracy using curent trained model
[2022-12-15 01:51:47,976 ] 94 root - INFO - accuracy using curent trained model:0.8
[2022-12-15 01:51:47,976 ] 96 root - INFO - Current trained model is not better than previous model
